9UwHrHA0m13Y5gFNR07OQlaqxbT+5oRj+Ze6stFbIx+00f6rovxyydR8wawLwEpgtNTZuznl5D1mfN0xZ9qzhaw/vjT6n4KIcFLokE8n0TdMhdKVagEBMS8Om6Wc0r/vDKYBscgK50kImVsI6q/Lneb79zoJDjXuKuzBU3wekFCYbn0Ei8imWn5fYxhIAeljW5SPpLTd
ot9wnc8/HcsoSdrrlYbLUs1T7/sBH7NKCn8zW3ks4YK3FVT1XC6kQPvlVDb6tqFHPRM0atQuk8+6ib8zqs7aue7aSIwsWh9RjZWka2YP6oeNw7ew/88sBEMtROhViyjsy1twh18C+pnX/87VA+BJSHlc8hJl+QyILNIQ4Ol+K25KiMYBJ1KY9zVBM/q7vrTb
Gmf/RFGwLhAJx3Yuca//LwDMGXeWwH8TBFOMeIzDnxdsI8KUk56zNBLNAwJ4s7RFzIHizMC6NOlIF9Vd/fOJNFPVpZBW3RHhRPLExBMpJAIHDyPj9T8kvgyyMwuShY/HErIaXea2mBi0Bv9V5dlU3x4z6qPFbyfkp9MMQOuh9Jxtd2iIQ7cgk0femh0/M77h+1zJ7LFw4sa9ZaxMBN4gFFEC64pC5BaVvw54810Nw07DgrT/
RP2hsGI+Ir24i/zrTA/UJBElJB5eNMTxqeYDIph6EXyxMSboY53VAP6vmLD3YoH7ruA6c/ZUGeqQjKFcgSpF50CntvgeKEgqXn8oEw1pQKSF+b6oDYs8eKWJAESquf3iqN38ssAtx6mxq5e2TxOWpCm2IZxlV+lbB+gzEszhjaCmXyIvz7W5tMI=
Fq9TcVcY6htHEG8mTIhxmgUUHjo8Ds1vGtw9SLOjqpBTKXg9VSMrE5xyPVxd+eJYB+xIgGJXfACzKu3bgug+Y9IMZaosVEXMBaIph+xvcgg6EFQqQkcM48mh7MTpcTo46VOAONnRJFSusdHCxJW4AiTVWykt0/MGi9t6hAW+JYxBjxWbu7BXgkhpYUAKF2Zf642ltN4=
UtWIAlhFZcptNR7+XNG8DwUUHjo8Ds1vGtw9SLOjqpBTOHAzUywqQZxyPVxd+eJYB+1IgGJXfACzKu3bgug+Y9IMZaosVEXMBaIph+xvcgg6EFQqQkcM48mh7MTpcTo46VOAONnRJFSusdHCxJW4AiTVWykt0/MGi9t6hAW+JYxBjxWbu7BXgkhpYUAKF2Zf642ltN4=
oYTvRlrnUjY6fd4ARVXAHpaNYA5p1FndVdiVkUE2zXvWEs8hQWwiOgB2iZ+6RL/uf++FghYgabTd9frReDpxfFHxhmjDVjQAnu84MFci4ftOIFrzVpQ56vBMQdwhamXnYOfWeP7oaCp+v8iTbSlgpKW5HijtS1x4hUmgxMp5HeLInVwyYG2nqVFrNzbv03akSfbBHMUXyVvnqFOSbCGtoIafwq+v9Zm04g==
eJ3VSH2sqlKlLTPBSQpoP9io4uyDTuufWLTSbjQYApSX6eSw/w31AYSSxCRTSaSiQS8gw7WfpN5MUjNrUmUPZ9KSGn0mFhj4dGb/taW51H9eE+qDhc+nhOczDCArQXQ8rVdoqIMXoHOHvpr9f1M+Qbt8yczx0GKm/YWsLMQ+oLSRIuuqgkSWdX9ueBMdbUPug6K03w==
SOneYmHgb/8/Zz3MMN5pEiIrIvp3FH0iOF+5Xw0pBz3pj0QQS1E35oieKhEomuH8IVF2qLNwxADuz8hwJ4IRe96AirMGtCnq4KyRnHGK9WfQB2Y4zghYKk5f+NPdydAkNVlOaD2rTHiVafCEGtmNYjg9LHKQTdepoUtH9h9zBiTZVpHcFTfZW/fIA1K8QT0gNv9yb5+VqbTS
zzTQxR6igwcXj78NhSS8OAu5z6Ti7ocw45WkosIcPzy03P7ExJIb091r2KQ09mcH/JiL6WCB8SFsFPAEY9mGi7c9vjT6n4KIcFLokE8n0TdMhdKVagEBMS8Om6Wc0r/vDKYBscgK50kImVsI6q/Lneb79zoJDjXuKuzBU3wekFCYbn0Ei8imWn5fYxhIAeljW5SPpLTd
5OTJIywGEx207TlLtii0xDFPwX8l2d99kd/s8Mzr8TRFJbKxQMpZPPlhHsiLYswA5t/wkM+ySTtmUGITnsShamgcCfzZWg2niHdOGDYYUCpGTwDz9bmI5M2J5gilG8T4HRloJPIJNSJgDcSSqF3fqalbf5Z3Q97kYQb5fI3HUdt/eJuyFBFFYO4PWk/nhaG02g==
9VAiChcvqozR3mEgQ3YcZCJ6APihBX8KLH8pfQjH9Fk0SgT8YxHEunA2INuFh8SGfIrzs+I9b/9iCprllo54oMS+P22V4bRnbgvqm7XXx9zX68z4mxkUpB3P6DAzj8ArN2ZaJU8LXlmLZMnUwcgC/s1dbPR0ZsAsIbprMjLc9i3PtrjLLTUj9rO6tMc=
QXxKTqQBZA2vCaCeJNB7wgRUysQIR2xiMwCTfauy0x3mRvHw+NuwftoB4ILUPQZRXsCZrc1dR2SsIK+bzCImYVcSzUGiIKlw6FNw4Oy3uN9KGK0xqs1Bwdq4etdNUCyXpwmsrQREaoYOWZE/zZUrufyJ7pZXTBd90HClvEPA6ANeqAEup0voDEyr0NjPigbAh8T3xsPXZitAoJgEHqoIU65L++VmlAMVyDArx6oYcwUmnNxVu1KOkQqqBoHRaSeHUS65XzCUb1pXRMNbPzsRpJUKug2LEABT1HfJGe+0lA==
B2CCM61+9VZyvNa95BRXpdSp7uGaD6LXR6OLY3hHXsaV8KWw/w31AYSSxCRTSaSiRi4gw7WfpN5MUjNrUmUPZ9KSGn0mFhj4dGb/taW51H9eE+qDhc+nhOczDCArQXQ8rVdoqIMXoHOHvpr9f1M+Qbt8yczx0GKm/YWsLMQ+oLSRIuuqgkSWdX9ueBMdbUPug6K03w==
SzRgypMX9DlLXQ9iZO1VdsW+ACTZBaSjeL9LPyUlVmuCHusZqyoR//O6Tls0j7NexT4qK1ycXU2fJGPKVd1TMIe8txWs+GkKPPvvrzHZwofqdR8kCYtlXOK+IayOmvmZtIoEvONRxHr0diGbBUfExvzK83Ni/W+/4sqaJRbOeGBEfj8tFaG0p+5L6ts1F8ecV6vMOBvZFOSdD+jws8/A67emWmXPS16ZCyTJlEEIAr5NHWw09KbAbKF6a/KynPbtT3a4i611IzYz+rSH
vHdTQwljB3FkL2gAypO1tNgtIfvaxIohOxikTx4jNiNDat/q3TkcrmkuJP+phKVxEQTNHZBqKbxpga6I20w9AZb/IFB/0tm7lvAyU64ksWp4PPk8iTq9JxjXPljm+GAqdq/Qs4UZGGR96bbIVTvU+A35WGSiqcWi8G10Unh9r6lZey/Wx6NOZBGmKby9p0Hbb1jr8sTx9eB+r6qPt+WRtOo=
RU8IyMAzJbOMMcnLPqIpgNXtlD4c5W3LJvzuAd8AuF8SKzIjR2LT+sEh+I4NFtjP5UxhMVXMAW0sko3czRkyGFfEuYESd6zA40p9WzKIjqPibHWqPHQ1DPUCWQd8zyJI6vBkKnKn3KOZAXxEmdHK+JlzkDjJsRSUHtFhQlT16ML09Ssp3fOjRls76gS1XpXMcW8Fm6uQp8I4yZHAmre2n7vtlbTu
h/HEWsgqjow0b42kk4Kbr1I2VOOgj3PgN5F2d4lUvj3bjamzo8TkTnZGm3EWlphtO2re8IEmeuzxu3g0tGaHV7yoZthhsRERLEQQlONJJlv3TZ7E+u+ieLACSADPt7HnjLWypWoxYQHv3vs1HEIfv8xWIcHI+sc5SEn7mGo/K82myxcKCT7V3mq8IcP8jjCA2B5d9Iu4hqq+D8OIyJGJs5uk75S07Q==
pr580cbdFLbKfWNci+EcZRMvgsF8EX7Bd6McCPwRzTTCVwgvMCNFZsnyuxXqnh/i4qf/aAMRt+hbhRbmXwyfLchQDQB7wdCz9ogZ/i+L4Pw0S7jIlwpe0K9kT/bLl+57WMBwdOaq8CNGK+O17tQLJXCQA9fymCsVTnykpbOSBkESiq4x6WkfN/kOoQ+41GcqryQrS+e7ybS9qgI9g9CIg8yXoemXtOw=
rRft/iE66bcA8/IGpIwFEbWuA7/LpuLgmzrbi7KGoFYBxcz636ttKGns910sdmSIK900XsOpoU8taxRCJPbTh+oxX9saVloxfiLoJFwC35ldrcQDVhfqj527l5gPF2xME5WkAOUTqGRbo9AvL1o6UQfHrr0z+ElAaSTSOpUhTMB8avAIWear5tpwZqlXClg/5XlTkoumtNM=
6UKcS1seJBHWqk81S5oqyH11ehWZHWHPIWqi16PY8QVHV2IV3f2qHmtsizXUAEGhiE6kGzpYBeY7a9SEiLs0oMPKivijVLPOvzd648SQvJzSqsTLint/LXp0fx2MoA//Jlh/fcKMGN2HchJZDlpimZ3p65+1Xr0XrLRT0hNUp6Mz+52csZp+BXdwHBtQR+2Bo7TY
2lSZgaLi/WFeGOiQ9+qAYl5oA203DWdpdGm2Jn8M/21o0K1KHM4wc1YIuT7Pi8C8lMtYiPcKfhAP5C+2K5fOOzhAkLTGqtDjpquD9c7U62UQEKMX0phLVa78BOWTkuaBsgoO8Qlpf3dZjgFP2NRH6g+kS4sHu+n0HSri/ePQqEMsF8Gpt7TM
XUGPrzJbvzQ8q5ZB2h0/T/SWyoeL6vsDHdu41LRGx/c8SK3/bpHR8azkULTjqeY7d+1eJPqP4tgw4ghgz5dxRwzV8oVqESFhb347FRwiX19M9mGhyBoHmcgpO3hqH2ttJivXKgkeFT7qHGHj/G7w4Fi+nRSL2MYKPu+D6MixSRMbxK+0tM0=
DPPOSDzmatvnmVJVupFIyVxoA3w1G2NpdGm2Jn8M/21o0K1MHM4wc1YIuT7Pi8C8lMtYiPcKfhAP5C+2K5fOOzhAkLTGqtDjpquD9c7U62UQEKMX0phLVa78BOWTkuaBsgoO8Qlpf3dZjgFP2NRH6g+kS4sHu+n0HSri/ePQqEMsF8Gpt7TM
vxo6pDZ4wzyylemEJRrwOvSWzJGX9/sDHdu41LRGx/c8SKv/bpHR8azkULTjqeY7d+1eJPqP4tgw4ghgz5dxRwzV8oVqESFhb347FRwiX19M9mGhyBoHmcgpO3hqH2ttJivXKgkeFT7qHGHj/G7w4Fi+nRSL2MYKPu+D6MixSRMbxK+0tM0=
qCbnQ/wJYmy9F8WUrocHEfSWzYeF8vsDHdu41LRGx/c8SKj/bpHR8azkULTjqeY7d+1eJPqP4tgw4ghgz5dxRwzV8oVqESFhb347FRwiX19M9mGhyBoHmcgpO3hqH2ttJivXKgkeFT7qHGHj/G7w4Fi+nRSL2MYKPu+D6MixSRMbxK+0tM0=
hBlgxi0mmSm5zTXGaF6Lger3UKzBuOXljXOVj66A5lABy5ypyaN2O2jr1V0sdmSIK900XsKor08taxRCJPbTh+oxX9saVloxfiLoJFwC35ldrcQDVhfqj527l5gPF2xME5WkAOUTqGRbo9AvL1o6UQfHrr0z+ElAaSTSOpUhTMB8avAIWeer5tpwZqlXClg/5XlTkoumtNM=
amalVIqypCM2v9I7vOOrmCddvfHYjR7lAyr3tbw/wZaY1vjQ/11weqjSRc2RbgxRfNuw0l6JxlEkYkRU85lk8iYdL/PVz2QO7CKzm/I1T7cyohpNxsZYqNSWf8UFaRQvPiPqs+WfZ1RHQ4zQixE07E1naJhjx+AjJ04ajd+D/hHbTMn8kYCidl31LNxkbuBkcRPrmmKU1iXfnvhjvb2DvuOStO8=
txaPCX12hcf0areW62SXtBB7zVqrgwS20wMaYed5HlrKQeQd1LOXFnMg/3T0ivzAxKdhABEx4i8Tw7PUalOkuoWA0k8YF98V3Xye3KTW8wxOn5S0szuX7M8nJJHq7tqZrnrILGx6H3HNNSTLJi/qp81jNxC/7ywkA43ESBWrKMyL+/AnHyL6uZdfTnVDwEloOfxysiXZDKhscpBAqV8rTgooRqFncpjXdeGzWvuetPs=
txaPCX12hcf0areW62SXtBB7zVqrgwS20wMaYed5HlrKQeQd1LOXFnMg/3T0ivzAxKdhABEx4i8Tw7PUalOkuoWA0k8YF98V3Xye3KTW8wxOn5S0szuX7M8nJJHq7tqZrnrILGx6H3HNNSTLJi/qp81jNxC/7ywkA43ESBWrKMyL+/AnHyL6uZdfTnVDwEloOfxysiXZDKhscpBAqV8rTgooRqFncpjXdeGzWvuetPs=
4QD/O1ivH1iA5kYwgzBSI4P9WFGDUuD6DaUSEB9jQwDvcNUjnUBu8a7gVhcjhL5e3wkqHn7XWUKmcHjMVZQ9P9iX9kG78XM5aPv//WmW/qTWHFx/W9M9FrKqJ+adkN7a+Ngfic5xiiquI3jyKVvOnOf/93BX83S94sqaJRbOeGBEfj8tFaG0p+5L6ts1F8ecV6vMOBvZFOSdD+jws8/A67emWmXPS16ZCyTJlEEIAr5NHWw09KbAbKF1a/KynPbtT3a4i611IzYz+rSH
yXp3nfJbWMZ8X9ihvxJiQqMBoUHR6JM01HodidRHMl8I3nCmCYv3i/I/3101HXCzqXr2tJ12LHVF8vE9nJKdAE79FWw9KCczpSFAyrKesvW4h17SZn9m3/cS65TpBFxBqjkh2EcXrVvBYkWKXZcaINje7fQemIk/WsJzxaoPM+kqECpoRwqOsD8kX5YbFx4bqICAFBaqAEO2axPVHlTbRWDQk7cimPu13jy0hWMStmEiyh6R2Wkvl0nOkS8IVDcKv+S767i7mVQtahLd01D4Y7xX0QnntJw=
NEKQ1Wkt1PTkDlQdV75j/yenu0Bop9al6+WNPIx0uNexfv3FzdznQVAXDfZtig1nXVL4mF8OFGHnDWmt3PhoqAN1XmcHceb4OlPaxEC+MLwvC8nbfInKmWoNGT0f4oOJ/P5nAzzqWX0Ixr8FuHWDpIoDU3FWd2+2iYKtYpoAWf8cski8KCIlx0sE/hZOs7s0KC3xj2uYl6i00Q==
3ERMptOajFld9CAlsdrnOD3aZQhjZXMVtzgFLkBZ25+mYSVJHgCqxy0py0ughWeKy4PsKg7HIJOGyOleXwtwXGQLaOiHCk4w/ySfFlsXXpvogECU1qrAw3ZrU1VeVJvFoNBTN+KYOzWePPQFIxJ24eLK3hEZaW8XCc7Rr0hU94p/5Htr+LvZ1G1qUl0TUDjjfFeRiae03A==
n6gx3pInejxP4wnhr6SGCN/4242Yog+Y1FQMv6lj2N23iAxpRuYQl1yK2HQIqlWWytwOnm77Kwzo1eHHC5AncLQJ
I1aYbBQ88zaWoeUfCimE79ApLfPf8Nk7NSXrXwRqVSEQUOPE7CwPvGprYuC/x+9xGRDGPv0zeZpdrLTxrhNnX8r/OUEyz+y/lcU8SKwksWp4PPk8iTq9JxjXPljm+GAqdq/Qs4UZGGR96bbIVTvU+A35WGSiqcWi8G10Unh9r6lZey/Wx6NOZBGmKby9p0fab1jr8sTx9eB+r6qPt+WRtOo=
G6XtNUXCazkGYll/qoXPnPdE6EnXTtczpoJQN9sPkNe7LQHlDVueXajTS1yFWT8WGzMDghUKUvcQtaJz1MesnhrcyOT5sjWSYBH/jBMc6/BU8AOg/dwCpea5zezr6vNTj/pkJz+UETOa+X+jyv7a6U4qCJzM6p+BreVk+wY/6tctM/egH3+s1GNdhHg1uyi8a6swl7+yekn3jw5FY9BJGNmssgKFSYxYDKLQcIlIKj7qeIYRx+IYJxUx82rbjrSL
VQOvIJTZh0Jo2rkcUdXQWeTpGqHnXKYffyfPDA/v2/UJiip6KnRivh1LnsJ9/TI/CHAwMc65UbK7svDkVeZ/ur35qKROkcQOf+bFISu+3BlfmboBlTaHdWq6RSlZMCaI62Zp6AbwaJ2f9BpZofy5J9DQmS1nIQ+xSmADzJnXDl34MECJGKgckzuZT962F1s52lIn0ldy0LBwWFPUZrU6T3q6QLQQ2/zQK0qiSOt0Kz7H9yJz/DB0zDqqLJtC20e9IrQH7RSAR08O2JcNCuyA7T+ySsl2uipJNelDz30+RYd09Ovii7TvU116tSx5uuZ1jzDEi2jnpVHLtLA=
rTp3sSrhmtmHWHMo3KV+S4tWJaTYjI7upNHTzJOA3Vi+rWKowu8IVST4mQtGhEQ+qu7UA5/6icM9asZ0Zsj2qKS1A7DOUWvz+0WZsLeS9q3bx1obZwNVImdvObRzM/2jMEGunNKCpf7D/PPrOzpibDvVEDUMFL86pwTT+4k6YUSFygotW5DwM0Q3+bm/tMQ=
NqvV4nN0S3L5QzQSZBXpDunvkQLpo1JW+D1UKGQlNoCJ1rxBY7anyexi98l+tUY7+FpmQfHnIfnSke4/Z8l2cLrbSnygZoD0b8M5A1zx2pFqBQlFPzpzQby219vcUsn1iE4vvdgtM2xKSyMpdo9/vomKvZq6WCm33Hr45EiatUbKjG6urmsLfGjlAVdL4IegtNk=
jS4SQv8DNj/GErHDmBEFwlal0q/785Ve+Ze6stJdIx+00f7EyZJ0tbMCz61Mhh997sHOv3je7jVhU8kdcvWGi7c9vjT6n4KIcFLokE8n0TdMhdKVagEBMS8Om6Wc0r/vDKYBscgK50kImVsI6q/Lneb79zoJDjXuKuzBU3wekFCYbn0CisimWn5fYxhIAeljW5SPpLTd
G6XtNUXCazkGYll/qoXPnPdE6EnXTtczpoJQN9sPkNe7LQHlDVueXajTS1yFWT8WGzMDghUKUvcQtaJz1MesnhrcyOT5sjWSYBH/jBMc6/BU8AOg/dwCpea5zezr6vNTj/pkJz+UETOa+X+jyv7a6U4qCJzM6p+BreVk+wY/6tctM/egH3+s1GNdhHg1uyi8a6swl7+yekn3jw5FY9BJGNmssgKFSYxYDKLQcIlIKj7qeIYRx+IYJxUx82rbjrSL
ENAHf8RyH1IR0vod/5/49B9RJGtlG4R1EMA7SqatisBebDV5AQIYL/VlNCQtgZhKXqwemD1IaA30E/TKrug+Y9IMZaosVEXMBaIph+xvcgg6EFQqQkcM48mh7MTpcTo46VOAONnRJFSusdHCxJW4AiTVWykt0/MGi9t6hAW+JYxBjxOau7BXgkhpYUAKF2Zf642ltN4=
wVpbkWtBJA7qCysLy0c2+BB7w1Kv3QGxzlRObqgAP3Lwadcy55qXF39hsHOxmeXX2aZhCR544isf/fy/al6p1JiHyzwLB9wQwz/Gz/rFuDhip7mNrReCw/opP5Pq7tqZrnrILGx6H3HNNSTLJi/qp81jNxC/7ywkA43ESBWrKMyL+/AnHyL6uZdfTnVDwEloOfxysiXZDKhscpBAqVgqTgooRqFncpjXdeGzWvuetPs=
5fP1PUzhPyUEsY7cSO5aTtuTgXMGJUWMxlA8sdej/8j0QiFZ/shiu7+NPG8KbqnEuHeLbOu3XIBjTwYfmvW4KEJX+d1NpwJTWln/Q4re2omOioh8jMqf4W1F5BtGH+q37ZN3QF9frLSj/QSYdZso3KsLsHf/knopNy+OpSPwSXgZDDLixWmMOMwCUJDJaCpeKtgG8YfCGEfVkXOKm6606w==
5IiU2aRp+hMZeFoU+5aUZdZmBD9Om9geeL3Cp/v7hWbZb4r6kpXTp9RJbkxJGuQtU7q/5YxOLwXO2d63eNb+LUEr+dWyvfYzV6UuvHoXEhAQ6hhYD2/hz2ydwp1qCREpD/ar7dwaT1dsPpE5SIJ30eghK0AqZ/vlxuPnMgkGJfYKlPGbvFbg6Hj27YsKQDbCHueT0AhJ2Zt7jJ+stNU=
EWlcGkP1vVmvoR7Px0h35ikfg7d6/hliED4MWyvL4NAOT3mBjHjJ3trEDWZhzSvPnMIoDOgyxR9KVJ4GDgNbxKgd0f8riDd4tAE=
93zYAg5h2WlLX1gwVYfFoJwFinpShUtEvq4hDSOE/4nRUkElUpK3nMVBh6C58gJnOILtBiBPQPjTQ6t6c0OPXc7Z4sQ9jr1sqX/aGnOAfyLQGRkAkkdef0MdbbQW
JVTAB7pAfRfF1q7lpj/s3Cgfg7d6/hliED4MWyvL4NAOT3mBjHjJ3trEDWZhzSvPnMIoDOgyxR9KVJ4GDgNbxKgd0f8riDd4tAE=
RFd7fmK/HmuB9P0FTuE9Sysfg7d6/hliED4MWyvL4NAOT3mBjHjJ3trEDWZhzSvPnMIoDOgyxR9KVJ4GDgNbxKgd0f8riDd4tAE=
1ZopBRADpvRPQduxMXy3jikFhbdm5hhiED4MWyvL4NAOT3mBjHjJ3trEDWZhzSvPnMIoDOgyxR9KVJ4GDgNbxKgd0f8riDd4tAE=
mN+MenkXivophMu6PCT9jSkfg7V99BhiED4MWyvL4NAOT3mBjHjJ3trEDWZhzSvPnMIoDOgyxR9KVJ4GDgNbxKgd0f8riDd4tAE=
5dduZvJwIokm8jAZdKrK5CgFhbdm5hhiED4MWyvL4NAOT3mBjHjJ3trEDWZhzSvPnMIoDOgyxR9KVJ4GDgNbxKgd0f8riDd4tAE=
LFYH9iVKni/LJfK/ft+uFysFhbdm5hhiED4MWyvL4NAOT3mBjHjJ3trEDWZhzSvPnMIoDOgyxR9KVJ4GDgNbxKgd0f8riDd4tAE=
PCZFqpv5e8Asg+N+g5Sh1SoFhbdm5hhiED4MWyvL4NAOT3mBjHjJ3trEDWZhzSvPnMIoDOgyxR9KVJ4GDgNbxKgd0f8riDd4tAE=
JbnD7ZyOtNaltEnzVvIKRg+ewy7QctQXm2e4PG6j4S089FFSWkiV6tFhsyP8LnCgWH4dU4oYRko+LwMoyPHJ0xuEL3S0DQ==
wsN+ZEwnPtzFG43eSQxAvw6ewy7QctQXm2e4PG6j4S089FFSWkiV6tFhsyP8LnCgWH4dU4oYRko+LwMoyPHJ0xuEL3S0DQ==
1rqvvFom1rNCeYp2/ZL8cg2ewy7QctQXm2e4PG6j4S089FFSWkiV6tFhsyP8LnCgWH4dU4oYRko+LwMoyPHJ0xuEL3S0DQ==
Mxuj20vNpWZFcLBnqE6Szgyewy7QctQXm2e4PG6j4S089FFSWkiV6tFhsyP8LnCgWH4dU4oYRko+LwMoyPHJ0xuEL3S0DQ==
cRd1gvoJZgP23TZQoGWiCguewy7QctQXm2e4PG6j4S089FFSWkiV6tFhsyP8LnCgWH4dU4oYRko+LwMoyPHJ0xuEL3S0DQ==
iGjcZhHnaOODBh2MUXqlVwqewy7QctQXm2e4PG6j4S089FFSWkiV6tFhsyP8LnCgWH4dU4oYRko+LwMoyPHJ0xuEL3S0DQ==
hfjtjgsVIZwvGdVzyiWfowmewy7QctQXm2e4PG6j4S089FFSWkiV6tFhsyP8LnCgWH4dU4oYRko+LwMoyPHJ0xuEL3S0DQ==
x+uRNkAE1Ss5Vc0R+CgwTAiewy7QctQXm2e4PG6j4S089FFSWkiV6tFhsyP8LnCgWH4dU4oYRko+LwMoyPHJ0xuEL3S0DQ==
fb3V6kXQvGp/KCnXp24qlweewy7QctQXm2e4PG6j4S089FFSWkiV6tFhsyP8LnCgWH4dU4oYRko+LwMoyPHJ0xuEL3S0DQ==
Ol5/wyM9K7vlsuhH6IkHRK/rH6HWo+Lsj2nBga6AokMP5Zz3muYpfEjf6zQ7fxz4U6cmB4r9uBAyfxkFHe/Cq+oxX9saVloxfiLoJFwC35ldrcQDVhfqj527l5gPF2xME5WkAOUTqGRbo9AvL1o6UQfHrr0z+ElAaSTSOpUhTMB8avAIWeGq5tpwZqlXClg/5XlTkoumtNM=
MWqNEpS9U5YzN4SzgQ9l7inn+gc8stG+7/iNeMl7op6ycfvzhJ2mCAleLPkD7hcBLCqHkV5NVjP4Una50b9RsRJZXmcHceb4OlPaxEC+MLwvC8nbfInKmWoNGT0f4oOJ/P5nAzzqWX0Ixr8FuHWDpIoDU3FWd2+2iYKtYpoAWf8cski8KCIlz0oE/hZOs7s0KC3xj2uYl6i00Q==
IG1/qLaRyUbS56hKM5UzdcyYsMMDR5CReUY5ZX4F1lXoEGMKHl1SYDbcvfmJcrDPLdVMZPVRoCp2vBaYNVhA7cxDrApWWGYDevztKqTkrWxd0pFHND8KKNIAXCpKV+TDsfE0BFEBYpgB4wi4USGMNPYBKQKcxYDiDMVTKSXD22azC6LEfQ79bOn/mhozAD8ikJnZAFLHnn+Dna201g==
3QNsB8WjVI2TmalSmrB0kA34bkadtzpqb2luBcBN/hwVOuhxRHgQMJuZr56Wl3v5ulSDHXbyMPDQWPMUBjUaD9q6oPQwW9wQS0oCCAv0y35n90KznLBUjNqqzNtiWyd9QrSnrfQApw+u2PfNKmygrd+y6olWOkqJlenjj52+ZUfU9IsiqzTPE7x6FewZOoa1LzAky4hnhZGrtNA=
HWfjLsknDaPIH1ZWzdLK8VSmdOxHYiD2vidD1J6Mc+C5LFl3zja/ZLHmSTydZ6bazxiLcuQxFeDe78oPlyVxtAo=
hd2o1MuQUjDhbzqrcqglLxkg1ohvMgffWlSluprblPNCbBzL4u8HJPoU/2A1tL0HCn5jRI3uTSz5n+oag6Av4mC56YACpw4/sz19tAY=
EC4PI8D859SCJcRv+0QwmGC0doAe7cQR7ZgfMaObtQV1NA/Q2ZCGBl03rtxlTIYRoZNZVD0QIJudrICwLSDnkMcPEAqhlO9a10RDW7g6kaQVCjoNCxCAU1R3SRlvtBQ=
LN/mxrvboegoH4S170PmSpPKjFYIifd4MjXPYAaO68dmhhLEHU4d7Mm/+hqTwN+isNl5ALIHvv/j3Q20dg==
cYuQvD3mz9z28/jSnQ/oR0XqcONGZCDrpCFDyIaNc+C6Nl930i6+ZLHmSTydZ6bazxiLcuQxFeDe78oPlyVxtAo=
aY+cqgQLjD7jkQqxIhVVUylcxq1u/T1iXGNLEnfA4tJIB3+WjHn/msCRAGJ7xTTfnMIoDOgyxR9KVJ4GDgNbxKgd0f8riDd4tAE=
VqFOIRaCrhDb1HAHof8P3HMe0b5aCk5hjozpAadIz262IBjRw9xEBzvYgFdMmCMLAI1stPQmwOyh/Wpyshz2bU/2uAut9SO2M3q0Bw==
hj2GATHfjvkfuYu2TdirsSV2xk2b+4j06a/ccEo0zdiChEgtaPzTEabQvBWHOA/e1rCYQSNsBPcbyIBHbGhju+Ad7CSUlgCcge1qYpJsNt0vZjibTUVjRhNqtBc=
sQiAVIfCo5d8J6y78YnfR//25tjcRvL536wrVqRRFEVRyqyOsC0jbnDgsbWO2zbMlg+bKhfY0rqIrw8OLAEvssC50BrbXUR3XKoYFIgKFXfKvM4+7htrLOi1IWeLcGdQtCk=
0/IDczAGTZPgK0DzdIw04HWBofLz8dRzd8PEMI9xB3CaXgARDWLH7P7xwwhfVxTqQKxZJngl05tbUCcAIHm/2KpFF2BefnNnrvY6BHXeVcwx70Ka6xDnwnhJ0cDaN3afe21VtC4=
ctcfnG+4EyIfeqV1D3/MNEjY98EPcGDCxXNWsYpCNl1fHH/C3sS4bVuo1IuzXADL9AzTZ6gpDEiskhCgabkqrsrIxkGnkpg3tQEzujt+tBs=
hQIcW5ltxWA4ZzZlpQs1aw22iFZhDsa+uHNEDtsXUvrc+7t612iyKgg/r/5sUc+CwIkwSput5OfcOnikSFo1h8rM7u6uq4u8aCWBF0ugB2C0GQ==
g6Igk3Q7Vot6cMYElq+VIPTNpx7t3DMpoZTwHmIMQ8W9pW07N1Mv1GfGRlntY+UsmfCeBQEgFDmpoGACTZ+QigT0S6JrNI+T/HpVbFk6xjVvMGRLSGdFEWu0EA==
3OGDsHbMa/rcdGD8mlBF020EnqYvsmIkFmdLEnfA4tJIB3+WjHn/msCRAGJ7xTTfnMIoDOgyxR9KVJ4GDgNbxKgd0f8riDd4tAE=
qNhjMixbthO6RoNKSERWwFSmdOxHYiD2pCFDyIaNc+C4Nl930i6+ZLHmSTydZ6bazxiLcuQxFeDe78oPlyVxtAo=
Azr8X9uTtF0ONLZUkHLxCBkg1ohvMgffWlSluprblPNCbBzL+OkHOOIV/2A0rrsHFmZiRI3uTSz5n+oag6Av4mC56YACpw4/sz19tAY=
ZBmlZuggWd5njzkaYQrpbSlfxq1u/T1iXGNLEnfA4tJIB3+WjHn/msCTAGJ7xTTfnMIoDOgyxR9KVJ4GDgNbxKgd0f8riDd4tAE=
VI4+QY/iFYpA+E8HLlEBUnMe0b5aCk5hjozpAadIz262IBjRw9xEBzvYgFVMmCMLAI1stPQmwOyh/Wpyshz2bU/2uAut9SO2M3q0Bw==
vem/fFjvxfWvtc+NPov5YCV2xk2b+4j06a/ccEo0zdiChEgtaPzTEabQvBWHOA/e1rCYQSNsBPcbyIBFbGhju+Ad7CSUlgCcge1qYpJsNt0vZjibTUVjRhNqtBc=
maCxVyDHEhpHkAC6ZYa+w//25tjcRvL536wrVqRRFEVRyqyOsC0jbnDgsbWO2zbMlg+bKhfY0rqIrw8OLAEvssC70BrbXUR3XKoYFIgKFXfKvM4+7htrLOi1IWeLcGdQtCk=
+sh/dQ/5VEXWVADa9Y9UIHWCofLz8dRzd8PEMI9xB3CaXgARDWLH7P7xwwhfVxTqQKxZJngl05tbUCcAIHm/2KpFF2BcfnNnrvY6BHXeVcwx70Ka6xDnwnhJ0cDaN3afe21VtC4=
Dps3YrYZv6Gn9mB1a7cA+kjY98EPcGDCxXNWsYpCNl1fHH/C3sS4bVuo1IuzXADJ9AzTZ6gpDEiskhCgabkqrsrIxkGnkpg3tQEzujt+tBs=
7R8K/PenQJh/pFycY8u4lQ22iFZhDsa+uHNEDtsXUvrc+7t612iyKgg/r/5sUc+CwIswSput5OfcOnikSFo1h8rM7u6uq4u8aCWBF0ugB2C0GQ==
7rNIV4tk8c6L+wkD+dwKvfTNpx7t3DMpoZTwHmIMQ8W9pW07N1Mv1GfGRlntY+UsmfCeBQEgFDmpoGICTZ+QigT0S6JrNI+T/HpVbFk6xjVvMGRLSGdFEWu0EA==
2p4kXLprdbvBBvCxBanXXW0EnqYvsmIkFmdLEnfA4tJIB3+WjHn/msCTAGJ7xTTfnMIoDOgyxR9KVJ4GDgNbxKgd0f8riDd4tAE=
uJ2FEWAN64TV80vTUaG+M82q35eYoS7Znk9Prqxh75LAmhB6W/0El1yK2HQIqlWXytwOnm77Kwzo1eHHC5AncLQJ
cjs48YLi1O228n24T+yvDJPKjFYSj/dkKjTPYAaU7cd6nhPEHU4d7Mm/+hqTwN+isNl5ALIHvv/j3Q20dg==
K7Lefx0+QoX271pCwBY0bkXqcONGZCDrvidD1J6Mc+C6LFl3zja/ZLHmSTydZ6bazxiLcuQxFeDe78oPlyVxtAo=
OMqH1qJylUkGgtpyLnKHIUVuiIZrJ0LfFFj37NTVm/tDYF/A4u8HJPoU/2A2tL0HCn5jRI3uTSz5n+oag6Av4mC56YACpw4/sz19tAY=
hweeW5CTbSdgtAxFFhZbIic+iBnDo+u14PuZeUs8y4iOlUo4f/2HXOaW9hGHOA/e1rCYWyVsGO8ayIBHdm5jp/gc7CSUlgCcge1qYpJsNt0vZjibTUVjRhNqtBc=
iQK2b7w6FiDgbH0igfmUcEYitMN6E/+0V8Y2eT0jNYwJcDSj8Xw82LmgcHh7X/wytXTbAjv037MMemWMCfoWVf+wFKv4J7Uxe7QA
lmb8M776e6mzT9rKnAMYRm0EnqYvsmIkFmdLEnfA4tJIHXmWkGH+msCRGmR72SzenMIoDOgyxR9KVJ4GDgNbxKgd0f8riDd4tAE=
2sS0itcGPp2TDfZrut7lmgyAoZQAYy7OxT1Drc4EfFlfHH/C3sS4d12oyJOyXADL7grTe7AoDEiskhCgabkqrsrIxkGnkpg3tQEzujt+tBs=
pbcoZ+jOQXhvA68lKpufLmCqZqVK99kQpYI1LL6YuBdvA07W1JTAVxElqdcwHIIRoZNZVD0QIJudrICwLSDkkMcPEAqhlO9a10RDW7g6kaQVCjoNCxCAU1R3SRlvtBQ=
KMmwx4jfBunCG2z0qDxXoF9cu0BwAn+f0HznjX5p6vk/mmQI7V6wiNl+Q0pKwLLvk/P7kVAJbX45rCETTMPDRifUypbomdHCgHW2PkA1UnBrjYRaPIYAGLhmTbsKcJZSXpfzgIgZ+au7HH9ctCU=
KWDINMSgJkJJBKyIrg/rXgEowIQiY0vNE1OivNDVm/tDYF/A4u8HJPoU/2A2tL0HCn5jRI3uTSz5n+oag6Av4mC56YACpw4/sz19tAY=
10cF5k2lTaUIGlLR/ctoijA1PTAWrdeqcDou2piXLDoLY5o+nD9zDgfc2s6oQUFK4L1GBkANorgLBRSCfN4QEJgu/UOKCCaafp/jWEhBaSNbVA9ktB0=
I+N0vXZdHLonO95kB6gFg2CpZqVK99kQpYI1LL6YuBdvA07W1JTAVxElqdcwHIIRoZNZVD0QIJudrICwLSDkkMcPEAqhlO9a10RDW7g6kaQVCjoNCxCAU1R3SRlvtBQ=
9+eVkbeekFr1QiGEb7hg9V9cu0BwAn+f0HznjX5p6vk/mWQI7V6wiNl+Q0pKwLLvk/P7kVAJbX45rCETTMPDRifUypbomdHCgHW2PkA1UnBrjYRaPIYAGLhmTbsKcJZSXpfzgIgZ+au7HH9ctCU=
KWDINMSgJkJJBKyIrg/rXgEowIQiY0vNE1OivNDVm/tDYF/A4u8HJPoU/2A2tL0HCn5jRI3uTSz5n+oag6Av4mC56YACpw4/sz19tAY=
zWAjeP+KOc/eOAB5qHi+LUduiIZrJ0LfFFj37NTVm/tDYF/A4u8HJPoU/2A2tL0HCn5jRI3uTSz5n+oag6Av4mC56YACpw4/sz19tAY=
SNCXMx6n0V1xaATO0yOxLl1HvFt3GXiE12fglnl86fc+hXoA6UGmjNFhUQAIhbP4kuC/hVgJPj5/5moAVsPDRifUypbomdHCgHW2PkA1UnBrjYRaPIYAGLhmTbsKcJZSXpfzgIgZ+au7HH9ctCU=
iQK2b7w6FiDgbH0igfmUcEYitMN6E/+0V8Y2eT0jNYwJcDSj8Xw82LmgcHh7X/wytXTbAjv037MMemWMCfoWVf+wFKv4J7Uxe7QA
lmb8M776e6mzT9rKnAMYRm0EnqYvsmIkFmdLEnfA4tJIHXmWkGH+msCRGmR72SzenMIoDOgyxR9KVJ4GDgNbxKgd0f8riDd4tAE=
8bV5D4SRM21H+txsyuDFhYTUJjs3IX9m0zVgH3+Myk778x5dOhT1RzNLmeUKciju8Z+PDlovJkFXKh0WZeOnR/Z4PL3XcC/WxpjY87XkuKdK4IBvJibDL2i0rAyEniDU0UXqysIkFtU/Tngz3c3DDkNCtD8=
hiOMhzd6NOtBcScyH3s8ebwybYZYSZTVzCrWg77Ux7ggpUOyl8jAPeFlA/OsXqf0KT9YT08YbGIMkfXV37/Y6xKIL2yMBYPbC/C3gIrfz4SCpAdgTgRFp0JOi4TlfoUM4c8ymtvwNwIoKUFAKtfG3wtNRbQ+
qi3tJvBc3VnQOFZw6H0h1FQKcIDdzP7BafNBZFXQiAtlDMhANSD84A+vaJoJ1Adqz6QLC0C6KXRdKiJ9I9Dow+wXgSl3tAw=
3f+5/Jn2uT239wUbfaMhYJPKjFYIifd4MjXPYAWO68dmhhLEHU4d7Mm/+hqTwN+isNl5ALIHvv/j3Q20dg==
xlrLwHxaTZE/94Uxs/tv3UXqcONGZCDrpCFDyIaNc+C5Nl930i6+ZLHmSTydZ6bazxiLcuQxFeDe78oPlyVxtAo=
dxa5w48GO04KkWceftQ/hilexq1u/T1iXGNLEnfA4tJIB3+WjHn/msCSAGJ7xTTfnMIoDOgyxR9KVJ4GDgNbxKgd0f8riDd4tAE=
wTVH/D4kzjayQ38Ibz35IHMe0b5aCk5hjozpAadIz262IBjRw9xEBzvYgFRMmCMLAI1stPQmwOyh/Wpyshz2bU/2uAut9SO2M3q0Bw==
EKFa3iJNW+csMQ+hHbFQ4SV2xk2b+4j06a/ccEo0zdiChEgtaPzTEabQvBWHOA/e1rCYQSNsBPcbyIBEbGhju+Ad7CSUlgCcge1qYpJsNt0vZjibTUVjRhNqtBc=
TRI1KRfxkohu1ZFMIZiQXf/25tjcRvL536wrVqRRFEVRyqyOsC0jbnDgsbWO2zbMlg+bKhfY0rqIrw8OLAEvssC60BrbXUR3XKoYFIgKFXfKvM4+7htrLOi1IWeLcGdQtCk=
/PQGC14QfyqinmrK84jdbHWDofLz8dRzd8PEMI9xB3CaXgARDWLH7P7xwwhfVxTqQKxZJngl05tbUCcAIHm/2KpFF2BdfnNnrvY6BHXeVcwx70Ka6xDnwnhJ0cDaN3afe21VtC4=
Z2B52j/ijdeTZ20bvYLwCEjY98EPcGDCxXNWsYpCNl1fHH/C3sS4bVuo1IuzXADI9AzTZ6gpDEiskhCgabkqrsrIxkGnkpg3tQEzujt+tBs=
Q0VtpsTB9iCj+UlBwTgTTjNYmbocCRNhhsC8BadIz262IBjRw9xEBzvYgFRMmCMLAI1stPQmwOyh/Wpyshz2bU/2uAut9SO2M3q0Bw==
6cD+yxKtgviO0u6T+NWWZvTNpx7t3DMpoZTwHmIMQ8W9pW07N1Mv1GfGRlntY+UsmfCeBQEgFDmpoGMCTZ+QigT0S6JrNI+T/HpVbFk6xjVvMGRLSGdFEWu0EA==
UVSaXh3Xgo261KF3nlSacW0EnqYvsmIkFmdLEnfA4tJIB3+WjHn/msCSAGJ7xTTfnMIoDOgyxR9KVJ4GDgNbxKgd0f8riDd4tAE=
Ns9Ui/EUdszSxEaSz5zMi5PKjFYSj/dkKjTPYAWU7cd6nhPEHU4d7Mm/+hqTwN+isNl5ALIHvv/j3Q20dg==
pSCdys6EtM5DmFn3tNU1jkXqcONGZCDrvidD1J6Mc+C5LFl3zja/ZLHmSTydZ6bazxiLcuQxFeDe78oPlyVxtAo=
eNczcB6s7mA5idiHBpzwKEVuiIZrJ0LfFFj37NTVm/tDYF/A4u8HJPoU/2A1tL0HCn5jRI3uTSz5n+oag6Av4mC56YACpw4/sz19tAY=
SLD63tGNhAw1vninfTF6nUYitMN6E/+0V8Y2eT0jNYwJcDSj8Xw82Lmgc3h7X/wytXTbAjv037MMemWMCfoWVf+wFKv4J7Uxe7QA
vX/wTfw2iSpPcrR9RsSWzW0EnqYvsmIkFmdLEnfA4tJIHXmWkGH+msCSGmR72SzenMIoDOgyxR9KVJ4GDgNbxKgd0f8riDd4tAE=
BPkavzgSOiSoy+bljXabuTA0PTEWrdeqcDou2piXLDoLY5o+nD9zDgfc2s6oQUFK4L1GBkAOorgLBRSCfN4QEJgu/UOKCCaafp/jWEhBaSNbVA9ktB0=
hGmWE5WqRK4dffwYVAGIcmCoZqVK99kQpYI1LL6YuBdvA07W1JTAVxElqdcwHIIRoZNZVD0QIJudrICwLSDnkMcPEAqhlO9a10RDW7g6kaQVCjoNCxCAU1R3SRlvtBQ=
pX/PaDbMWRFVdgx1ubLTxF9cu0BwAn+f0HznjX5p6vk/mGQI7V6wiNl+Q0pKwLLvk/P7kVAJbX45rCETTMPDRifUypbomdHCgHW2PkA2UnBrjYRaPIYAGLhmTbsKcJZSXpfzgIgZ+au7HH9ctCU=
frxAma6IXjGKk9bCz8WhIAEowIQiY0vNE1OivNDVm/tDYF/A4u8HJPoU/2A1tL0HCn5jRI3uTSz5n+oag6Av4mC56YACpw4/sz19tAY=
hzq5WxS2SRTOeDxEObcy1UduiIZrJ0LfFFj37NTVm/tDYF/A4u8HJPoU/2A1tL0HCn5jRI3uTSz5n+oag6Av4mC56YACpw4/sz19tAY=
aGJNgO3fuHsmT2ETBMd8+11HvFt3GXiE12fglnl86fc6hXoA6UGmjNFhUQAIhbP4kuC/hVgJPj5/5moAVsPDRifUypbomdHCgHW2PkA2UnBrjYRaPIYAGLhmTbsKcJZSXpfzgIgZ+au7HH9ctCU=
SLD63tGNhAw1vninfTF6nUYitMN6E/+0V8Y2eT0jNYwJcDSj8Xw82Lmgc3h7X/wytXTbAjv037MMemWMCfoWVf+wFKv4J7Uxe7QA
vX/wTfw2iSpPcrR9RsSWzW0EnqYvsmIkFmdLEnfA4tJIHXmWkGH+msCSGmR72SzenMIoDOgyxR9KVJ4GDgNbxKgd0f8riDd4tAE=
yDh5mcRzBVIa1G6If5gqvIPUJjs3IX9m0zVgH3+Myk778x5dOhT1RzNLmeUKcijs8Z+PDlovJkFXKh0WZeOnR/Z4PL3XcC/WxpjY87XkuKdK4IBsJibDL2i0rAyEniDU0UXqysIkFtU/Tngz3c3DDkNCtD8=
Qd8I+NkZ6z5mQlGfDvFWuoPUJjs3IX9m0zVgH3+Myk778x5dOhT1RzNLmeUKcijv8Z+PDlovJkFXKh0WZeOnR/Z4PL3XcC/WxpjY87XkuKdK4IBsJibDL2i0rAyEniDU0UXqysIkFtU/Tngz3c3DDkNCtD8=
KsdQfEOycsgG8gzIN7A68rwybYZYSZTVzCrWg77Ux7ggpUOyl8jAPeFlA/OsXqf0KT9YT08YbGIMkfXV37/Y6xKIL2yMBYPbC/C3gIrfz4SCpAdgTQRFp0JOi4TlfoUM4c8ymtvwNwIoKUFAKtfG3wtNRbQ+
pdQKGP5Yu/uA/4Z420vTg1QKcIDdzP7BafNBZFXQiAtlDMhANSD/4A+vaJoJ1Adqz6QLC0C6KXRdKiJ9I9Dow+wXgSl3tAw=
cjs48YLi1O228n24T+yvDJPKjFYSj/dkKjTPYAaU7cd6nhPEHU4d7Mm/+hqTwN+isNl5ALIHvv/j3Q20dg==
zA81DmKQ5pyBwPMPI8Y/9Vqu8nzaJpFDyHCifSPx4Tog7WYWQB2C6Mt1tDL8LnCgWH4dU4oYRko+LwMoyPHJ0xuEL3S0DQ==
X+Dakg5u16UyN0rTeZhcLFWreeFMdSDrvidD1J6Mc+C6LFl3zja/ZLHmSTydZ6bazxiLcuQxFeDe78oPlyVxtAo=
6nxZO89IiDD2DY93CgAn7pPKjFYIifd4MjXPYASO68dmhhLEHU4d7Mm/+hqTwN+isNl5ALIHvv/j3Q20dg==
M3B3GEhEOGi/jhbDrtrqoVqu8nzaJpFDyHCifSPr5zo89WcWQB+Y7stprDP8LnCgWH4dU4oYRko+LwMoyPHJ0xuEL3S0DQ==
m0Ep+ByoXqPYHhxmfB9E81WreeFMdSDrpCFDyIaNc+C4Nl930i6+ZLHmSTydZ6bazxiLcuQxFeDe78oPlyVxtAo=
6nxZO89IiDD2DY93CgAn7pPKjFYIifd4MjXPYASO68dmhhLEHU4d7Mm/+hqTwN+isNl5ALIHvv/j3Q20dg==
KkCfAAGsaTWnl5hwMFNej0XqcONGZCDrpCFDyIaNc+C4Nl930i6+ZLHmSTydZ6bazxiLcuQxFeDe78oPlyVxtAo=
ZBmlZuggWd5njzkaYQrpbSlfxq1u/T1iXGNLEnfA4tJIB3+WjHn/msCTAGJ7xTTfnMIoDOgyxR9KVJ4GDgNbxKgd0f8riDd4tAE=
VI4+QY/iFYpA+E8HLlEBUnMe0b5aCk5hjozpAadIz262IBjRw9xEBzvYgFVMmCMLAI1stPQmwOyh/Wpyshz2bU/2uAut9SO2M3q0Bw==
vem/fFjvxfWvtc+NPov5YCV2xk2b+4j06a/ccEo0zdiChEgtaPzTEabQvBWHOA/e1rCYQSNsBPcbyIBFbGhju+Ad7CSUlgCcge1qYpJsNt0vZjibTUVjRhNqtBc=
maCxVyDHEhpHkAC6ZYa+w//25tjcRvL536wrVqRRFEVRyqyOsC0jbnDgsbWO2zbMlg+bKhfY0rqIrw8OLAEvssC70BrbXUR3XKoYFIgKFXfKvM4+7htrLOi1IWeLcGdQtCk=
+sh/dQ/5VEXWVADa9Y9UIHWCofLz8dRzd8PEMI9xB3CaXgARDWLH7P7xwwhfVxTqQKxZJngl05tbUCcAIHm/2KpFF2BcfnNnrvY6BHXeVcwx70Ka6xDnwnhJ0cDaN3afe21VtC4=
Dps3YrYZv6Gn9mB1a7cA+kjY98EPcGDCxXNWsYpCNl1fHH/C3sS4bVuo1IuzXADJ9AzTZ6gpDEiskhCgabkqrsrIxkGnkpg3tQEzujt+tBs=
7R8K/PenQJh/pFycY8u4lQ22iFZhDsa+uHNEDtsXUvrc+7t612iyKgg/r/5sUc+CwIswSput5OfcOnikSFo1h8rM7u6uq4u8aCWBF0ugB2C0GQ==
7rNIV4tk8c6L+wkD+dwKvfTNpx7t3DMpoZTwHmIMQ8W9pW07N1Mv1GfGRlntY+UsmfCeBQEgFDmpoGICTZ+QigT0S6JrNI+T/HpVbFk6xjVvMGRLSGdFEWu0EA==
2p4kXLprdbvBBvCxBanXXW0EnqYvsmIkFmdLEnfA4tJIB3+WjHn/msCTAGJ7xTTfnMIoDOgyxR9KVJ4GDgNbxKgd0f8riDd4tAE=
cjs48YLi1O228n24T+yvDJPKjFYSj/dkKjTPYAaU7cd6nhPEHU4d7Mm/+hqTwN+isNl5ALIHvv/j3Q20dg==
K7Lefx0+QoX271pCwBY0bkXqcONGZCDrvidD1J6Mc+C6LFl3zja/ZLHmSTydZ6bazxiLcuQxFeDe78oPlyVxtAo=
rKphK/dzJyNannAHYoxEbPbW6B0RJMuYhXA6jtmnymSpDMrphYNdXEEw/NPZXCQooaBoCGN/1ML9tBNS01RnI3T63Rzxmr6Ft3BcmxBHrQFjtBg=
iQK2b7w6FiDgbH0igfmUcEYitMN6E/+0V8Y2eT0jNYwJcDSj8Xw82LmgcHh7X/wytXTbAjv037MMemWMCfoWVf+wFKv4J7Uxe7QA
lmb8M776e6mzT9rKnAMYRm0EnqYvsmIkFmdLEnfA4tJIHXmWkGH+msCRGmR72SzenMIoDOgyxR9KVJ4GDgNbxKgd0f8riDd4tAE=
q27EcKfodOASo370XqhBx/fW6B0RJMuYhXA6jtmnymSpDMrphYNdXEEw/NPZXCQooaBoCGN/1ML9tBNS01RnI3T63Rzxmr6Ft3BcmxBHrQFjtBg=
iQK2b7w6FiDgbH0igfmUcEYitMN6E/+0V8Y2eT0jNYwJcDSj8Xw82LmgcHh7X/wytXTbAjv037MMemWMCfoWVf+wFKv4J7Uxe7QA
lmb8M776e6mzT9rKnAMYRm0EnqYvsmIkFmdLEnfA4tJIHXmWkGH+msCRGmR72SzenMIoDOgyxR9KVJ4GDgNbxKgd0f8riDd4tAE=
mw5kkVplQCwAmuj3rB0FkjA2PTEWrdeqcDou2piXLDoLY5o+nD9zDgfc2s6oQUFK4L1GBkANorgLBRSCfN4QEJgu/UOKCCaafp/jWEhBaSNbVA9ktB0=
pbcoZ+jOQXhvA68lKpufLmCqZqVK99kQpYI1LL6YuBdvA07W1JTAVxElqdcwHIIRoZNZVD0QIJudrICwLSDkkMcPEAqhlO9a10RDW7g6kaQVCjoNCxCAU1R3SRlvtBQ=
KMmwx4jfBunCG2z0qDxXoF9cu0BwAn+f0HznjX5p6vk/mmQI7V6wiNl+Q0pKwLLvk/P7kVAJbX45rCETTMPDRifUypbomdHCgHW2PkA1UnBrjYRaPIYAGLhmTbsKcJZSXpfzgIgZ+au7HH9ctCU=
QOFLv3n3RrOV+nu7D6yRRFdG8rlcaS2eucxh80yjA6antAp26LkRYgDVdh5AFZLQ6y1EejxmwHg4ho3bCpDWMt53s+CIObkLO7w/fLQF
10cF5k2lTaUIGlLR/ctoijA1PTAWrdeqcDou2piXLDoLY5o+nD9zDgfc2s6oQUFK4L1GBkANorgLBRSCfN4QEJgu/UOKCCaafp/jWEhBaSNbVA9ktB0=
I+N0vXZdHLonO95kB6gFg2CpZqVK99kQpYI1LL6YuBdvA07W1JTAVxElqdcwHIIRoZNZVD0QIJudrICwLSDkkMcPEAqhlO9a10RDW7g6kaQVCjoNCxCAU1R3SRlvtBQ=
9+eVkbeekFr1QiGEb7hg9V9cu0BwAn+f0HznjX5p6vk/mWQI7V6wiNl+Q0pKwLLvk/P7kVAJbX45rCETTMPDRifUypbomdHCgHW2PkA1UnBrjYRaPIYAGLhmTbsKcJZSXpfzgIgZ+au7HH9ctCU=
KWDINMSgJkJJBKyIrg/rXgEowIQiY0vNE1OivNDVm/tDYF/A4u8HJPoU/2A2tL0HCn5jRI3uTSz5n+oag6Av4mC56YACpw4/sz19tAY=
kM/Qgv07YaWn/EaLAKjW4/TW6B0RJMuYhXA6jtmnymSpDMrphYNdXEEw/NPZXCQooaBoCGN/1ML9tBNS01RnI3T63Rzxmr6Ft3BcmxBHrQFjtBg=
SNCXMx6n0V1xaATO0yOxLl1HvFt3GXiE12fglnl86fc+hXoA6UGmjNFhUQAIhbP4kuC/hVgJPj5/5moAVsPDRifUypbomdHCgHW2PkA1UnBrjYRaPIYAGLhmTbsKcJZSXpfzgIgZ+au7HH9ctCU=
iQK2b7w6FiDgbH0igfmUcEYitMN6E/+0V8Y2eT0jNYwJcDSj8Xw82LmgcHh7X/wytXTbAjv037MMemWMCfoWVf+wFKv4J7Uxe7QA
lmb8M776e6mzT9rKnAMYRm0EnqYvsmIkFmdLEnfA4tJIHXmWkGH+msCRGmR72SzenMIoDOgyxR9KVJ4GDgNbxKgd0f8riDd4tAE=
8bV5D4SRM21H+txsyuDFhYTUJjs3IX9m0zVgH3+Myk778x5dOhT1RzNLmeUKciju8Z+PDlovJkFXKh0WZeOnR/Z4PL3XcC/WxpjY87XkuKdK4IBvJibDL2i0rAyEniDU0UXqysIkFtU/Tngz3c3DDkNCtD8=
hiOMhzd6NOtBcScyH3s8ebwybYZYSZTVzCrWg77Ux7ggpUOyl8jAPeFlA/OsXqf0KT9YT08YbGIMkfXV37/Y6xKIL2yMBYPbC/C3gIrfz4SCpAdgTgRFp0JOi4TlfoUM4c8ymtvwNwIoKUFAKtfG3wtNRbQ+
qi3tJvBc3VnQOFZw6H0h1FQKcIDdzP7BafNBZFXQiAtlDMhANSD84A+vaJoJ1Adqz6QLC0C6KXRdKiJ9I9Dow+wXgSl3tAw=
1wCdq/j2b8m3ZGZktCwTwZPKjFYSj/dkKjTPYAeU7cd6nhPEHU4d7Mm/+hqTwN+isNl5ALIHvv/j3Q20dg==
U6XvKS8AtYrR1uvJWf4oiUXqcONGZCDrvidD1J6Mc+C7LFl3zja/ZLHmSTydZ6bazxiLcuQxFeDe78oPlyVxtAo=
dUbPDeZJrFqwUgEjBA8W+fbW6B0RJMuYhXA6jtmnymSpDMrphYNdXEEw/NPZXCQooaBpCGN/1ML9tBNS01RnI3T63Rzxmr6Ft3BcmxBHrQFjtBg=
UEg4OJSElzXqPbAdYtd5xl1HvFt3GXiE12fglnl86fc9hXoA6UGmjNFhUQAIhbP4kuC/hVgJPj5/5moAVsPDRifUypbomdHCgHW2PkA0UnBrjYRaPIYAGLhmTbsKcJZSXpfzgIgZ+au7HH9ctCU=
rnKGoT3NXwml7kDjPRhAPkYitMN6E/+0V8Y2eT0jNYwJcDSj8Xw82LmgcXh7X/wytXTbAjv037MMemWMCfoWVf+wFKv4J7Uxe7QA
deEnhHQnzVQQCqUJY1fcbCoQt1geyrbF77Sfug6M+K8tQOirolQA0t4is4Pg4MwQXPqwGPkxqjZ6YCY5d9rY78XpE4IrdrQD
vvXXP8o57uNOKXmHfHeAqPfW6B0RJMuYhXA6jtmnymSpDMrphYNdXEEw/NPZXCQooaBpCGN/1ML9tBNS01RnI3T63Rzxmr6Ft3BcmxBHrQFjtBg=
/l3fjHDhpqBO+sTHWyKxul1HvFt3GXiE12fglnl86fc5hXoA6UGmjNFhUQAIhbP4kuC/hVgJPj5/5moAVsPDRifUypbomdHCgHW2PkA0UnBrjYRaPIYAGLhmTbsKcJZSXpfzgIgZ+au7HH9ctCU=
rnKGoT3NXwml7kDjPRhAPkYitMN6E/+0V8Y2eT0jNYwJcDSj8Xw82LmgcXh7X/wytXTbAjv037MMemWMCfoWVf+wFKv4J7Uxe7QA
deEnhHQnzVQQCqUJY1fcbCoQt1geyrbF77Sfug6M+K8tQOirolQA0t4is4Pg4MwQXPqwGPkxqjZ6YCY5d9rY78XpE4IrdrQD
5m7zcbEcmT7gdtn5/k8fIgi2iFZhDsa+uHNEDtsXUvrc+7t612iyKgglqf5wSc6CwIgqTJux/ObcOnikSFo1h8rM7u6uq4u8aCWBF0ugB2C0GQ==
auXYsOMY2rWJ9qhyGbGm6vTW6B0RJMuYhXA6jtmnymSpDMrphYNdXEEw/NPZXCQooaBpCGN/1ML9tBNS01RnI3T63Rzxmr6Ft3BcmxBHrQFjtBg=
a2vylF+U0DmUw0N4hxTYW+Ltp8vM2q/NTHCZ3o2Zlh+GllozMjJJ692GiAc3dhpaI/PIm8qgx4wGpvYhZ+hPjnZAGCuFvNi/eviAdhY+o3dYbGzUNMZATGHdalJyvHaNj5a46+2VoxZzWrQn
rnKGoT3NXwml7kDjPRhAPkYitMN6E/+0V8Y2eT0jNYwJcDSj8Xw82LmgcXh7X/wytXTbAjv037MMemWMCfoWVf+wFKv4J7Uxe7QA
deEnhHQnzVQQCqUJY1fcbCoQt1geyrbF77Sfug6M+K8tQOirolQA0t4is4Pg4MwQXPqwGPkxqjZ6YCY5d9rY78XpE4IrdrQD
rwgYZRb32/AuN+BHV8IAY4PUJjs3IX9m0zVgH3+Myk778x5dOhT1RzNLmeUKcijs8Z+PDlovJkFXKh0WZeOnR/Z4PL3XcC/WxpjY87XkuKdK4IBuJibDL2i0rAyEniDU0UXqysIkFtU/Tngz3c3DDkNCtD8=
c+BoT/531kbbPTg6bAopwYPUJjs3IX9m0zVgH3+Myk778x5dOhT1RzNLmeUKcijv8Z+PDlovJkFXKh0WZeOnR/Z4PL3XcC/WxpjY87XkuKdK4IBuJibDL2i0rAyEniDU0UXqysIkFtU/Tngz3c3DDkNCtD8=
Xc7mBZDUbpcNpMrCo+56cofUJjs3IX9m0zVgH3+Myk778x5dOhT1RzNLmeUKciju8Z+PDlovJkFXKh0WZeOnR/Z4PL3XcC/WxpjY87XkuKdK4IBuJibDL2i0rAyEniDU0UXqysIkFtU/Tngz3c3DDkNCtD8=
M4Fb4CR+kL1pX48Fmmyh+lQKcIDdzP7BafNBZFXQiAtlDMhANSD94A+vaJoJ1Adqz6QLC0C6KXRdKiJ9I9Dow+wXgSl3tAw=
Ns9Ui/EUdszSxEaSz5zMi5PKjFYSj/dkKjTPYAWU7cd6nhPEHU4d7Mm/+hqTwN+isNl5ALIHvv/j3Q20dg==
pSCdys6EtM5DmFn3tNU1jkXqcONGZCDrvidD1J6Mc+C5LFl3zja/ZLHmSTydZ6bazxiLcuQxFeDe78oPlyVxtAo=
KpgctiJ1c6lAsy+a/b3tWURuiIZrJ0LfFFj37NTVm/tDYF/A4u8HJPoU/2A1tL0HCn5jRI3uTSz5n+oag6Av4mC56YACpw4/sz19tAY=
aGJNgO3fuHsmT2ETBMd8+11HvFt3GXiE12fglnl86fc6hXoA6UGmjNFhUQAIhbP4kuC/hVgJPj5/5moAVsPDRifUypbomdHCgHW2PkA2UnBrjYRaPIYAGLhmTbsKcJZSXpfzgIgZ+au7HH9ctCU=
sfrQsR+r/8MKadVF5Pb7mRJB+rNcaXzA/4Yq4FajA6antAp26LkRYgDVdh5AFpLQ6y1EejxmwHg4ho3bCpDWMt53s+CIObkLO7w/fLQF
Xyi23zWgsZjYy12EQngVmz+Nk7kESfH1hxohWy3AjeYsjS8rN4jzYA6Hk5Ru7GPgqcwpt56WD+Qhhrl8TUeW2r/427JUkYVgLo8aT6cFYbQa
Xyi23zWgsZjYy12EQngVmz+Nk7kESfH1hxohWy3AjeYsjS8rN4jzYA6Hk5Ru7GPgqcwpt56WD+Qhhrl8TUeW2r/427JUkYVgLo8aT6cFYbQa
vX/wTfw2iSpPcrR9RsSWzW0EnqYvsmIkFmdLEnfA4tJIHXmWkGH+msCSGmR72SzenMIoDOgyxR9KVJ4GDgNbxKgd0f8riDd4tAE=
lBIvlZcBOdYFj6ZRDQDquxJB+rNcaWvDttd0phynA6antAp26LkRYgDVdh5AFpLQ6y1EejxmwHg4ho3bCpDWMt53s+CIObkLO7w/fLQF
pdQKGP5Yu/uA/4Z420vTg1QKcIDdzP7BafNBZFXQiAtlDMhANSD/4A+vaJoJ1Adqz6QLC0C6KXRdKiJ9I9Dow+wXgSl3tAw=
bKQwSW0aSyD4CP3jJonjdlqu8nzaJpFDyHCifSPx4Tog7WYWQB6C6Mt1tDL8LnCgWH4dU4oYRko+LwMoyPHJ0xuEL3S0DQ==
8VSw7Xp24rEJTxX45008llWreeFMdSDrvidD1J6Mc+C5LFl3zja/ZLHmSTydZ6bazxiLcuQxFeDe78oPlyVxtAo=
Ns9Ui/EUdszSxEaSz5zMi5PKjFYSj/dkKjTPYAWU7cd6nhPEHU4d7Mm/+hqTwN+isNl5ALIHvv/j3Q20dg==
pSCdys6EtM5DmFn3tNU1jkXqcONGZCDrvidD1J6Mc+C5LFl3zja/ZLHmSTydZ6bazxiLcuQxFeDe78oPlyVxtAo=
iYa2RrUO9pdcwM/XsWgn4PbW6B0RJMuYhXA6jtmnymSpDMrphYNdXEEw/NPZXCQooaBrCGN/1ML9tBNS01RnI3T63Rzxmr6Ft3BcmxBHrQFjtBg=
SLD63tGNhAw1vninfTF6nUYitMN6E/+0V8Y2eT0jNYwJcDSj8Xw82Lmgc3h7X/wytXTbAjv037MMemWMCfoWVf+wFKv4J7Uxe7QA
RZajsx0f3xulv/hONskRZlJx6/uFUPVmlB3HS+84u6BGV6u0hpx74LE8QZemxsek6TbhnCXXLlpHaHMSDGHNoObf4i+PNXm0Ag==
ETg1CBU9WtMLuJYV+wc6lyoQt1geyrbF77Sfug6M+K8tQOirolQA0N4is4Pg4MwQXPqwGPkxqjZ6YCY5d9rY78XpE4IrdrQD
BPkavzgSOiSoy+bljXabuTA0PTEWrdeqcDou2piXLDoLY5o+nD9zDgfc2s6oQUFK4L1GBkAOorgLBRSCfN4QEJgu/UOKCCaafp/jWEhBaSNbVA9ktB0=
hGmWE5WqRK4dffwYVAGIcmCoZqVK99kQpYI1LL6YuBdvA07W1JTAVxElqdcwHIIRoZNZVD0QIJudrICwLSDnkMcPEAqhlO9a10RDW7g6kaQVCjoNCxCAU1R3SRlvtBQ=
pX/PaDbMWRFVdgx1ubLTxF9cu0BwAn+f0HznjX5p6vk/mGQI7V6wiNl+Q0pKwLLvk/P7kVAJbX45rCETTMPDRifUypbomdHCgHW2PkA2UnBrjYRaPIYAGLhmTbsKcJZSXpfzgIgZ+au7HH9ctCU=
tstRQybmWYjMoEMQJwhozFY0tI89VbX/RNw2eT0jNYwJcDSj8Xw82Lmgc3h7X/wytXTbAjv037MMemWMCfoWVf+wFKv4J7Uxe7QA
yQxdQu4GA+wqmnblrFBnmvTW6B0RJMuYhXA6jtmnymSpDMrphYNdXEEw/NPZXCQooaBrCGN/1ML9tBNS01RnI3T63Rzxmr6Ft3BcmxBHrQFjtBg=
aGJNgO3fuHsmT2ETBMd8+11HvFt3GXiE12fglnl86fc6hXoA6UGmjNFhUQAIhbP4kuC/hVgJPj5/5moAVsPDRifUypbomdHCgHW2PkA2UnBrjYRaPIYAGLhmTbsKcJZSXpfzgIgZ+au7HH9ctCU=
SLD63tGNhAw1vninfTF6nUYitMN6E/+0V8Y2eT0jNYwJcDSj8Xw82Lmgc3h7X/wytXTbAjv037MMemWMCfoWVf+wFKv4J7Uxe7QA
ETg1CBU9WtMLuJYV+wc6lyoQt1geyrbF77Sfug6M+K8tQOirolQA0N4is4Pg4MwQXPqwGPkxqjZ6YCY5d9rY78XpE4IrdrQD
yDh5mcRzBVIa1G6If5gqvIPUJjs3IX9m0zVgH3+Myk778x5dOhT1RzNLmeUKcijs8Z+PDlovJkFXKh0WZeOnR/Z4PL3XcC/WxpjY87XkuKdK4IBsJibDL2i0rAyEniDU0UXqysIkFtU/Tngz3c3DDkNCtD8=
Qd8I+NkZ6z5mQlGfDvFWuoPUJjs3IX9m0zVgH3+Myk778x5dOhT1RzNLmeUKcijv8Z+PDlovJkFXKh0WZeOnR/Z4PL3XcC/WxpjY87XkuKdK4IBsJibDL2i0rAyEniDU0UXqysIkFtU/Tngz3c3DDkNCtD8=
KsdQfEOycsgG8gzIN7A68rwybYZYSZTVzCrWg77Ux7ggpUOyl8jAPeFlA/OsXqf0KT9YT08YbGIMkfXV37/Y6xKIL2yMBYPbC/C3gIrfz4SCpAdgTQRFp0JOi4TlfoUM4c8ymtvwNwIoKUFAKtfG3wtNRbQ+
pdQKGP5Yu/uA/4Z420vTg1QKcIDdzP7BafNBZFXQiAtlDMhANSD/4A+vaJoJ1Adqz6QLC0C6KXRdKiJ9I9Dow+wXgSl3tAw=
bKQwSW0aSyD4CP3jJonjdlqu8nzaJpFDyHCifSPx4Tog7WYWQB6C6Mt1tDL8LnCgWH4dU4oYRko+LwMoyPHJ0xuEL3S0DQ==
8VSw7Xp24rEJTxX45008llWreeFMdSDrvidD1J6Mc+C5LFl3zja/ZLHmSTydZ6bazxiLcuQxFeDe78oPlyVxtAo=
Ns9Ui/EUdszSxEaSz5zMi5PKjFYSj/dkKjTPYAWU7cd6nhPEHU4d7Mm/+hqTwN+isNl5ALIHvv/j3Q20dg==
pSCdys6EtM5DmFn3tNU1jkXqcONGZCDrvidD1J6Mc+C5LFl3zja/ZLHmSTydZ6bazxiLcuQxFeDe78oPlyVxtAo=
zHAv/3bCCZWJ6u3UrmHqZffW6B0RJMuYhXA6jtmnymSpDMrphYNdXEEw/NPZXCQooaBrCGN/1ML9tBNS01RnI3T63Rzxmr6Ft3BcmxBHrQFjtBg=
aGJNgO3fuHsmT2ETBMd8+11HvFt3GXiE12fglnl86fc6hXoA6UGmjNFhUQAIhbP4kuC/hVgJPj5/5moAVsPDRifUypbomdHCgHW2PkA2UnBrjYRaPIYAGLhmTbsKcJZSXpfzgIgZ+au7HH9ctCU=
vX/wTfw2iSpPcrR9RsSWzW0EnqYvsmIkFmdLEnfA4tJIHXmWkGH+msCSGmR72SzenMIoDOgyxR9KVJ4GDgNbxKgd0f8riDd4tAE=
yQxdQu4GA+wqmnblrFBnmvTW6B0RJMuYhXA6jtmnymSpDMrphYNdXEEw/NPZXCQooaBrCGN/1ML9tBNS01RnI3T63Rzxmr6Ft3BcmxBHrQFjtBg=
aGJNgO3fuHsmT2ETBMd8+11HvFt3GXiE12fglnl86fc6hXoA6UGmjNFhUQAIhbP4kuC/hVgJPj5/5moAVsPDRifUypbomdHCgHW2PkA2UnBrjYRaPIYAGLhmTbsKcJZSXpfzgIgZ+au7HH9ctCU=
SLD63tGNhAw1vninfTF6nUYitMN6E/+0V8Y2eT0jNYwJcDSj8Xw82Lmgc3h7X/wytXTbAjv037MMemWMCfoWVf+wFKv4J7Uxe7QA
vX/wTfw2iSpPcrR9RsSWzW0EnqYvsmIkFmdLEnfA4tJIHXmWkGH+msCSGmR72SzenMIoDOgyxR9KVJ4GDgNbxKgd0f8riDd4tAE=
yDh5mcRzBVIa1G6If5gqvIPUJjs3IX9m0zVgH3+Myk778x5dOhT1RzNLmeUKcijs8Z+PDlovJkFXKh0WZeOnR/Z4PL3XcC/WxpjY87XkuKdK4IBsJibDL2i0rAyEniDU0UXqysIkFtU/Tngz3c3DDkNCtD8=
Qd8I+NkZ6z5mQlGfDvFWuoPUJjs3IX9m0zVgH3+Myk778x5dOhT1RzNLmeUKcijv8Z+PDlovJkFXKh0WZeOnR/Z4PL3XcC/WxpjY87XkuKdK4IBsJibDL2i0rAyEniDU0UXqysIkFtU/Tngz3c3DDkNCtD8=
KsdQfEOycsgG8gzIN7A68rwybYZYSZTVzCrWg77Ux7ggpUOyl8jAPeFlA/OsXqf0KT9YT08YbGIMkfXV37/Y6xKIL2yMBYPbC/C3gIrfz4SCpAdgTQRFp0JOi4TlfoUM4c8ymtvwNwIoKUFAKtfG3wtNRbQ+
pdQKGP5Yu/uA/4Z420vTg1QKcIDdzP7BafNBZFXQiAtlDMhANSD/4A+vaJoJ1Adqz6QLC0C6KXRdKiJ9I9Dow+wXgSl3tAw=
Ns9Ui/EUdszSxEaSz5zMi5PKjFYSj/dkKjTPYAWU7cd6nhPEHU4d7Mm/+hqTwN+isNl5ALIHvv/j3Q20dg==
pSCdys6EtM5DmFn3tNU1jkXqcONGZCDrvidD1J6Mc+C5LFl3zja/ZLHmSTydZ6bazxiLcuQxFeDe78oPlyVxtAo=
zHAv/3bCCZWJ6u3UrmHqZffW6B0RJMuYhXA6jtmnymSpDMrphYNdXEEw/NPZXCQooaBrCGN/1ML9tBNS01RnI3T63Rzxmr6Ft3BcmxBHrQFjtBg=
6nVHmORt490NXBBTw6VamhV4o/hRYOsUwK/ruej/mUUzCDuk5rGqZCcpVxCuUjZtP8y/sn5UOMe9+IhjkkwA+I7aEwsQuIz4TMJQUEmpKp6qGAYxBwIYh1VRc0obbrQr
aGJNgO3fuHsmT2ETBMd8+11HvFt3GXiE12fglnl86fc6hXoA6UGmjNFhUQAIhbP4kuC/hVgJPj5/5moAVsPDRifUypbomdHCgHW2PkA2UnBrjYRaPIYAGLhmTbsKcJZSXpfzgIgZ+au7HH9ctCU=
vX/wTfw2iSpPcrR9RsSWzW0EnqYvsmIkFmdLEnfA4tJIHXmWkGH+msCSGmR72SzenMIoDOgyxR9KVJ4GDgNbxKgd0f8riDd4tAE=
lBIvlZcBOdYFj6ZRDQDquxJB+rNcaWvDttd0phynA6antAp26LkRYgDVdh5AFpLQ6y1EejxmwHg4ho3bCpDWMt53s+CIObkLO7w/fLQF
NegplMTgfpFC3fhCQEIHNDoGtxRZjPzB77Sfug6M+K8tQOirolQA0N4is4Pg4MwQXPqwGPkxqjZ6YCY5d9rY78XpE4IrdrQD
tprBoFigHFEHNH1mpQWbyeokf2xcZTMbO5AHANq/30QSBPdgPaTV51KuWwRVnrVMUS9imgtQR0LYCTHA+vfWH5stdbQO
bKQwSW0aSyD4CP3jJonjdlqu8nzaJpFDyHCifSPx4Tog7WYWQB6C6Mt1tDL8LnCgWH4dU4oYRko+LwMoyPHJ0xuEL3S0DQ==
8VSw7Xp24rEJTxX45008llWreeFMdSDrvidD1J6Mc+C5LFl3zja/ZLHmSTydZ6bazxiLcuQxFeDe78oPlyVxtAo=
Ns9Ui/EUdszSxEaSz5zMi5PKjFYSj/dkKjTPYAWU7cd6nhPEHU4d7Mm/+hqTwN+isNl5ALIHvv/j3Q20dg==
pSCdys6EtM5DmFn3tNU1jkXqcONGZCDrvidD1J6Mc+C5LFl3zja/ZLHmSTydZ6bazxiLcuQxFeDe78oPlyVxtAo=
iYa2RrUO9pdcwM/XsWgn4PbW6B0RJMuYhXA6jtmnymSpDMrphYNdXEEw/NPZXCQooaBrCGN/1ML9tBNS01RnI3T63Rzxmr6Ft3BcmxBHrQFjtBg=
FOwBcqfOV54d+xh7Y94xhCQ+iBnDo+u14PuZeUs8y4iOlUo4f/2HXOaW9hGHOA/e1rCYWyVsGO8ayIBEdm5jp/gc7CSUlgCcge1qYpJsNt0vZjibTUVjRhNqtBc=
SLD63tGNhAw1vninfTF6nUYitMN6E/+0V8Y2eT0jNYwJcDSj8Xw82Lmgc3h7X/wytXTbAjv037MMemWMCfoWVf+wFKv4J7Uxe7QA
ETg1CBU9WtMLuJYV+wc6lyoQt1geyrbF77Sfug6M+K8tQOirolQA0N4is4Pg4MwQXPqwGPkxqjZ6YCY5d9rY78XpE4IrdrQD
58tib7gz/pW6in7Fc5Y2ZAyCoZQAYy7OxT1Drc4EfFlfHH/C3sS4d12oyJOyXADI7grTe7AoDEiskhCgabkqrsrIxkGnkpg3tQEzujt+tBs=
hGmWE5WqRK4dffwYVAGIcmCoZqVK99kQpYI1LL6YuBdvA07W1JTAVxElqdcwHIIRoZNZVD0QIJudrICwLSDnkMcPEAqhlO9a10RDW7g6kaQVCjoNCxCAU1R3SRlvtBQ=
pX/PaDbMWRFVdgx1ubLTxF9cu0BwAn+f0HznjX5p6vk/mGQI7V6wiNl+Q0pKwLLvk/P7kVAJbX45rCETTMPDRifUypbomdHCgHW2PkA2UnBrjYRaPIYAGLhmTbsKcJZSXpfzgIgZ+au7HH9ctCU=
wkKgetrvAEbZ4YD7LE9Njx9Bu65XaS2eucxh80yjA6antAp26LkRYgDVdh5AFpLQ6y1EejxmwHg4ho3bCpDWMt53s+CIObkLO7w/fLQF
tstRQybmWYjMoEMQJwhozFY0tI89VbX/RNw2eT0jNYwJcDSj8Xw82Lmgc3h7X/wytXTbAjv037MMemWMCfoWVf+wFKv4J7Uxe7QA
zHAv/3bCCZWJ6u3UrmHqZffW6B0RJMuYhXA6jtmnymSpDMrphYNdXEEw/NPZXCQooaBrCGN/1ML9tBNS01RnI3T63Rzxmr6Ft3BcmxBHrQFjtBg=
6nVHmORt490NXBBTw6VamhV4o/hRYOsUwK/ruej/mUUzCDuk5rGqZCcpVxCuUjZtP8y/sn5UOMe9+IhjkkwA+I7aEwsQuIz4TMJQUEmpKp6qGAYxBwIYh1VRc0obbrQr
aGJNgO3fuHsmT2ETBMd8+11HvFt3GXiE12fglnl86fc6hXoA6UGmjNFhUQAIhbP4kuC/hVgJPj5/5moAVsPDRifUypbomdHCgHW2PkA2UnBrjYRaPIYAGLhmTbsKcJZSXpfzgIgZ+au7HH9ctCU=
1wCdq/j2b8m3ZGZktCwTwZPKjFYSj/dkKjTPYAeU7cd6nhPEHU4d7Mm/+hqTwN+isNl5ALIHvv/j3Q20dg==
23nuFR0UL4J71fZryCWL41/80UVlDsa+uHNEDtsXUvqPu/xk3m6uaQMlqf5wSc6CwIgqTJux/ObcOnikSFo1h8rM7u6uq4u8aCWBF0ugB2C0GQ==
Ns9Ui/EUdszSxEaSz5zMi5PKjFYSj/dkKjTPYAWU7cd6nhPEHU4d7Mm/+hqTwN+isNl5ALIHvv/j3Q20dg==
pSCdys6EtM5DmFn3tNU1jkXqcONGZCDrvidD1J6Mc+C5LFl3zja/ZLHmSTydZ6bazxiLcuQxFeDe78oPlyVxtAo=
zHAv/3bCCZWJ6u3UrmHqZffW6B0RJMuYhXA6jtmnymSpDMrphYNdXEEw/NPZXCQooaBrCGN/1ML9tBNS01RnI3T63Rzxmr6Ft3BcmxBHrQFjtBg=
SM/Tu5OxKPhsC6Bh/4G0pJAtVmtd9DqZfmJQA7DrAjCe/xXrnlUEfhnPp5aT1lp3ej5DB68SokQWhwuy92Ci8kh9OXYQAT66wLLaBPs5bL6c4misaJKF/0o0XqaOo5vkqP0Rn6tod1i0IQ==
aGJNgO3fuHsmT2ETBMd8+11HvFt3GXiE12fglnl86fc6hXoA6UGmjNFhUQAIhbP4kuC/hVgJPj5/5moAVsPDRifUypbomdHCgHW2PkA2UnBrjYRaPIYAGLhmTbsKcJZSXpfzgIgZ+au7HH9ctCU=
vX/wTfw2iSpPcrR9RsSWzW0EnqYvsmIkFmdLEnfA4tJIHXmWkGH+msCSGmR72SzenMIoDOgyxR9KVJ4GDgNbxKgd0f8riDd4tAE=
pdQKGP5Yu/uA/4Z420vTg1QKcIDdzP7BafNBZFXQiAtlDMhANSD/4A+vaJoJ1Adqz6QLC0C6KXRdKiJ9I9Dow+wXgSl3tAw=
qDNDKO4f+5YialUDJdVcvF/80UVlDsa+uHNEDtsXUvqPu/xk3m6uaQMlqf5wSc6CwIoqTJux/ObcOnikSFo1h8rM7u6uq4u8aCWBF0ugB2C0GQ==
L8pzq3m3x4XaKeZWGo0hJFqu8nzaJpFDyHCifT7x4Tog7WYWQB6C6Mt1tDL8LnCgWH4dU4oYRko+LwMoyPHJ0xuEL3S0DQ==
Ns9Ui/EUdszSxEaSz5zMi5PKjFYSj/dkKjTPYAWU7cd6nhPEHU4d7Mm/+hqTwN+isNl5ALIHvv/j3Q20dg==
bKQwSW0aSyD4CP3jJonjdlqu8nzaJpFDyHCifSPx4Tog7WYWQB6C6Mt1tDL8LnCgWH4dU4oYRko+LwMoyPHJ0xuEL3S0DQ==
8VSw7Xp24rEJTxX45008llWreeFMdSDrvidD1J6Mc+C5LFl3zja/ZLHmSTydZ6bazxiLcuQxFeDe78oPlyVxtAo=
Ns9Ui/EUdszSxEaSz5zMi5PKjFYSj/dkKjTPYAWU7cd6nhPEHU4d7Mm/+hqTwN+isNl5ALIHvv/j3Q20dg==
bKQwSW0aSyD4CP3jJonjdlqu8nzaJpFDyHCifSPx4Tog7WYWQB6C6Mt1tDL8LnCgWH4dU4oYRko+LwMoyPHJ0xuEL3S0DQ==
8VSw7Xp24rEJTxX45008llWreeFMdSDrvidD1J6Mc+C5LFl3zja/ZLHmSTydZ6bazxiLcuQxFeDe78oPlyVxtAo=
Ns9Ui/EUdszSxEaSz5zMi5PKjFYSj/dkKjTPYAWU7cd6nhPEHU4d7Mm/+hqTwN+isNl5ALIHvv/j3Q20dg==
pSCdys6EtM5DmFn3tNU1jkXqcONGZCDrvidD1J6Mc+C5LFl3zja/ZLHmSTydZ6bazxiLcuQxFeDe78oPlyVxtAo=
zHAv/3bCCZWJ6u3UrmHqZffW6B0RJMuYhXA6jtmnymSpDMrphYNdXEEw/NPZXCQooaBrCGN/1ML9tBNS01RnI3T63Rzxmr6Ft3BcmxBHrQFjtBg=
vX/wTfw2iSpPcrR9RsSWzW0EnqYvsmIkFmdLEnfA4tJIHXmWkGH+msCSGmR72SzenMIoDOgyxR9KVJ4GDgNbxKgd0f8riDd4tAE=
yQxdQu4GA+wqmnblrFBnmvTW6B0RJMuYhXA6jtmnymSpDMrphYNdXEEw/NPZXCQooaBrCGN/1ML9tBNS01RnI3T63Rzxmr6Ft3BcmxBHrQFjtBg=
6nVHmORt490NXBBTw6VamhV4o/hRYOsUwK/ruej/mUUzCDuk5rGqZCcpVxCuUjZtP8y/sn5UOMe9+IhjkkwA+I7aEwsQuIz4TMJQUEmpKp6qGAYxBwIYh1VRc0obbrQr
aGJNgO3fuHsmT2ETBMd8+11HvFt3GXiE12fglnl86fc6hXoA6UGmjNFhUQAIhbP4kuC/hVgJPj5/5moAVsPDRifUypbomdHCgHW2PkA2UnBrjYRaPIYAGLhmTbsKcJZSXpfzgIgZ+au7HH9ctCU=
UESoZMtC/bGfC+PGWTo/7jSJna8VHPzyzgc4Wy3AjeYsjS8rN4jzYA6Hk5Ru7GPgqcwpt56WD+Qhhrl8TUeW2r/427JUkYVgLo8aT6cFYbQa
ETg1CBU9WtMLuJYV+wc6lyoQt1geyrbF77Sfug6M+K8tQOirolQA0N4is4Pg4MwQXPqwGPkxqjZ6YCY5d9rY78XpE4IrdrQD
iYa2RrUO9pdcwM/XsWgn4PbW6B0RJMuYhXA6jtmnymSpDMrphYNdXEEw/NPZXCQooaBrCGN/1ML9tBNS01RnI3T63Rzxmr6Ft3BcmxBHrQFjtBg=
FOwBcqfOV54d+xh7Y94xhCQ+iBnDo+u14PuZeUs8y4iOlUo4f/2HXOaW9hGHOA/e1rCYWyVsGO8ayIBEdm5jp/gc7CSUlgCcge1qYpJsNt0vZjibTUVjRhNqtBc=
UESoZMtC/bGfC+PGWTo/7jSJna8VHPzyzgc4Wy3AjeYsjS8rN4jzYA6Hk5Ru7GPgqcwpt56WD+Qhhrl8TUeW2r/427JUkYVgLo8aT6cFYbQa
vX/wTfw2iSpPcrR9RsSWzW0EnqYvsmIkFmdLEnfA4tJIHXmWkGH+msCSGmR72SzenMIoDOgyxR9KVJ4GDgNbxKgd0f8riDd4tAE=
BPkavzgSOiSoy+bljXabuTA0PTEWrdeqcDou2piXLDoLY5o+nD9zDgfc2s6oQUFK4L1GBkAOorgLBRSCfN4QEJgu/UOKCCaafp/jWEhBaSNbVA9ktB0=
hGmWE5WqRK4dffwYVAGIcmCoZqVK99kQpYI1LL6YuBdvA07W1JTAVxElqdcwHIIRoZNZVD0QIJudrICwLSDnkMcPEAqhlO9a10RDW7g6kaQVCjoNCxCAU1R3SRlvtBQ=
pX/PaDbMWRFVdgx1ubLTxF9cu0BwAn+f0HznjX5p6vk/mGQI7V6wiNl+Q0pKwLLvk/P7kVAJbX45rCETTMPDRifUypbomdHCgHW2PkA2UnBrjYRaPIYAGLhmTbsKcJZSXpfzgIgZ+au7HH9ctCU=
qqacPtPOqbycvacRRdqbW/Hw1ntAyPfjF0AHo+nYYf49DWyZF9CvtgZ42JP1BDgHCsCATGaGQ88o1KzsRP6gdBFl6uoChJa1/654U50tQ64DYrQf
frxAma6IXjGKk9bCz8WhIAEowIQiY0vNE1OivNDVm/tDYF/A4u8HJPoU/2A1tL0HCn5jRI3uTSz5n+oag6Av4mC56YACpw4/sz19tAY=
pdQKGP5Yu/uA/4Z420vTg1QKcIDdzP7BafNBZFXQiAtlDMhANSD/4A+vaJoJ1Adqz6QLC0C6KXRdKiJ9I9Dow+wXgSl3tAw=
lEwvSV87UENUh/6hNCYcG5PKjEsSj/dkKjTPYAWU7cd6nhPEHU4d7Mm/+hqTwN+isNl5ALIHvv/j3Q20dg==
pSCdys6EtM5DmFn3tNU1jkXqcONGZCDrvidD1J6Mc+C5LFl3zja/ZLHmSTydZ6bazxiLcuQxFeDe78oPlyVxtAo=
yDh5mcRzBVIa1G6If5gqvIPUJjs3IX9m0zVgH3+Myk778x5dOhT1RzNLmeUKcijs8Z+PDlovJkFXKh0WZeOnR/Z4PL3XcC/WxpjY87XkuKdK4IBsJibDL2i0rAyEniDU0UXqysIkFtU/Tngz3c3DDkNCtD8=
Qd8I+NkZ6z5mQlGfDvFWuoPUJjs3IX9m0zVgH3+Myk778x5dOhT1RzNLmeUKcijv8Z+PDlovJkFXKh0WZeOnR/Z4PL3XcC/WxpjY87XkuKdK4IBsJibDL2i0rAyEniDU0UXqysIkFtU/Tngz3c3DDkNCtD8=
KsdQfEOycsgG8gzIN7A68rwybYZYSZTVzCrWg77Ux7ggpUOyl8jAPeFlA/OsXqf0KT9YT08YbGIMkfXV37/Y6xKIL2yMBYPbC/C3gIrfz4SCpAdgTQRFp0JOi4TlfoUM4c8ymtvwNwIoKUFAKtfG3wtNRbQ+
pdQKGP5Yu/uA/4Z420vTg1QKcIDdzP7BafNBZFXQiAtlDMhANSD/4A+vaJoJ1Adqz6QLC0C6KXRdKiJ9I9Dow+wXgSl3tAw=
1wCdq/j2b8m3ZGZktCwTwZPKjFYSj/dkKjTPYAeU7cd6nhPEHU4d7Mm/+hqTwN+isNl5ALIHvv/j3Q20dg==
23nuFR0UL4J71fZryCWL41/80UVlDsa+uHNEDtsXUvqPu/xk3m6uaQMlqf5wSc6CwIgqTJux/ObcOnikSFo1h8rM7u6uq4u8aCWBF0ugB2C0GQ==
cjs48YLi1O228n24T+yvDJPKjFYSj/dkKjTPYAaU7cd6nhPEHU4d7Mm/+hqTwN+isNl5ALIHvv/j3Q20dg==
NbMQMkHa/NbTnQCDfPI7il/80UVlDsa+uHNEDtsXUvqPu/xk3m6uaQMlqf5wSc6CwIkqTJux/ObcOnikSFo1h8rM7u6uq4u8aCWBF0ugB2C0GQ==
Ns9Ui/EUdszSxEaSz5zMi5PKjFYSj/dkKjTPYAWU7cd6nhPEHU4d7Mm/+hqTwN+isNl5ALIHvv/j3Q20dg==
qDNDKO4f+5YialUDJdVcvF/80UVlDsa+uHNEDtsXUvqPu/xk3m6uaQMlqf5wSc6CwIoqTJux/ObcOnikSFo1h8rM7u6uq4u8aCWBF0ugB2C0GQ==
cjs48YLi1O228n24T+yvDJPKjFYSj/dkKjTPYAaU7cd6nhPEHU4d7Mm/+hqTwN+isNl5ALIHvv/j3Q20dg==
11iDT1WOA3gxvRXbi7b/q+Dtos7M2qLOT3Ce0o6Zlx+Dk1kzPzFK69qKiwd0K08baa+fipT73p4Ppet5b/MJkHADEyuFvNi/eviAdxY+o3dYbGzUNMZATGHdalJyvHaNj5a46+2VoxZzWrQn
xYr1+ZGOOoackldy9GarhZPKjEsSj/dkKjTPYAaU7cd6nhPEHU4d7Mm/+hqTwN+isNl5ALIHvv/j3Q20dg==
K7Lefx0+QoX271pCwBY0bkXqcONGZCDrvidD1J6Mc+C6LFl3zja/ZLHmSTydZ6bazxiLcuQxFeDe78oPlyVxtAo=
9mNHV50HQ/BgSfgIvByrEYDUJjs3IX9m0zVgH3+Myk778x5dOhT1RzNLmeUKciju8Z+PDlovJkFXKh0WZeOnR/Z4PL3XcC/WxpjY87XkuKdK4IBvJibDL2i0rAyEniDU0UXqysIkFtU/Tngz3c3DDkNCtD8=
o++4s2zFzEt3jDSyMHgE4ToGtxRZjPzB77Sfug6M+K8tQOirolQA094is4Pg4MwQXPqwGPkxqjZ6YCY5d9rY78XpE4IrdrQD
qi3tJvBc3VnQOFZw6H0h1FQKcIDdzP7BafNBZFXQiAtlDMhANSD84A+vaJoJ1Adqz6QLC0C6KXRdKiJ9I9Dow+wXgSl3tAw=
Ns9Ui/EUdszSxEaSz5zMi5PKjFYSj/dkKjTPYAWU7cd6nhPEHU4d7Mm/+hqTwN+isNl5ALIHvv/j3Q20dg==
pSCdys6EtM5DmFn3tNU1jkXqcONGZCDrvidD1J6Mc+C5LFl3zja/ZLHmSTydZ6bazxiLcuQxFeDe78oPlyVxtAo=
fR9eOnlJe+JJeLzimejkHoTUJjs3IX9m0zVgH3+Myk778x5dOhT1RzNLmeUKcijs8Z+PDlovJkFXKh0WZeOnR/Z4PL3XcC/WxpjY87XkuKdK4IBsJibDL2i0rAyEniDU0UXqysIkFtU/Tngz3c3DDkNCtD8=
wBoTPExmUS4GMSbPuD0NZITUJjs3IX9m0zVgH3+Myk778x5dOhT1RzNLmeUKcijv8Z+PDlovJkFXKh0WZeOnR/Z4PL3XcC/WxpjY87XkuKdK4IBsJibDL2i0rAyEniDU0UXqysIkFtU/Tngz3c3DDkNCtD8=
NegplMTgfpFC3fhCQEIHNDoGtxRZjPzB77Sfug6M+K8tQOirolQA0N4is4Pg4MwQXPqwGPkxqjZ6YCY5d9rY78XpE4IrdrQD
pdQKGP5Yu/uA/4Z420vTg1QKcIDdzP7BafNBZFXQiAtlDMhANSD/4A+vaJoJ1Adqz6QLC0C6KXRdKiJ9I9Dow+wXgSl3tAw=
y3rAuUdQG0XtrfQbE54NpFqx+kifPJNZyHKlMnTwpCs591BZNwyE/dZyuDP8LnCgWH4dU4oYRko+LwMoyPHJ0xuEL3S0DQ==
TQtatHmtwJzfkb30RBdMTFqx+kifPJNZyHanPHTwpCs591BZNwyE/dZyuDP8LnCgWH4dU4oYRko+LwMoyPHJ0xuEL3S0DQ==
EMk6GTss6svNupefJIXeKdApLfPf8Nk7NSXrXwRqVSEQUOPE7CwPvGprYuC/x+9xGRDGPv0zeZpdrLTxrhNnX8r/OUEyz+y/lcU8SKwksWp4PPk8iTq9JxjXPljm+GAqdq/Qs4UZGGR96bbIVTvU+A35WGSiqcWi8G10Unh9r6lZey/Wx6NOZBGmKby9p0bab1jr8sTx9eB+r6qPt+WRtOo=
k+4QxTjOGKLAhKEGSe1A8ZdW/wLJQ/Agt/t9Y47JX////zl11i4dZHk0Y7JjFLdDhPrtPKFaziUH8Mz7wAedIXO0CA==
w20D4Qtt9iLeR/0KXxAZb+X9GLvNrOXvzHSElo/Jo04J75z3muYpfEjf6zQ7fxz4U6cmB4r9uBAyfxkFHe/Cq+oxX9saVloxfiLoJFwC35ldrcQDVhfqj527l5gPF2xME5WkAOUTqGRbo9AvL1o6UQfHrr0z+ElAaSTSOpUhTMB8avAIWeGq5tpwZqlXClg/5XlTkoumtNM=
mlL4jL6C+XRh4UuiikDRyx5hpJUnE6jvXt87ajVlP4YeKiey9ikh7+/oJFluRv0NpHTbAjv037MMemWMCfoWVf+wFKv4J7Uxe7QA
5Jz25dY1vTLzIZoY7XQGTDfV4vL36NM2V8nVOpp5U2epHx8aHX/Ntemwg0BOVRSlRuRRb28l1JRBTSVcOzqu3ahyWBdPYmB6teI6BHXeVcwx70Ka6xDnwnhJ0cDaN3afe21VtC4=
nJQniC54BeGx89PmKRXjNvaEJ1eNrSoBhh6IHc/VDwesVF1eWt65kPkuSkoYFZvhkQm2gJ9cU/lIlmdcdNDki7mXkHk3LESdVtL4E/xOsEDY3t0zivgG6r5PQ8jI0Qlzm2RvVLQt
g8fuMzfNKQKlI10KdRz0EBd+YCxRRiViWuLBrAkSMvb4qeNdYbXOPF9gK8W4qh9glOycN0kr6MW3kDwhpm6ALxxyyHwo4qUPSkR+Vk7zO3QobXFPa1gXaLQR
G0GM5ITYe3D6bXItpJ1fwyppy9cvmVEZQ08tZlrmybgZBhoS2M3LiTHhBvgfpOOR6H63BDQINKPZv2BBNxS0tTb6KMu8FmCoeLZtywqAtgIeJxMQCIlZW3tMH2y0FQ==
PhzwyzgpRj+SA/DOnJzNmwNa5PIeq3ADdE8tZlrmybgZBhoS2M3LiTHhBvgfpOOR6H63BDQINKPZv2BBNxS0tTb6KMu8FmCoeLZtywqAtgIeJxMQCIlZW3tMH2y0FQ==
jQLL+EnpkRigMIEZJ9h/3nM1mRjFp93noeDaZE02kZyGhEg/f/eJC6qevwaHPwDEy7LEWmB9AfUsh/dWcHt+oPQd7CSUlgCcge1qYpJsNt0vZjibTUVjRhNqtBc=
PTDA495eczBo00kL6E/lTxB7zVqrgwS20wMaYed5HlrKQeQd1LOXFnMg/3T0ivzAxKdhABEx4i8Tw7PUalOkuoWA0k8YF98V3Xye3KTW8wxOn5S0szuX7M8nJJHq7tqZrnrILGx6H3HNNSTLJi/qp81jNxC/7ywkA43ESBWrKMyL+/AnHyL6uZdfTnVDwEloOfxysiXZDKhscpBAqVkqTgooRqFncpjXdeGzWvuetPs=
bH3heeIrXnfmKs9ufFKCzh5hpJQnE6jvXt87ajVlP4YeKiey9ikh7+/oJFluRv0NpHTbAjv037MMemWMCfoWVf+wFKv4J7Uxe7QA
hXdh9bi3Md5/JNjAvBQ40k8QLkdnGIK/qEh85YiP0L6m0abvkneIr7wzJoNizKWYupeYWVCHf37u5saDJCXRj/3mW8YPqqfWQu2jAmti4z2daNVdojOsJhaKrW8bogylp7wSn9iGOfvP2yVMZspi7mxpjR1XqFboR+Cx6mZUbIrPv7JbQrQqwbiUJUGWMhNNh6ZL+VxDRkg643r0gC4Q7K9bKUu8+Srpan35Td9yY9l8rkeT/Nr5zQh2HzX45aN0CtMz4RaHD0aJcs2S2pA5L5xiaCxoEoV/SrReJo4jm2SofREfq+h32LSh
mfv/NRIBrOw+IeTHCwbs4z0yKF+CEo71CFcZQd+q8mwyNevWMBJuaTljQq4Pp/u9WneTHuyeowNcgN3dngck1PGzcqgGwnfiDgVnB90JpCUDS/BWpD5Xhhlb2octtiwvB5wCXAG7ek9Yo8nqVehX9OIzkMMfpHn3kyd/mvv242ckXOYm04ggWDdD5DrNuRT/DZUU6BQU+eowzIHc4eol5yBnlng+aKgqvj8Iky2pIKTlOd4oLcuceEXJ4MSK+V3iCB2cMqDtZ6kR63c2r1M2pIl2ARwFl45apygTkiyhbaBGHwKv73XZtKI=
3evkwvQsYUFDu45QkZsj1e70EOfQdPtXu1bJdeGOn6KlhkEOr48o9h+VbnXggupWk2+BvHmekdxe6mHNiQP9u+RQwedkM3bdz/tlrOaqog5sSUa40AiWiEcA8Urm9Cyqz9/yu8LU6uG4tOUhFtJTLYeGC1nc4waoOoO6VACO0Myvu+krPBlqyWpdua1fEqM5fI6HM3x6Oa0Ill+VeEXjVAqzcwGW589miVIN8lpweU+cQiiM6LLFnErUnoYOg1tEqJ3RfysIN/i0gQ==
KmbrwgWX8krzA+oI6x49roZkHMNMgG59Ilp4dreVI2DrjMT9v8KghVlKQZ2zrqWmISGvVmJESXSUh1X7wCEr8DLFm1d8+eIaHfg+iPQkmA1DFSCrOIGe6DGbR7Lx5r/3LF9r+nof0XAkRHe3fE9er7/zZwufxLR21xvpCN+XNYuJAn16ddeysEB+pcTmmPEPkmLrVQLPG5kS8OI434oW4HcEp6ZzV/aLMOBI5C6qOLN+C4tF9hSzdZjw2+e6GGPlFtyM9UvSHvG6atahoWnXpwFuCb+gFB/6h4TzOys6AYTlSmrtO5CQ8yS3mXnftKQ=
IHWhiLkCp+8H2wVvyiUHKoZkHMNMgG59Ilp4dreVI2DrjMT9v8KghVlKQZ2zrqWmISGvVmJESXSThVX7wCEr8DLFmld8+eIaHfg+iPQkmA1DFSCrOIGe6DGbR7Lx5r/3LF9r+nof0XAkRHe3fE9er7/zZwufxLR21xvpCN+XNYuJAn16ddeysEB+pcTmmPEPkmLrVQLPG5kS8OI434oW4HcEp6ZzV/aLMOBI5C6qOLN+C4tF9hSzdZjw2+e6GGPlFtyM9UvSHvG6atahoWnXpwFuCb+gFB/6h4TzOys6AYTlSmrtO5CQ8yS3mXnftKQ=
8H+Q86lqPvvYhVKnJew5dYZkHMNMgG59Ilp4dreVI2DrjMT9v8KghVlKQZ2zrqWmISGvVmJESXSUh1X7wCEr8DLFlVd8+eIaHfg+iPQkmA1DFSCrOIGe6DGbR7Lx5r/3LF9r+nof0XAkRHe3fE9er7/zZwufxLR21xvpCN+XNYuJAn16ddeysEB+pcTmmPEPkmLrVQLPG5kS8OI434oW4HcEp6ZzV/aLMOBI5C6qOLN+C4tF9hSzdZjw2+e6GGPlFtyM9UvSHvG6atahoWnXpwFuCb+gFB/6h4TzOys6AYTlSmrtO5CQ8yS3mXnftKQ=
G+wewjs24cySxh7Dy+PufoZkHMNMgG59Ilp4dreVI2DrjMT9v8KghVlKQZ2zrqWmISGvVmJESXSThVX7wCEr8DLFlFd8+eIaHfg+iPQkmA1DFSCrOIGe6DGbR7Lx5r/3LF9r+nof0XAkRHe3fE9er7/zZwufxLR21xvpCN+XNYuJAn16ddeysEB+pcTmmPEPkmLrVQLPG5kS8OI434oW4HcEp6ZzV/aLMOBI5C6qOLN+C4tF9hSzdZjw2+e6GGPlFtyM9UvSHvG6atahoWnXpwFuCb+gFB/6h4TzOys6AYTlSmrtO5CQ8yS3mXnftKQ=
viez+PrMJNSb8BtWrPiGR4ZkHMNMgG59Ilp4dreVI2DrjMT9v8KghVlKQZ2zrqWmISGvVmJESXSUh1X7wCEr8DLFl1d8+eIaHfg+iPQkmA1DFSCrOIGe6DGbR7Lx5r/3LF9r+nof0XAkRHe3fE9er7/zZwufxLR21xvpCN+XNYuJAn16ddeysEB+pcTmmPEPkmLrVQLPG5kS8OI434oW4HcEp6ZzV/aLMOBI5C6qOLN+C4tF9hSzdZjw2+e6GGPlFtyM9UvSHvG6atahoWnXpwFuCb+gFB/6h4TzOys6AYTlSmrtO5CQ8yS3mXnftKQ=
pl4as+x6JIU4WLStWNPNIoZkHMNMgG59Ilp4dreVI2DrjMT9v8KghVlKQZ2zrqWmISGvVmJESXSThVX7wCEr8DLFlld8+eIaHfg+iPQkmA1DFSCrOIGe6DGbR7Lx5r/3LF9r+nof0XAkRHe3fE9er7/zZwufxLR21xvpCN+XNYuJAn16ddeysEB+pcTmmPEPkmLrVQLPG5kS8OI434oW4HcEp6ZzV/aLMOBI5C6qOLN+C4tF9hSzdZjw2+e6GGPlFtyM9UvSHvG6atahoWnXpwFuCb+gFB/6h4TzOys6AYTlSmrtO5CQ8yS3mXnftKQ=
z1U+JTmcB75m8cgE/EnlZ4ZkHMNMgG59Ilp4dreVI2DrjMT9v8KghVlKQZ2zrqWmISGvVmJESXSUh1X7wCEr8DLFkVd8+eIaHfg+iPQkmA1DFSCrOIGe6DGbR7Lx5r/3LF9r+nof0XAkRHe3fE9er7/zZwufxLR21xvpCN+XNYuJAn16ddeysEB+pcTmmPEPkmLrVQLPG5kS8OI434oW4HcEp6ZzV/aLMOBI5C6qOLN+C4tF9hSzdZjw2+e6GGPlFtyM9UvSHvG6atahoWnXpwFuCb+gFB/6h4TzOys6AYTlSmrtO5CQ8yS3mXnftKQ=
ehVAd6hrhmYygfLvn/H60oZkHMNMgG59Ilp4dreVI2DrjMT9v8KghVlKQZ2zrqWmISGvVmJESXSThVX7wCEr8DLFkFd8+eIaHfg+iPQkmA1DFSCrOIGe6DGbR7Lx5r/3LF9r+nof0XAkRHe3fE9er7/zZwufxLR21xvpCN+XNYuJAn16ddeysEB+pcTmmPEPkmLrVQLPG5kS8OI434oW4HcEp6ZzV/aLMOBI5C6qOLN+C4tF9hSzdZjw2+e6GGPlFtyM9UvSHvG6atahoWnXpwFuCb+gFB/6h4TzOys6AYTlSmrtO5CQ8yS3mXnftKQ=
6y5YXLCIyebuvYK/xSslUoZkHMNMgG59Ilp4dreVI2DrjMT9v8KghVlKQZ2zrqWmISGvVmJESXSUh1X7wCEr8DLFk1d8+eIaHfg+iPQkmA1DFSCrOIGe6DGbR7Lx5r/3LF9r+nof0XAkRHe3fE9er7/zZwufxLR21xvpCN+XNYuJAn16ddeysEB+pcTmmPEPkmLrVQLPG5kS8OI434oW4HcEp6ZzV/aLMOBI5C6qOLN+C4tF9hSzdZjw2+e6GGPlFtyM9UvSHvG6atahoWnXpwFuCb+gFB/6h4TzOys6AYTlSmrtO5CQ8yS3mXnftKQ=
DKHBKR4kQwDZtG/KuWuJOYZkHMNMgG59Ilp4dreVI2DrjMT9v8KghVlKQZ2zrqWmISGvVmJESXSThVX7wCEr8DLFkld8+eIaHfg+iPQkmA1DFSCrOIGe6DGbR7Lx5r/3LF9r+nof0XAkRHe3fE9er7/zZwufxLR21xvpCN+XNYuJAn16ddeysEB+pcTmmPEPkmLrVQLPG5kS8OI434oW4HcEp6ZzV/aLMOBI5C6qOLN+C4tF9hSzdZjw2+e6GGPlFtyM9UvSHvG6atahoWnXpwFuCb+gFB/6h4TzOys6AYTlSmrtO5CQ8yS3mXnftKQ=
oHut3VRhNAzezZtmI/HR2YZkHMNMgG59Ilp4dreVI2DrjMT9v8KghVlKQZ2zrqWmISGvVmJESXSUh1X7wCEr8DLFm1Z8+eIaHfg+iPQkmA1DFSCrOIGe6DGbR7Lx5r/3LF9r+nof0XAkRHe3fE9er7/zZwufxLR21xvpCN+XNYuJAn16ddeysEB+pcTmmPEPkmLrVQLPG5kS8OI434oW4HcEp6ZzV/aLMOBI5C6qOLN+C4tF9hSzdZjw2+e6GGPlFtyM9UvSHvG6atahoWnXpwFuCb+gFB/6h4TzOys6AYTlSmrtO5CQ8yS3mXnftKQ=
vkmBFv8dlJAmSIrfjFJVNIZkHMNMgG59Ilp4dreVI2DrjMT9v8KghVlKQZ2zrqWmISGvVmJESXSThVX7wCEr8DLFmlZ8+eIaHfg+iPQkmA1DFSCrOIGe6DGbR7Lx5r/3LF9r+nof0XAkRHe3fE9er7/zZwufxLR21xvpCN+XNYuJAn16ddeysEB+pcTmmPEPkmLrVQLPG5kS8OI434oW4HcEp6ZzV/aLMOBI5C6qOLN+C4tF9hSzdZjw2+e6GGPlFtyM9UvSHvG6atahoWnXpwFuCb+gFB/6h4TzOys6AYTlSmrtO5CQ8yS3mXnftKQ=
/SQ3uYTVo/VxLOSOvkZy0YZkHMNMgG59Ilp4dreVI2DrjMT9v8KghVlKQZ2zrqWmISGvVmJESXSUh1X7wCEr8DLFlVZ8+eIaHfg+iPQkmA1DFSCrOIGe6DGbR7Lx5r/3LF9r+nof0XAkRHe3fE9er7/zZwufxLR21xvpCN+XNYuJAn16ddeysEB+pcTmmPEPkmLrVQLPG5kS8OI434oW4HcEp6ZzV/aLMOBI5C6qOLN+C4tF9hSzdZjw2+e6GGPlFtyM9UvSHvG6atahoWnXpwFuCb+gFB/6h4TzOys6AYTlSmrtO5CQ8yS3mXnftKQ=
2Hlst62lYg62OU5ctmEFU4ZkHMNMgG59Ilp4dreVI2DrjMT9v8KghVlKQZ2zrqWmISGvVmJESXSThVX7wCEr8DLFlFZ8+eIaHfg+iPQkmA1DFSCrOIGe6DGbR7Lx5r/3LF9r+nof0XAkRHe3fE9er7/zZwufxLR21xvpCN+XNYuJAn16ddeysEB+pcTmmPEPkmLrVQLPG5kS8OI434oW4HcEp6ZzV/aLMOBI5C6qOLN+C4tF9hSzdZjw2+e6GGPlFtyM9UvSHvG6atahoWnXpwFuCb+gFB/6h4TzOys6AYTlSmrtO5CQ8yS3mXnftKQ=
b/Cu9jtqYSqMv5UxuR3VLYZkHMNMgG59Ilp4dreVI2DrjMT9v8KghVlKQZ2zrqWmISGvVmJESXSUh1X7wCEr8DLFl1Z8+eIaHfg+iPQkmA1DFSCrOIGe6DGbR7Lx5r/3LF9r+nof0XAkRHe3fE9er7/zZwufxLR21xvpCN+XNYuJAn16ddeysEB+pcTmmPEPkmLrVQLPG5kS8OI434oW4HcEp6ZzV/aLMOBI5C6qOLN+C4tF9hSzdZjw2+e6GGPlFtyM9UvSHvG6atahoWnXpwFuCb+gFB/6h4TzOys6AYTlSmrtO5CQ8yS3mXnftKQ=
bew7FurrIa/tEsQg5isUXoZkHMNMgG59Ilp4dreVI2DrjMT9v8KghVlKQZ2zrqWmISGvVmJESXSThVX7wCEr8DLFllZ8+eIaHfg+iPQkmA1DFSCrOIGe6DGbR7Lx5r/3LF9r+nof0XAkRHe3fE9er7/zZwufxLR21xvpCN+XNYuJAn16ddeysEB+pcTmmPEPkmLrVQLPG5kS8OI434oW4HcEp6ZzV/aLMOBI5C6qOLN+C4tF9hSzdZjw2+e6GGPlFtyM9UvSHvG6atahoWnXpwFuCb+gFB/6h4TzOys6AYTlSmrtO5CQ8yS3mXnftKQ=
V1yZV4DlvPHiTE/3RFbx/IZkHMNMgG59Ilp4dreVI2DrjMT9v8KghVlKQZ2zrqWmISGvVmJESXSUh1X7wCEr8DLFkVZ8+eIaHfg+iPQkmA1DFSCrOIGe6DGbR7Lx5r/3LF9r+nof0XAkRHe3fE9er7/zZwufxLR21xvpCN+XNYuJAn16ddeysEB+pcTmmPEPkmLrVQLPG5kS8OI434oW4HcEp6ZzV/aLMOBI5C6qOLN+C4tF9hSzdZjw2+e6GGPlFtyM9UvSHvG6atahoWnXpwFuCb+gFB/6h4TzOys6AYTlSmrtO5CQ8yS3mXnftKQ=
vlkyonuN1AbaIV3xSeyIiYZkHMNMgG59Ilp4dreVI2DrjMT9v8KghVlKQZ2zrqWmISGvVmJESXSThVX7wCEr8DLFkFZ8+eIaHfg+iPQkmA1DFSCrOIGe6DGbR7Lx5r/3LF9r+nof0XAkRHe3fE9er7/zZwufxLR21xvpCN+XNYuJAn16ddeysEB+pcTmmPEPkmLrVQLPG5kS8OI434oW4HcEp6ZzV/aLMOBI5C6qOLN+C4tF9hSzdZjw2+e6GGPlFtyM9UvSHvG6atahoWnXpwFuCb+gFB/6h4TzOys6AYTlSmrtO5CQ8yS3mXnftKQ=
bbkOQiZlgyeLZbAeQFN8+4ZkHMNMgG59Ilp4dreVI2DrjMT9v8KghVlKQZ2zrqWmISGvVmJESXSUh1X7wCEr8DLFk1Z8+eIaHfg+iPQkmA1DFSCrOIGe6DGbR7Lx5r/3LF9r+nof0XAkRHe3fE9er7/zZwufxLR21xvpCN+XNYuJAn16ddeysEB+pcTmmPEPkmLrVQLPG5kS8OI434oW4HcEp6ZzV/aLMOBI5C6qOLN+C4tF9hSzdZjw2+e6GGPlFtyM9UvSHvG6atahoWnXpwFuCb+gFB/6h4TzOys6AYTlSmrtO5CQ8yS3mXnftKQ=
4r/crIlgckfLP4S7WwwR+IZkHMNMgG59Ilp4dreVI2DrjMT9v8KghVlKQZ2zrqWmISGvVmJESXSThVX7wCEr8DLFklZ8+eIaHfg+iPQkmA1DFSCrOIGe6DGbR7Lx5r/3LF9r+nof0XAkRHe3fE9er7/zZwufxLR21xvpCN+XNYuJAn16ddeysEB+pcTmmPEPkmLrVQLPG5kS8OI434oW4HcEp6ZzV/aLMOBI5C6qOLN+C4tF9hSzdZjw2+e6GGPlFtyM9UvSHvG6atahoWnXpwFuCb+gFB/6h4TzOys6AYTlSmrtO5CQ8yS3mXnftKQ=
/dbn8LkMyQv+vyYKYI/k8XeER1H5HvqjOTDN2cxigS4MLas/HMy6iwn9Ti2T0LNSzdoRROucLm4CYTMYoucc3YPm3PYwxEqYpOOioW2aQ8ywORbRrEc3BkCX0zbPMJR2dJpXWFMjC+1m8uFXlQvDSh0mk88oTw+yBn9N+ID0s2+QT7J3e0LXjB2kyDeyC+0w81fZcw2S2bJJ9664JA7hnEoYXddWkg9dHu8n0bZgZkCzyjrYcxRDbo+3agOUUAy8QqpU6zq7L81q9E+9fODf35ZYD52STCi9d/IC+V6aEnkN6Xv/RR5tt7w0IzIjFHfDx/otvOFaDqVH8Ax7gAddoTO0SA==
SfTZaLBKDn4r3nNPar6fdIZkHMNMgG59Ilp4dreVI2DrjMT9v8KghVlKQZ2zrqWmISGvVmJESXSThVX7wCEr8DLFm1l8+eIaHfg+iPQkmA1DFSCrOIGe6DGbR7Lx5r/3LF9r+nof0XAkRHe3fE9er7/zZwufxLR21xvpCN+XNYuJAn16ddeysEB+pcTmmPEPkmLrVQLPG5kS8OI434oW4HcEp6ZzV/aLMOBI5C6qOLN+C4tF9hSzdZjw2+e6GGPlFtyM9UvSHvG6atahoWnXpwFuCb+gFB/6h4TzOys6AYTlSmrtO5CQ8yS3mXnftKQ=
VqvTp/fZvPekNURBEDuiGqyZ0/0lcOvSjxi5N1z2oJlRmsczePbMOqKO7ZiwIi3cdnl0q4Vmzl723o/go7BenmMIzIRbCfiN/P02JtZe4B3fyQAmFiZfYOd/6s5hKL9g2Jy2dDHtg9SoD3dy3s2w4A3hz8UZLh6cpiScxyFv3y7CEqde7ag+Yohg37G+SWqS3ht4ylnjLqSXxzfIJ0uUhZJyGp1m9pjYNMb/FWWZVB+ec+rjRa8npCeTDIBrYfTc7bdoSMP3IFPHHppdv3O+IXscyawxsOKGPSWsjIQeIFTRxupKwqQWVT/OeLPdTcOOQ8K0vw==
/dbn8LkMyQv+vyYKYI/k8XeER1H5HvqjOTDN2cxigS4MLas/HMy6iwn9Ti2T0LNSzdoRROucLm4CYTMYoucc3YPm3PYwxEqYpOOioW2aQ8ywORbRrEc3BkCX0zbPMJR2dJpXWFMjC+1m8uFXlQvDSh0mk88oTw+yBn9N+ID0s2+QT7J3e0LXjB2kyDeyC+0w81fZcw2S2bJJ9664JA7hnEoYXddWkg9dHu8n0bZgZkCzyjrYcxRDbo+3agOUUAy8QqpU6zq7L81q9E+9fODf35ZYD52STCi9d/IC+V6aEnkN6Xv/RR5tt7w0IzIjFHfDx/otvOFaDqVH8Ax7gAddoTO0SA==
VqvTp/fZvPekNURBEDuiGqyZ0/0lcOvSjxi5N1z2oJlRmsczePbMOqKO7ZiwIi3cdnl0q4Vmzl723o/go7BenmMIzIRbCfiN/P02JtZe4B3fyQAmFiZfYOd/6s5hKL9g2Jy2dDHtg9SoD3dy3s2w4A3hz8UZLh6cpiScxyFv3y7CEqde7ag+Yohg37G+SWqS3ht4ylnjLqSXxzfIJ0uUhZJyGp1m9pjYNMb/FWWZVB+ec+rjRa8npCeTDIBrYfTc7bdoSMP3IFPHHppdv3O+IXscyawxsOKGPSWsjIQeIFTRxupKwqQWVT/OeLPdTcOOQ8K0vw==
/dbn8LkMyQv+vyYKYI/k8XeER1H5HvqjOTDN2cxigS4MLas/HMy6iwn9Ti2T0LNSzdoRROucLm4CYTMYoucc3YPm3PYwxEqYpOOioW2aQ8ywORbRrEc3BkCX0zbPMJR2dJpXWFMjC+1m8uFXlQvDSh0mk88oTw+yBn9N+ID0s2+QT7J3e0LXjB2kyDeyC+0w81fZcw2S2bJJ9664JA7hnEoYXddWkg9dHu8n0bZgZkCzyjrYcxRDbo+3agOUUAy8QqpU6zq7L81q9E+9fODf35ZYD52STCi9d/IC+V6aEnkN6Xv/RR5tt7w0IzIjFHfDx/otvOFaDqVH8Ax7gAddoTO0SA==
VqvTp/fZvPekNURBEDuiGqyZ0/0lcOvSjxi5N1z2oJlRmsczePbMOqKO7ZiwIi3cdnl0q4Vmzl723o/go7BenmMIzIRbCfiN/P02JtZe4B3fyQAmFiZfYOd/6s5hKL9g2Jy2dDHtg9SoD3dy3s2w4A3hz8UZLh6cpiScxyFv3y7CEqde7ag+Yohg37G+SWqS3ht4ylnjLqSXxzfIJ0uUhZJyGp1m9pjYNMb/FWWZVB+ec+rjRa8npCeTDIBrYfTc7bdoSMP3IFPHHppdv3O+IXscyawxsOKGPSWsjIQeIFTRxupKwqQWVT/OeLPdTcOOQ8K0vw==
/dbn8LkMyQv+vyYKYI/k8XeER1H5HvqjOTDN2cxigS4MLas/HMy6iwn9Ti2T0LNSzdoRROucLm4CYTMYoucc3YPm3PYwxEqYpOOioW2aQ8ywORbRrEc3BkCX0zbPMJR2dJpXWFMjC+1m8uFXlQvDSh0mk88oTw+yBn9N+ID0s2+QT7J3e0LXjB2kyDeyC+0w81fZcw2S2bJJ9664JA7hnEoYXddWkg9dHu8n0bZgZkCzyjrYcxRDbo+3agOUUAy8QqpU6zq7L81q9E+9fODf35ZYD52STCi9d/IC+V6aEnkN6Xv/RR5tt7w0IzIjFHfDx/otvOFaDqVH8Ax7gAddoTO0SA==
VqvTp/fZvPekNURBEDuiGqyZ0/0lcOvSjxi5N1z2oJlRmsczePbMOqKO7ZiwIi3cdnl0q4Vmzl723o/go7BenmMIzIRbCfiN/P02JtZe4B3fyQAmFiZfYOd/6s5hKL9g2Jy2dDHtg9SoD3dy3s2w4A3hz8UZLh6cpiScxyFv3y7CEqde7ag+Yohg37G+SWqS3ht4ylnjLqSXxzfIJ0uUhZJyGp1m9pjYNMb/FWWZVB+ec+rjRa8npCeTDIBrYfTc7bdoSMP3IFPHHppdv3O+IXscyawxsOKGPSWsjIQeIFTRxupKwqQWVT/OeLPdTcOOQ8K0vw==
/dbn8LkMyQv+vyYKYI/k8XeER1H5HvqjOTDN2cxigS4MLas/HMy6iwn9Ti2T0LNSzdoRROucLm4CYTMYoucc3YPm3PYwxEqYpOOioW2aQ8ywORbRrEc3BkCX0zbPMJR2dJpXWFMjC+1m8uFXlQvDSh0mk88oTw+yBn9N+ID0s2+QT7J3e0LXjB2kyDeyC+0w81fZcw2S2bJJ9664JA7hnEoYXddWkg9dHu8n0bZgZkCzyjrYcxRDbo+3agOUUAy8QqpU6zq7L81q9E+9fODf35ZYD52STCi9d/IC+V6aEnkN6Xv/RR5tt7w0IzIjFHfDx/otvOFaDqVH8Ax7gAddoTO0SA==
VqvTp/fZvPekNURBEDuiGqyZ0/0lcOvSjxi5N1z2oJlRmsczePbMOqKO7ZiwIi3cdnl0q4Vmzl723o/go7BenmMIzIRbCfiN/P02JtZe4B3fyQAmFiZfYOd/6s5hKL9g2Jy2dDHtg9SoD3dy3s2w4A3hz8UZLh6cpiScxyFv3y7CEqde7ag+Yohg37G+SWqS3ht4ylnjLqSXxzfIJ0uUhZJyGp1m9pjYNMb/FWWZVB+ec+rjRa8npCeTDIBrYfTc7bdoSMP3IFPHHppdv3O+IXscyawxsOKGPSWsjIQeIFTRxupKwqQWVT/OeLPdTcOOQ8K0vw==
/dbn8LkMyQv+vyYKYI/k8XeER1H5HvqjOTDN2cxigS4MLas/HMy6iwn9Ti2T0LNSzdoRROucLm4CYTMYoucc3YPm3PYwxEqYpOOioW2aQ8ywORbRrEc3BkCX0zbPMJR2dJpXWFMjC+1m8uFXlQvDSh0mk88oTw+yBn9N+ID0s2+QT7J3e0LXjB2kyDeyC+0w81fZcw2S2bJJ9664JA7hnEoYXddWkg9dHu8n0bZgZkCzyjrYcxRDbo+3agOUUAy8QqpU6zq7L81q9E+9fODf35ZYD52STCi9d/IC+V6aEnkN6Xv/RR5tt7w0IzIjFHfDx/otvOFaDqVH8Ax7gAddoTO0SA==
VqvTp/fZvPekNURBEDuiGqyZ0/0lcOvSjxi5N1z2oJlRmsczePbMOqKO7ZiwIi3cdnl0q4Vmzl723o/go7BenmMIzIRbCfiN/P02JtZe4B3fyQAmFiZfYOd/6s5hKL9g2Jy2dDHtg9SoD3dy3s2w4A3hz8UZLh6cpiScxyFv3y7CEqde7ag+Yohg37G+SWqS3ht4ylnjLqSXxzfIJ0uUhZJyGp1m9pjYNMb/FWWZVB+ec+rjRa8npCeTDIBrYfTc7bdoSMP3IFPHHppdv3O+IXscyawxsOKGPSWsjIQeIFTRxupKwqQWVT/OeLPdTcOOQ8K0vw==
/dbn8LkMyQv+vyYKYI/k8XeER1H5HvqjOTDN2cxigS4MLas/HMy6iwn9Ti2T0LNSzdoRROucLm4CYTMYoucc3YPm3PYwxEqYpOOioW2aQ8ywORbRrEc3BkCX0zbPMJR2dJpXWFMjC+1m8uFXlQvDSh0mk88oTw+yBn9N+ID0s2+QT7J3e0LXjB2kyDeyC+0w81fZcw2S2bJJ9664JA7hnEoYXddWkg9dHu8n0bZgZkCzyjrYcxRDbo+3agOUUAy8QqpU6zq7L81q9E+9fODf35ZYD52STCi9d/IC+V6aEnkN6Xv/RR5tt7w0IzIjFHfDx/otvOFaDqVH8Ax7gAddoTO0SA==
VqvTp/fZvPekNURBEDuiGqyZ0/0lcOvSjxi5N1z2oJlRmsczePbMOqKO7ZiwIi3cdnl0q4Vmzl723o/go7BenmMIzIRbCfiN/P02JtZe4B3fyQAmFiZfYOd/6s5hKL9g2Jy2dDHtg9SoD3dy3s2w4A3hz8UZLh6cpiScxyFv3y7CEqde7ag+Yohg37G+SWqS3ht4ylnjLqSXxzfIJ0uUhZJyGp1m9pjYNMb/FWWZVB+ec+rjRa8npCeTDIBrYfTc7bdoSMP3IFPHHppdv3O+IXscyawxsOKGPSWsjIQeIFTRxupKwqQWVT/OeLPdTcOOQ8K0vw==
/dbn8LkMyQv+vyYKYI/k8XeER1H5HvqjOTDN2cxigS4MLas/HMy6iwn9Ti2T0LNSzdoRROucLm4CYTMYoucc3YPm3PYwxEqYpOOioW2aQ8ywORbRrEc3BkCX0zbPMJR2dJpXWFMjC+1m8uFXlQvDSh0mk88oTw+yBn9N+ID0s2+QT7J3e0LXjB2kyDeyC+0w81fZcw2S2bJJ9664JA7hnEoYXddWkg9dHu8n0bZgZkCzyjrYcxRDbo+3agOUUAy8QqpU6zq7L81q9E+9fODf35ZYD52STCi9d/IC+V6aEnkN6Xv/RR5tt7w0IzIjFHfDx/otvOFaDqVH8Ax7gAddoTO0SA==
VqvTp/fZvPekNURBEDuiGqyZ0/0lcOvSjxi5N1z2oJlRmsczePbMOqKO7ZiwIi3cdnl0q4Vmzl723o/go7BenmMIzIRbCfiN/P02JtZe4B3fyQAmFiZfYOd/6s5hKL9g2Jy2dDHtg9SoD3dy3s2w4A3hz8UZLh6cpiScxyFv3y7CEqde7ag+Yohg37G+SWqS3ht4ylnjLqSXxzfIJ0uUhZJyGp1m9pjYNMb/FWWZVB+ec+rjRa8npCeTDIBrYfTc7bdoSMP3IFPHHppdv3O+IXscyawxsOKGPSWsjIQeIFTRxupKwqQWVT/OeLPdTcOOQ8K0vw==
/dbn8LkMyQv+vyYKYI/k8XeER1H5HvqjOTDN2cxigS4MLas/HMy6iwn9Ti2T0LNSzdoRROucLm4CYTMYoucc3YPm3PYwxEqYpOOioW2aQ8ywORbRrEc3BkCX0zbPMJR2dJpXWFMjC+1m8uFXlQvDSh0mk88oTw+yBn9N+ID0s2+QT7J3e0LXjB2kyDeyC+0w81fZcw2S2bJJ9664JA7hnEoYXddWkg9dHu8n0bZgZkCzyjrYcxRDbo+3agOUUAy8QqpU6zq7L81q9E+9fODf35ZYD52STCi9d/IC+V6aEnkN6Xv/RR5tt7w0IzIjFHfDx/otvOFaDqVH8Ax7gAddoTO0SA==
VqvTp/fZvPekNURBEDuiGqyZ0/0lcOvSjxi5N1z2oJlRmsczePbMOqKO7ZiwIi3cdnl0q4Vmzl723o/go7BenmMIzIRbCfiN/P02JtZe4B3fyQAmFiZfYOd/6s5hKL9g2Jy2dDHtg9SoD3dy3s2w4A3hz8UZLh6cpiScxyFv3y7CEqde7ag+Yohg37G+SWqS3ht4ylnjLqSXxzfIJ0uUhZJyGp1m9pjYNMb/FWWZVB+ec+rjRa8npCeTDIBrYfTc7bdoSMP3IFPHHppdv3O+IXscyawxsOKGPSWsjIQeIFTRxupKwqQWVT/OeLPdTcOOQ8K0vw==
wfkfhmW25nuYsJQyoK8vSJzP1f2lgahksRVDDztpw2AGjY045bioco7QaS74jeeuVJG0MJk8rhGZquOHfQOT96RXwdFLnGB58Y3qlT+Te3dz8wKgkaPtlrDYf0xtfjLt2nliq9TfVq4Y9zVOLjIZcSHf1QCU2v3nD5VodadB+dNgKI6pIpqxs2c1MzuAkDOoR+20EYr27wZLt8jKpTUmrrfrl0eqKdNaClXzvmdixbIWgjuxrfoh+R1VLH4a6yVdiYxN3CVlLxes5J3cWAD15GPDWHtGGTOJ6lHY5vkbX4Ev0L7UxaiNl/9LcLNztOpBMDZ4HwEX0XVTGNvlOt7H7RKq7IO/BHGMXjoBXckzHctk4OEXJKPWjc+rxTynTo2g7Dmkh5OY9lhHUBHaJsRMWk9v0ssCREoxuGRFsdaic50HdmtpHHPm+DpT2sRAvjC8LwvJ23yJyplqDRk9H+KDifz+ZwM86ll9CMa/Bbh1g6SKA1NxVndvtomCrWKaAFn/HLJIvCgiJcxKBP4WTrO7NCgt8Y9rmJeotNE=
7Tdgb85u/zzePy3p62Z+38+rsW81NyFnWG+1asCfnqKoJJ/1vn2MAFzczmYFKjQ4UCL2HR4rUelQRDPlnrpkVFvbprtCzMpPl3ps4XrU/BNwmVobzPRxxfgnU/CfMZWxLUBQItYEynA07NuoYKvHorGb/KlAQ/EgoVcCrzIGzFvyq46458joZlFr5jcCzRLssxFFb5KCAJ7t5QNLsMbTuSYU048EsWbOAilvegItdyshh3/e3W0AWUFLXP2yggemGLfAEQPLXaHutYI8kyM19GOXSYt8LiqSwnnMKpYWv6XIrbxX/1g14cO3Ys9cbrp/t+hMOClubjXs+xBzPzXcRu0VMErlKkJ7TytZjo1/9CWQv6bMH1eGsDhcCE8sS6U73T9dVFYCJnczjO23h0+T6geOFwewBPp2f6AU2ANrSOrRYYAfeW1oGHj87Sqk5K1sXdKRRzQ/CijSAFwqSlfkw7HxNARRAWKYAeMIuFEhjDT2ASkCnMWA4gzFUyklw9tmswuixH0O/Wzp/5kaMwA/IpCZ2QBSx55/g52ttNY=
zZB1MNmEhXskNysfA+qh1HR0yHLlZzr5pWBazieFBNzR3eRpjIwubQjEKVbcTbVmQomNHX/UUoZueZfXbFg2SYgBax+w/PaptMtflhS+n8Oj02Exb1EuwW6EVThkbxFHniu3ASexQ4kGTsnhASAwcqsSRYwOiwqjBiUsfRp4OP0BsGZghfdRZREujNjRkc9//OtP84X1cDKqZ5r4PSUHf8cFiILv7vcXMH9SNIMwS52cFA1HmkjnsXNJ0gsfDKrfR8CvsNm05rh/HzV4jQ9dPzhgctnZ+xkW6ZIdhyMBTC7pYtCSqSJTuVyVHlvfP2r7DLjR6WPn/wraWj0KwUHfQURNO+Z2x0CMvDEZFf0Dk/JPe9Jsu8sCsMhNB2b9Gj5w9WPBIcGN1BplefxhurvPgZHiDzwxRrxjQInrujoO59qlpO4WUFy/VZZlmsbmx/gOUa++kI87l+zPJySR6u7ama56yCxseh9xzTUkyyYv6qfNYzcQv+8sJAONxEgVqyjMi/vwJx8i+rmXX051Q8BJaDn8crIl2QyobHKQQKlaKk4KKEahZ3KY13Xhs1r7nrT7
QgF6g6vXV9Vf7w33S8jnkKWNAjnSB4xMAAwM6WmOb3MdYR4J6WBBV+CpWdDKe5lr7JJGFpusVY0JtaIGRZentvgbuf0qbkpmRyt2yfWKAT8iwXDFVIn2higEL/lVisChluz4A1TR5vtQfJV1vP9/8LPp0QHJyMzCakzuYDDUN+jMU0MyVVOAiVxL1dDlD+4vXt4IK9ajkpgbgIz21RNK9271FvyX2fkPDgpkLim9L0ucnhcJQpxP77h5Qt4GEQO6rlXzu0XPg/7BZSQphZMwfV7aQ1Y8v9wxfwO5MWpNLnx/GzHkR9/1a+CmziKGoeAqus77FSwlILdDEBHxx4+Oj/CWPu9TIDAYNWZKxaij/PNT7Rg2yR0sahliJuvLU/VO4UfwNbR3GqyD3+IA/AQkTwATYYu5t8E06soCZze0gXcrNxd6Y8brJ6wM3ga7eHhY7zMMGvVpnD8FpYyI/ARBakjcqXx5mi2nqLfumJbYcCpmj6BzVXmo5O1JRogF2+T4/dkIpBLJVSKAzaQSSJ2/qUkbHxaXA77kgUaZ/G2HNdpfODsytFFlYM5P+s9HxYG0+g==
QgF6g6vXV9Vf7w33S8jnkKWNAjnSB4xMAAwM6WmOb3MdYR4J6WBBV+CpWdDKe5lr7JJGFpusVY0JtaIGRZentvgbuf0qbkpmRyt2yfWKAT8iwXDFVIn2higEL/lVisChluz4A1TR5vtQfJV1vP9/8LPp0QHJyMzCakzuYDDUN+jMU0MyVVOAiVxL1dDlD+4vXt4IK9ajkpgbgIz21RNK9271FvyX2fkPDgpkLim9L0ucnhcJQpxP77h5Qt4GEQO6rlXzu0XPg/7BZSQphZMwfV7aQ1Y8v9wxfwO5MWpNLnx/GzHkR9/1a+CmziKGoeAqus77FSwlILdDEBHxx4+Oj/CWPu9TIDAYNWZKxaij/PNT7Rg2yR0sahliJuvLU/VO4UfwNbR3GqyD3+IA/AQkTwATYYu5t8E06soCZze0gXcrNxd6Y8brJ6wM3ga7eHhY7zMMGvVpnD8FpYyI/ARBakjcqXx5mi2nqLfumJbYcCpmj6BzVXmo5O1JRogF2+T4/dkIpBLJVSKAzaQSSJ2/qUkbHxaXA77kgUaZ/G2HNdpfODsytFFlYM5P+s9HxYG0+g==
HZxsVm9XVchT6lBafqs7W2ZpaBfsBcG7zt0BV6zqumU52SxX0THx5qBKrDFFJbqDFdDebDWXKYajKgNI8XoAblXfMfJc5HxllmnodWB932abYgcFFMyE4sUbYr0AyxawIy1aU+lwJUU3WX8EivKMINh4NtghiBqfBerjP2Y52sdjSAOjuO8I8u4z4K+UqP3sui6T35yX+HmQZCG1H79IxlJ2z5E5S4qy8VF0UAlfXhX0RoCdldp4mbVjc6NlzsdpEjFjv2a9CHalzoozWoGZbw/pLIH4HGkXN/xxsxNbpmp4emANdqosYh1Nmulmh6V8J+nBg5jvJlp4N+VM1qiz6vxdTg+qMwXB/i7/ESpa/w4QM42fIy53y3atAhv8HMUT1FgaKDJPFj+H0497h4QMprT/sTgXF/37UaJVqg0XqgDoHl1ULpi5n+qCQ+Uaj+PJOlC6yJcKXtCvZE/2y5fue1jAcHTmqvAjRivjte7UCyVwkAPX8pgrFU58pKWzkgZBEoquMelpHzf5DqEPuNRnKq8kK0vjusm0vaoCPYPQiIPMl6Hpl7Ts
wBVRqIiQcpTFem3APJl81crmgzagdknn82RFyFPR0nlDamTtXZXa9vBV52+gnh42HrCi17cgG4PrfBxx42JJqH1T5SeqjiOESaq7UIWWloEpImLAWSLyUPFdsQOQtxOuug7u082RusPoDWaVPHhaf4gEOajWVQRlf2W6BEi79CCDysp441RzTn83OmOEkPwcEqoES8p7P606dL+dTKBPf2ZYP/0CjNhdx3JS2U5aohld6asf9V59l2y0k1JTVOcj/PpdHHGaPoU3cNybkEctAeO0mA==
CvLFiMQOSrHhlmwR/9W/FTK9RxRvrFaG7XR3n9Pu9lu9kKUG6whEXWDSJq2xqUKZ33lNWaL4Njo6D6kMzzvQlzKORz/DC8yWFehfmq1cs46QjS8iZMxfOsRc522nb6avdYKcbsj/q0mMrz49MFkKIJwzzsR/5BANsqkp1Wxo/mOSjCWqbNSFzMUi6Yes7zIIepCUKoLHTOOJIazEKfH6OCnTwDiZUWRUbjERwgQV+AJkVRsp7VMzBktbOoRFPmWMgQ/amnswF4II6SFAypemXysN5bSe
O8ZwY4iZ/mRD4thsdKEe0mIaPKz68U6+s7uPQiaMhHKxbcWgqfs1rS1JPQjJ7GDzhekFBRC9kMvgRLkp/Uw72hHzz1K5XwKoftAiNNY4EhUDqKLlTty+Sdp45S71HSPgPAv+eW1Y/RFZkaXJ86HcOZ0pZN4Gc6lfz5Y9BdIlDydSUhq9plYYuPQm/3UledS/3lPqwwUPp0Rn8wxgqwF0fC2XaGgDV6AzB/6aPf+TPoE7PMmMcRBiZn1FrGxEfqD0Ee3qagIEljX/LnjTna1DLgPitJ8=
01rYq61pOw7sIXKV1G8fOWIaPKz68U6+s7uPQiaMhHKxbcWgqfs1qy1JPQjP7GDzhekFBRC9kMvgRLkp0Vs70w392FK5XwKoftAiNNY4EhUDqKLlTty+Sdp45S71HSPgPAv+eW1Y/RFZkaXJ86HcOZ0pZN4Gc6lfz5Y9BdIlDydSUhq9plYYuPQm/3UledS/3lPqwwUPp0Rn8wxgqwF0fC2XaGgDV6AzB/6aPf+TPoE7PMmMcRBiZn1FrGxEfqD0Ee3qagIEljX/LnjTna1DLgPitJ8=
T/rSEsvjvwqc/OcxvP526yQc5e7WOA7n1CvdZh96oTD1rV0HTEuyM4DXuP8Dy22p7BbOLNBukuCfW8hKf1a0twOq996tsJ1B6oJiJhImIjYK7w+uoudKIrZDJm713OEz2/oQ7d5biQbV+wWnVZvHb4QDUW8kHELNYRVzQG23Bku3/T70+t8CyHASaFBP51H3TMVS1WpBgXEvzhtlnBI/rwzmgfHIymeJCFnbSOrvS93mO3f6Cc61LiqsQRN8XhCQmK79y4qIJhp+H+PYSMFpo1vUD+S0nQ==
hTHK8yxCGSIQ26t3ZsYVJGIaPKz68U6+s7uPQiaMhHKxbcWgqfs1qy1JPQjP7GDzhekFBRC9kMvgRLkp/Uw7xAzyxVK5XwKoftAiNNY4EhUDqKLlTty+Sdp45S71HSPgPAv+eW1Y/RFZkaXJ86HcOZ0pZN4Gc6lfz5Y9BdIlDydSUhq9plYYuPQm/3UledS/3lPqwwUPp0Rn8wxgqwF0fC2XaGgDV6AzB/6aPf+TPoE7PMmMcRBiZn1FrGxEfqD0Ee3qagIEljX/LnjTna1DLgPitJ8=
yG51FZCuui1WwWkgfeKrqiQc5e7WOA7n1CvdZh96oTD1rV0HTEuyNYDXuP8Fy22p7BbOLNBukuCfW8hKblC2oge+996tsJ1B6oJiJhImIjYK7w+uoudKIrZDJm713OEz2/oQ7d5biQbV+wWnVZvHb4QDUW8kHELNYRVzQG23Bku3/T70+t8CyHASaFBP51H3TMVS1WpBgXEvzhtlnBI/rwzmgfHIymeJCFnbSOrvS93mO3f6Cc61LiqsQRN8XhCQmK79y4qIJhp+H+PYSMFpo1vUD+S0nQ==
ybSeaQIOIf4+XQArHDp8kMrmgzagdknn82RFyFPR0nlDamTtXZXa8OENv3+2lUppGbO3/vFDXMH8JAsx51BOvmhO5SeqjiOESaq7UIWWloEpImLAWSLyUPFdsQOQtxOuug7u082RusPoDWaVPHhaf4gEOajWVQRlf2W6BEi79CCDysp441RzTn83OmOEkPwcEqoES8p7P606dL+dTKBPf2ZYP/0CjNhdx3JS2U5aohld6asf9V59l2y0k1JTVOcj/PpdHHGaPoU3cNybkEctAeO0mA==
vGMMUUkkjHpS9V6VspCyDcrmgzagdknn82RFyFPR0nlDamTtXZXa8OENv3+2lUppGbO3/vFDXMH8JAsx7kNEo2hM5SeqjiOESaq7UIWWloEpImLAWSLyUPFdsQOQtxOuug7u082RusPoDWaVPHhaf4gEOajWVQRlf2W6BEi79CCDysp441RzTn83OmOEkPwcEqoES8p7P606dL+dTKBPf2ZYP/0CjNhdx3JS2U5aohld6asf9V59l2y0k1JTVOcj/PpdHHGaPoU3cNybkEctAeO0mA==
USGauaqO0/w1xq66+Nyv7tiGT7MnwVFqAcMi4usdWCeVkUtCgC2/GUWwRJ3C8/oHmV7R6n7Ih7ppOpaKrfpesJH8bsviOBX4D3MYRmHAg/qRtKe+ZJUjImjUqwrQtNsNe0fSf6H6UK6ER38ZOEdinczxntAoq0JE83ykfSYBVXWwAEqzxjTp6iAs0ZwxCrVnkIcmOA6ImCqO3zjTnUmQJHXZDmh9K4x4VekwhNpZzWJ4vWxy0M2XqWHLh/bf88YkGdbR3FW3llq3SMNSfMH9IPZ/sm/fFem0kg==
XwKQB41JXVumQh1gxaY8Ui0Fhbdm5hhiED4MWyvL4NAOT3mBjHjJ3trEDWZhzSvPnMIoDOgyxR5PVJEGDgNbxKgd0f8riDd4tAE=
uN4PMRHclVpke2ndDKxZ7W3NjAUqHpXk6zUMB8odVLff5rRwxW+qGgBtqelsUPnG2tw9XY6h4ffcOnikSFo1hs/M4e6uq4u8aCWBF0ugB2C0GQ==
JKOc4WHZ7nDfhxitQ7Db8qtGnZPKl7tngn48dnMr20hSiK0zNexL+4dSeJmVKfHPxpaMmuzse0ljf05ZNCeBORpOhe59DfAHa2/91vfNzk6E9tzeRuAvBMO0M5Jz1MfjUv690xEa3sVXcDzbsMcNQUO0OA==
Rvnzk8VQDFwVlTnZJaS+tqtGnZPKl7pngn48dnMr20hSiK0zNexL+4dSeJmVKfHPxpaMmuzse0ljf05ZNCeBORpOhe5/DfAHa2/91vfNzk6E9tzeRuAvBMO0M5Jz1MfjXf690xEa3sVXcDzbsMcNQUO0OA==
CLGqwF62d5eE+7mbZ603LqtGnZPKl7tngn48dnMr20hSiK0zNexL+4dReJmVKfHPxpaMmuzse0ljf05ZNCeBORpOhe5+DfAHa2/91vfNzk6E9tzeRuAvBMO0M5Jz1MfjVfu90hEa3sVXcDzbsMcNQUO0OA==
lpIzBtxXSrA5EToFM2g9i6tGnZPKl7pngn48dnMr20hSiLcwEqsW1MQXY4uyfPHpxsnXiqymJU9jeUh5KDqmLA5GhO59F/YHd3f81vfNzk6A/8vZRuAvBMO0M5Jz1MfjUPu90hEa3sVXcDzbsMcNQUO0OA==
jMUTSUBrDm8XlQe/hm/EIKtGnZPKl7lngn48dnMr20hSiLcwEqsW1MQXY4uyfPHpxsnXiqymJU9jeUh5KDqmLA5GhO5+F/YHd3f81vfNzk6A/8vZRuAvBMO0M5Jz1MfjXfu90hEa3sVXcDzbsMcNQUO0OA==
RhI0B/ldVwVBh2nIulqQa7yz5pxai8FtFnQv2kR/hEMCGeQ8mKJ/iXFEAb60m9ZPXCUgNBsWJ/WH1cMmk3c+Fljk8W+F7ud2WEZZOdQ9X6i/70zA9hYMaOwykAApmSqOhGhG4eeymBf1obMae160Ow==
Mr3P0tCUzAFl8fdZ8P1BY7yz5pxai8ZtFnQv2kR/hEMCGeQ8mKJ/iXFEAb60m9ZPXCUgNBsWJ/WH1cMmk3c+Fljm8W+F7ud2WEZZOdQ9X6i/70zA9hYMaOwykAApmyqOhGhG4eeymBf1obMae160Ow==
hRzupeA4buNvi1vNlnL4eryz5pxai8dtFnQv2kR/hEMCGeQ8mKJ/iXFEAb60m9ZPXCUgNBsWJ/WH1cMmk3c+Fljn8W+F7ud2WEZZOdQ9X6i/70zA9hYMaOwykAApniqOhGhG4eeymBf1obMae160Ow==
1bJAWmOiFGZXCFI/h9AK11SmdOxHYiD2pCFDyIaNc+C/Nl930i6+ZLHmSTydZ6DYzxiKcuQxFeDe78oPlyVxtAo=
hPo/hRAbMIYL1pc7crv/HEXqcONGZCDrpCFDyIaNc+C/Nl930i6+ZLHmSTydZ6DYzxiKcuQxFeDe78oPlyVxtAo=
SBxfamn8XEai6vuwwbVvFiN2xk2b+4j06a/ccEo0zdiChEgtaPzTEabQvBWHOA/e1rCYQSNsBPcbyIBCbGhju+Ad7CSUlgCcgetoYpJtNt0vZjibTUVjRhNqtBc=
mxITCNr4hd/eJaGJIl8H2D27mxGMqKAXZ2UbYJZWBBEJasv84uknKDtv6NoM5J3mPG0fa+cog+CE4SNIJs2T4N/2//cybp5k0SbpvH0ngNiv2CryBHE14L4vao93ZVG0Kg==
K+iXX6xl2qCfQwjLVhZwVkjY98EPcGDCxXNWsYpCNl1fHH/C3sS4bVuo1IuzXADO9AzTZ6gpDEiskhCgab8orsrJxkGnkpg3tQEzujt+tBs=
HnNceCq1aMSHcEL4AIZGPlSmdOxHYiD2vidD1J6Mc+C6LFl3zja/ZLHmSTydZ6TZzxeKcuQxFeDe78oPlyVxtAo=
Rlx9871OY3xq8F+z376C8xkg1ohvMgffWlSluprblPNCbBzL4u8HJPoU/2A2tL0HCn5jRI3uTSz5n+gZg68u4mC56YACpw4/sz19tAY=
TO/f1hxnJv9G+iMkW0Bxi2C0doAe7cQR7ZgfMaObtQV1NA/Q2ZCGBl03rtxlTIYRoZNZVD0QIJudrICwLSDkkMcPEAqhlO9a10RDW7o5kasUCjoNCxCAU1R3SRlvtBQ=
E+ytKDURPkTv/n8OOsi4+W0EnqYvsmIkFmdLEnfA4tJIHXmWkGH+msCRGmR72SzenMIoDOgyxRdIVJEHDgNbxKgd0f8riDd4tAE=
J5s/ljHcsdgvOXa/e29F+1QKcIDdzP7BafNBZFXQiAtlDMhANSD84A+vaJoJ1Adqz6QLC0G/KXtcKiJ9I9Dow+wXgSl3tAw=
65PO2pzhtcVLg98Xtjj/0BwcL55eG8DbPSzgcA0gxNAnj7DKwZTPGjfE45vaP7Hr9IqazWsQoBO09+nZD7R0
4bEHvAJjbB5F+euM0R0IYFSmdOxHYiD2vidD1J6Mc+C6LFl3zja/ZLHmSTydZ67fzxeKcuQxFeDe78oPlyVxtAo=
kPqEZAbPAgm8zkRKd64iMUXqcONGZCDrvidD1J6Mc+C6LFl3zja/ZLHmSTydZ67fzxeKcuQxFeDe78oPlyVxtAo=
WgsHw/p5E4L7xdh4Kr5+QmrRwqxBDPfgiBozD2CAy6wojS8rN4jzYA6Hk5Ru7GPgqswpt56WD+Qhhrl8TUee37/32rJUkYVgLo8aT6cFYbQa
xhT3tzZ+TR/QUuEAknF/kzSJna8VHPzyzgc4Wy3AjeYsjS8rN4jzYA6Hk5Ru7GPgqswpt56WD+Qhhrl8TUee37/32rJUkYVgLo8aT6cFYbQa
sPiX95M5HuzZuCglRrZTkF39bGXtybtSYTCm47BUTEr5g1vsq4YKoVkzMYTlUBhrtcyYoCUg7IDf7zh6mVS3Cj/kO+s4vxlbrGqS3VNQeGM8V1EJZ7Qc
U8zB/SXObmHwa9Cf1Xb/BmCqZqVK99kQpYI1LL6YuBdvA07W1JTAVxElqdcwHIIRoZNZVD0QIJudrICwLSDkkMcPEAqhlO9a10RDW7A/kasUCjoNCxCAU1R3SRlvtBQ=
z1rIKtWbCtKHuJi7aCpY4F9cu0BwAn+f0HznjX5p6fk/mmQI7V6wiNl+Q0pKwLLvk/P7kVAJbX45rCETTMPDRifUypbomdHCgHW2PkA1UnBrjYRaPIYAGLhmTbMPcJlTXpfzgIgZ+au7HH9ctCU=
vLFy7adCyw5Emb3ETf8XFhbSBEAq86QtedGjrZHsB53GyMjjSmd1POLi7L/Fdf0P7FzeyXXDDfzRsEwzaRz0CNGgmCgzv2SiTTSD8gOUFwNs/83zwNpuZSfwrDtgh31hU7Qo
rKRjle88qQjKzoVkQrybcFcs5q1HRqID3ana6ae7iAslAyu67re6N2FkEVrlQSxtP8y/sn5UOMe9+IhjkkwA+47aEwsQuIz4TMJQUEmhL56lGQYxBwIYh1VRc0obbrQr
m712TMU6FPzxpDNhxUufW+vTvwn8jiZt/sjwE3IHXcyqoiRvbRVln3TcRlntY+UsmfCEAwE8DDipoGAYS5+MkgX0S6JrNI+T9H9VY1g6xjVvMGRLSGdFEWu0EA==
SgSpPwjkwmDaiimtquHuePHw1ntAyPfjF0AHo+nYYf49DWyZF9CvtgZ42JP1BDgHCsCAT2aGQ88o1KzsRP6gdBFt7+oNhZa1/654U50tQ64DYrQf
vVv9ZsaFNjb6sv21wn7tEEspOG4fO2wtXPLJqVUTJ/vw/aUaKajJJwx3K8K3sAJiyO3ZJlAx3orAgTo0u2mMLhxyyHwo4qUHT0RxV07zO3QobXFPa1gXaLQR
Rg4pJBgJZ+fNU/SNUDgyD2CpZqVK99kQpYI1LL6YuBdvA07W1JTAVxElqdcwHIIRoZNZVD0QIJudrICwLSDkkMcPEAqhlO9a10RDW7A/kasUCjoNCxCAU1R3SRlvtBQ=
uyBFgXJ+WBnd2by4oByX2V9cu0BwAn+f0HznjX5p6fk/mWQI7V6wiNl+Q0pKwLLvk/P7kVAJbX45rCETTMPDRifUypbomdHCgHW2PkA1UnBrjYRaPIYAGLhmTbMPcJlTXpfzgIgZ+au7HH9ctCU=
heHV686usIDte1Q2BK/0WBbSBEMq86QtedGjrZHsB53Gy8jjSmd1POLi7L/Fdf0P7FzeyXXDDfzRsEwzaRz0CNGgmCgzv2SiTTSD8gOUFwNs/83zwNpuZSfwrDtgh31hU7Qo
Ae75rNObeuZohg1jCqZaBlcs5q1HRqID3ana6ae7iwslAyu67re6N2FkEVrlQSxtP8y/sn5UOMe9+IhjkkwA+47aEwsQuIz4TMJQUEmhL56lGQYxBwIYh1VRc0obbrQr
8MSMv3X+wnJPU35M/aS0SuvTvwn8jiZt/svwE3IHXcyqoiRvbRVln3TcRlntY+UsmfCEAwE8DDipoGAYS5+MkgX0S6JrNI+T9H9VY1g6xjVvMGRLSGdFEWu0EA==
SgSpPwjkwmDaiimtquHuePHw1ntAyPfjF0AHo+nYYf49DWyZF9CvtgZ42JP1BDgHCsCAT2aGQ88o1KzsRP6gdBFt7+oNhZa1/654U50tQ64DYrQf
cbX7M8hKAPxdS60vhvWfDEsoOG4fO2wtXPLJqVUTJ/vw/aUaKajJJwx3K8K3sAJiyO3ZJlAx3orAgTo0u2mMLhxyyHwo4qUHT0RxV07zO3QobXFPa1gXaLQR
XVE9P6gzp9Wj6wHE6MMIYmCoZqVK99kQpYI1LL6YuBdvA07W1JTAVxElqdcwHIIRoZNZVD0QIJudrICwLSDkkMcPEAqhlO9a10RDW7A/kasUCjoNCxCAU1R3SRlvtBQ=
c9X0WqjwfbKdmxuu93bbtl9cu0BwAn+f0HznjX5p6fk/mGQI7V6wiNl+Q0pKwLLvk/P7kVAJbX45rCETTMPDRifUypbomdHCgHW2PkA1UnBrjYRaPIYAGLhmTbMPcJlTXpfzgIgZ+au7HH9ctCU=
MS6VmCtouRSq8kH7UzxbARbSBEIq86QtedGjrZHsB53GysjjSmd1POLi7L/Fdf0P7FzeyXXDDfzRsEwzaRz0CNGgmCgzv2SiTTSD8gOUFwNs/83zwNpuZSfwrDtgh31hU7Qo
FxNYQYDOakJpUm263f6fvFcs5q1HRqID3ana6ae7igslAyu67re6N2FkEVrlQSxtP8y/sn5UOMe9+IhjkkwA+47aEwsQuIz4TMJQUEmhL56lGQYxBwIYh1VRc0obbrQr
Ma+oYZOjnsEtMHxI2eAtd+vTvwn8jiZt/srwE3IHXcyqoiRvbRVln3TcRlntY+UsmfCEAwE8DDipoGAYS5+MkgX0S6JrNI+T9H9VY1g6xjVvMGRLSGdFEWu0EA==
SgSpPwjkwmDaiimtquHuePHw1ntAyPfjF0AHo+nYYf49DWyZF9CvtgZ42JP1BDgHCsCAT2aGQ88o1KzsRP6gdBFt7+oNhZa1/654U50tQ64DYrQf
h+WPV/BCvrPprRE2UQJu81/jcjLinL8TYiGi8axYGAe5xRGnuJwKoVkzMYTlUBhrtcyYoCUg7IDf7zh6mVS3Cj/kO+s4vxlbrGqS3VNQeGM8V1EJZ7Qc
9pI7EMti2Jsmee8yPkJPO9HJwajEfX/y65BkrWXtr5PBFmMazAdMSEJ9yc6LnZigJihHe+WQFWa03WfLD/jboKYXCzQm3Jvg0vzhFwYGp6QJdoEchZcGXycnkpKsoe2gxh+Cr291WbQi
xhT3tzZ+TR/QUuEAknF/kzSJna8VHPzyzgc4Wy3AjeYsjS8rN4jzYA6Hk5Ru7GPgqswpt56WD+Qhhrl8TUee37/32rJUkYVgLo8aT6cFYbQa
azP0qC6shmX2ALQ/eMKj3G0EnqYvsmIkFmdLEnfA4tJIHXmWkGH+msCRGmR72SzenMIoDOgyxRdPVJEHDgNbxKgd0f8riDd4tAE=
cQjm9NwTSLmWPw0VCORGPtz4HE0f/zfoRt4FZfTcdp3fh5cfel1x8Le6nYYFU2e31mg8rfeA72amCFhjVVT412rwgH8GVoOfiCQsnOQu4CTxXe/a7dXWZV/e+KM9fYN+Y1K0Lw==
869cd4ovFt2Ox/o9QiSz/VSmdOxHYiD2vidD1J6Mc+C5LFl3zja/ZLHmSTydZ6LZzxaKcuQxFeDe78oPlyVxtAo=
1SO5LBLveJHtXC+j42Z4yEXqcONGZCDrvidD1J6Mc+C5LFl3zja/ZLHmSTydZ6LZzxaKcuQxFeDe78oPlyVxtAo=
vAyhzhCPxlgkNS6ZAdWV7mrRwqxBDPfgiBozD2CAy6wojS8rN4jzYA6Hk5Ru7GPgqcwpt56WD+Qhhrl8TUeS2b/22rJUkYVgLo8aT6cFYbQa
/oRBi3twRyxqzNBLmeunITSJna8VHPzyzgc4Wy3AjeYsjS8rN4jzYA6Hk5Ru7GPgqcwpt56WD+Qhhrl8TUeS2b/22rJUkYVgLo8aT6cFYbQa
k4idbmJUOu5xiIa6bVvl1F39bGXtybtSYTCm47BUTEr5g1vsq4YKoVkzMYTlUBhrtcyYoCUg74Df7zh6mVS3Cj/kO+s0uRlarGqS3VNQeGM8V1EJZ7Qc
6gNUd7joOAV3u7nmRulffmCqZqVK99kQpYI1LL6YuBdvA07W1JTAVxElqdcwHIIRoZNZVD0QIJudrICwLSDnkMcPEAqhlO9a10RDW7w5kaoUCjoNCxCAU1R3SRlvtBQ=
Vcmi2adgeg9OOakgsZI1Vl9cu0BwAn+f0HznjX5p6Pk/mmQI7V6wiNl+Q0pKwLLvk/P7kVAJbX45rCETTMPDRifUypbomdHCgHW2PkA2UnBrjYRaPIYAGLhmTb8JcJhTXpfzgIgZ+au7HH9ctCU=
Ov4ptvaMpr0JHdeNYUZo0RbSBEAq86QtedGjrZHsB53GyMjjSmd1POLi7L/Fdf0P7FzeyXXDDfzRsEwzaRz0CNGgmygzv2SiTTSD8gOUFwNg+c3ywNpuZSfwrDtgh31hU7Qo
zSCseAM99N/rk1jRMCWpRFct5q1HRqID3ana6ae7iAslAyu67re6N2FkEVrlQSxtP8y/sn5UOMe9+IhjkkwA+I7aEwsQuIz4TMJQUEmtKZ6kGQYxBwIYh1VRc0obbrQr
ATdh4iyDBjj7un10jY1EievTvwn8jiZt/sjwE3IHXcyqoiRvbRVln3TcRlntY+UsmfCEAwE8DDipoGMYS5+MkgX0S6JrNI+T+HlVYlg6xjVvMGRLSGdFEWu0EA==
qHrf0XVfFQCn80vTklFjmvHw1ntAyPfjF0AHo+nYYf49DWyZF9CvtgZ42JP1BDgHCsCATGaGQ88o1KzsRP6gdBFh6eoMhZa1/654U50tQ64DYrQf
KqiUYRohrJWZ2PtTC9G9LEspOG4fO2wtXPLJqVUTJ/vw/aUaKajJJwx3K8K3sAJiyO3ZJlAx3orAgjo0u2mMLhxyyHwo4qULSURwV07zO3QobXFPa1gXaLQR
ElBk2pljPtqH6KKG2leWPGCpZqVK99kQpYI1LL6YuBdvA07W1JTAVxElqdcwHIIRoZNZVD0QIJudrICwLSDnkMcPEAqhlO9a10RDW7w5kaoUCjoNCxCAU1R3SRlvtBQ=
comW4GI67c8/Vv8Yv0tcS19cu0BwAn+f0HznjX5p6Pk/mWQI7V6wiNl+Q0pKwLLvk/P7kVAJbX45rCETTMPDRifUypbomdHCgHW2PkA2UnBrjYRaPIYAGLhmTb8JcJhTXpfzgIgZ+au7HH9ctCU=
94l2CgejVUOrIqitVGpTnhbSBEMq86QtedGjrZHsB53Gy8jjSmd1POLi7L/Fdf0P7FzeyXXDDfzRsEwzaRz0CNGgmygzv2SiTTSD8gOUFwNg+c3ywNpuZSfwrDtgh31hU7Qo
eyy8oehZfmXxtOrBWebEKFct5q1HRqID3ana6ae7iwslAyu67re6N2FkEVrlQSxtP8y/sn5UOMe9+IhjkkwA+I7aEwsQuIz4TMJQUEmtKZ6kGQYxBwIYh1VRc0obbrQr
bEfe21ZUxRyG1V98xm6RWuvTvwn8jiZt/svwE3IHXcyqoiRvbRVln3TcRlntY+UsmfCEAwE8DDipoGMYS5+MkgX0S6JrNI+T+HlVYlg6xjVvMGRLSGdFEWu0EA==
qHrf0XVfFQCn80vTklFjmvHw1ntAyPfjF0AHo+nYYf49DWyZF9CvtgZ42JP1BDgHCsCATGaGQ88o1KzsRP6gdBFh6eoMhZa1/654U50tQ64DYrQf
VjRWthAm0srdkhj4hdvxk0soOG4fO2wtXPLJqVUTJ/vw/aUaKajJJwx3K8K3sAJiyO3ZJlAx3orAgjo0u2mMLhxyyHwo4qULSURwV07zO3QobXFPa1gXaLQR
wenSGUvv9IjSHQQsftzNwWCoZqVK99kQpYI1LL6YuBdvA07W1JTAVxElqdcwHIIRoZNZVD0QIJudrICwLSDnkMcPEAqhlO9a10RDW7w5kaoUCjoNCxCAU1R3SRlvtBQ=
X1hg78g8uNGqIrfaVrxN0F9cu0BwAn+f0HznjX5p6Pk/mGQI7V6wiNl+Q0pKwLLvk/P7kVAJbX45rCETTMPDRifUypbomdHCgHW2PkA2UnBrjYRaPIYAGLhmTb8JcJhTXpfzgIgZ+au7HH9ctCU=
TyXsat3WwXMPqxh2x9UhSxbSBEIq86QtedGjrZHsB53GysjjSmd1POLi7L/Fdf0P7FzeyXXDDfzRsEwzaRz0CNGgmygzv2SiTTSD8gOUFwNg+c3ywNpuZSfwrDtgh31hU7Qo
HERj8Yd5OIA0qD3XDLgk5Fct5q1HRqID3ana6ae7igslAyu67re6N2FkEVrlQSxtP8y/sn5UOMe9+IhjkkwA+I7aEwsQuIz4TMJQUEmtKZ6kGQYxBwIYh1VRc0obbrQr
guPShRJwDFOubtm7z4pwR+vTvwn8jiZt/srwE3IHXcyqoiRvbRVln3TcRlntY+UsmfCEAwE8DDipoGMYS5+MkgX0S6JrNI+T+HlVYlg6xjVvMGRLSGdFEWu0EA==
qHrf0XVfFQCn80vTklFjmvHw1ntAyPfjF0AHo+nYYf49DWyZF9CvtgZ42JP1BDgHCsCATGaGQ88o1KzsRP6gdBFh6eoMhZa1/654U50tQ64DYrQf
NYp8dtBBa//hMM5qewCrI1/jcjLinL8TYiGi8axYGAe5xRGnuJwKoVkzMYTlUBhrtcyYoCUg74Df7zh6mVS3Cj/kO+s0uRlarGqS3VNQeGM8V1EJZ7Qc
JDN8E/poEb4swpTRBYIkF9HJwajEfX/y65BkrWXtr5PFFmMazAdMSEJ9yc6LnZigJihHe+WQFWa03WfLD/jboKYXCzQm3Jvg0fzhFwYGp6QJdoEchZcKWScmkpKsoe2gxh+Cr291WbQi
/oRBi3twRyxqzNBLmeunITSJna8VHPzyzgc4Wy3AjeYsjS8rN4jzYA6Hk5Ru7GPgqcwpt56WD+Qhhrl8TUeS2b/22rJUkYVgLo8aT6cFYbQa
3JvNqksRcr3rJfbpmzHq4W0EnqYvsmIkFmdLEnfA4tJIHXmWkGH+msCSGmR72SzenMIoDOgyxRtJVJAHDgNbxKgd0f8riDd4tAE=
KL5PCOxue940qx0V7selXdj4HE0f/zfoRt4FZfTcdp3fh5cfel1x8Le6nYYFU2e31mg8rfeA72amCFhjVVT412rwgHwGVoOfiCQsnOQu4CTxUena7NXWZV/e+KM9fYN+Y1K0Lw==
z0p/5Ya+Sic9aqaXBayoXBY3vryGHPBu3wjLWe8++LZGV6u0hpx74LM8QZemxsek6TbhnCXXKlpHb3ESDGHNoObf4i+PNXm0Ag==
vCT6IM/px79Ur63YilC6Fn0umI5uygxkFSoxJwygkvsFTEtfiZee1j/mEPNN+uCeoXqsRX4JcbLApVYOQASyoCv9JMq8FmCoeLZtzwqAsQAeJxMQCIlZW3tMH2y0FQ==
6hRj6dejIXxCFW6tHgy3IFGq/GrLc5xEgW27fT7x4Tog7WYWQByC6Mt1tDL8LnCgWH4dV4oYQUg+LwMoyPHJ0xuEL3S0DQ==
41A7fwA2gV16ekmH20RTSWdx+9g0A674Rdp0THR/Po4LNmaj5mAl7/26JW95Reg1pHTbAjv037MJemWKC/oWVf+wFKv4J7Uxe7QA
WC8w4hCkh9l5vwAiA3/VjGyUs2HLJr0Xm2e4PG6j4S089FFSWkiV6tFhsyP8LnCgWH4dVooYQEg+LwMoyPHJ0xuEL3S0DQ==
xkBWUkFdpAEoU6EEsk8oYQIm3ltY2P+7wf3DsQyOvv0tV/SylRAahskgqZfn8cwQXPqwGPk0qjZ8YiY5d9rY78XpE4IrdrQD
ImHO2JgnM/l8q9dSRlCxx+r3T7+rix+v3Dw0GTNabCR5lrFcdfc+WVeOIdJcgV0glj+S7//VCbRy
XbfecBf6z4nyQ8/EetwsmomPygYPiaMyNwObL1i0qIlfogjEHU4d7Mm//xmTxt2isNl5ALIHvv/j3Q20dg==
y3HnTgedsUNIgnBYNuWrnUVuiIYiJQHKHEOyu5Pb0r4EaFWO/uUQeecjqy9olPhJL0J4RI3uTSz5n+4Zg6Yt4mC56YACpw4/sz19tAY=
DOaacV+iDuGhxwWeMEfV9XeFs7KnqJB9MYWTfdklFSTaH0BXXjieqq2ik0RIVB7qEvFWb3Zr3JQYWC1OJnWoma9zQy8ARDApl9IgBHXeVcwx70aZ6xblwnhJ0cDaN3afe21VtC4=
H7ocmZ09pkoYT3dyJVjXBRs214V2NQrYWl65796blPQAaFWO/uUQeecjqy9olPhJL0J4RI3uTSz5n+4Zg6Yt4mC56YACpw4/sz19tAY=
iRfxbm517h9k9OwdPKqIcg2ev8MPNirGxG9St8lNf1MRE3CB1s72a1e/lY6FCE+Vzk+dXowzDEiskhCgab0prszKxkGnkpg3tQEzujt+tBs=
n0wvIXJcz/j2m4p9W/FA2Lyrto6NCeepie1zQ+IDShsBh+DJ/35wPjz3sr+OiWvD3wHVJRib2rDGqQMZbQQZ5o/n6lmVZGBtXKoYFIgKFXPJvMg87htrLOi1IWeLcGdQtCk=
H7ocmZ09pkoYT3dyJVjXBRs214V2NQrYWl65796blPQAaFWO/uUQeecjqy9olPhJL0J4RI3uTSz5n+4Zg6Yt4mC56YACpw4/sz19tAY=
xeST7X3POTpxhEGkU837nF5cvltyAnqbwmL8jXl79eI6mWQF7l2+is5/UhcBk/GlxavqwVxdOzgt5TMPH82NSSiXwpymhdvV3WiBag9rcjUlqLhBPIYAGLhmTb8JcJBQXpfzgIgZ+au7HH9ctCU=
PXCuzT950zsuh13KN9LnjktkIWaZwHudj0yS9NlZ5FnaEWz5/I6mndDJ0qT4FVIjfGhFzNHHCbJjjws3lOYSRCM+CGlGocEvje/OGF6ReU6OdPtC23S/c+h5RUqreraVn7D065inFXFbtCA=
oTFqfsOlROMzjEz5t3jQcUtkIWaZwHudj0yS9NlZ5FnaEWz5/I6mndDJ06T4FVIjfGhFzNHHCbJjjws3lOYSRCM+CGlGocEvje/OGF6ReU6OdPtC23S/c+h5RUqreraVn7D065inFXFbtCA=
kaV5PAi1OQlRygEUCsVdW960KQs81oe5OR8R1bmwfSSq0g9sbEXjW+swl4CqH28E4mTnYC5EpSfiDquExT7ljAEPW5n7NZWCiOmhQEqXJl+rDWW0Hg==
JfFQkXagCU5YlPbVm+XZqlQKcIDdzP7BafNBZFXQiAtlDMhANSD84A+vaJoJ1Adqz6QLC0G4KXFfKiJ9I9Dow+wXgSl3tAw=
sTrCltliP6dGS0cycKxyJxMk0ZNgYBvJHl+2u46ShfJFfBzL4u8HJPoU/2A2tL0HCn5jRI3uTSz5n+MYg6Ut4mC56YACpw4/sz19tAY=
5Rq+KB/GlIREIKC4MOlxhFSmdOxHYiD2pCFDyIaNc+C6Nl930i6+ZLHmSTydZ6HezxuJcuQxFeDe78oPlyVxtAo=
9Dy56NPYgth8d9Y7Ix7a9UXqcONGZCDrpCFDyIaNc+C6Nl930i6+ZLHmSTydZ6HezxuJcuQxFeDe78oPlyVxtAo=
v/FDJyrnyqbnQVyBObdtHylcxq1u/T1iXGNLEnfA4tJIB3+WjHn/msCRAGJ7xTTfnMIoDOgyxRhOVJ0EDgNbxKgd0f8riDd4tAE=
uH6L48/re5yF1zAN1Try53Me0b5aCk5hjozpAadIz262IBjRw9xEBzvYgFdMmCMLAI1stPQmwOyh+m5ysR72bU/2uAut9SO2M3q0Bw==
Q6DZozfCF2hx9up5pwG6BCV2xk2b+4j06a/ccEo0zdiChEgtaPzTEabQvBWHOA/e1rCYQSNsBPcbyIBHbGhju+Ad7CSUlgCcgepuYpFuNt0vZjibTUVjRhNqtBc=
/sLZlTAfoEeV3VsXytO1C//25tjcRvL536wrVqRRFEVRyqyOsC0jbnDgsbWO2zbMlg+bKhfY0rqIrw8OLAEvssC50BrbXUR3XKoYFIgKFXDOvM087htrLOi1IWeLcGdQtCk=
zhE2s92ZBpnqooDCcXJTmnWBofLz8dRzd8PEMI9xB3CaXgARDWLH7P7xwwhfVxTqQKxZJngl05tbUCcAIHm/2KpFF2BefnNnrvY6BHXeVcwx70We6xPlwnhJ0cDaN3afe21VtC4=
m4c+tsWvZTnPKVjrn7wGIkjY98EPcGDCxXNWsYpCNl1fHH/C3sS4bVuo1IuzXADL9AzTZ6gpDEiskhCgab4ursnKxkGnkpg3tQEzujt+tBs=
4QeeZP+JoAjsT4gXcQ9FMQ22iFZhDsa+uHNEDtsXUvrc+7t612iyKgg/r/5sUc+CwIkwSput5OfcOnikSFo1gM7M7eyuq4u8aCWBF0ugB2C0GQ==
UeM2UqE2nDMo1q/wlAOWWfTNpx7t3DMpoZTwHmIMQ8W9pW07N1Mv1GfGRlntY+UsmfCeBQEgFDmpoGACTZ+QigT0S6JrNI+T+35Vb1s6xjVvMGRLSGdFEWu0EA==
odABF6zOb0Qr7lkLRr3IE20EnqYvsmIkFmdLEnfA4tJIB3+WjHn/msCRAGJ7xTTfnMIoDOgyxRhOVJ0EDgNbxKgd0f8riDd4tAE=
zeKwp79SYrV41MZF+7PyAlSmdOxHYiD2pCFDyIaNc+C4Nl930i6+ZLHmSTydZ6XZzxqJcuQxFeDe78oPlyVxtAo=
UUZ/Yd+iI4JGgq5d3CZcckXqcONGZCDrpCFDyIaNc+C4Nl930i6+ZLHmSTydZ6XZzxqJcuQxFeDe78oPlyVxtAo=
5KFkkxUpHleK2X/Hi0/swSlfxq1u/T1iXGNLEnfA4tJIB3+WjHn/msCTAGJ7xTTfnMIoDOgyxRxJVJwEDgNbxKgd0f8riDd4tAE=
vlLqyeCKkihtK2+h1XymXnMe0b5aCk5hjozpAadIz262IBjRw9xEBzvYgFVMmCMLAI1stPQmwOyh/mlysB72bU/2uAut9SO2M3q0Bw==
bzoGlCfOkfzw9wJleCYlIiV2xk2b+4j06a/ccEo0zdiChEgtaPzTEabQvBWHOA/e1rCYQSNsBPcbyIBFbGhju+Ad7CSUlgCcge5pYpBuNt0vZjibTUVjRhNqtBc=
02r8QoEcQgWOow8ljbqu5//25tjcRvL536wrVqRRFEVRyqyOsC0jbnDgsbWO2zbMlg+bKhfY0rqIrw8OLAEvssC70BrbXUR3XKoYFIgKFXTJvMw87htrLOi1IWeLcGdQtCk=
4znsTUsvnHbJEXYo/X+dunWCofLz8dRzd8PEMI9xB3CaXgARDWLH7P7xwwhfVxTqQKxZJngl05tbUCcAIHm/2KpFF2BcfnNnrvY6BHXeVcwx70GZ6xLlwnhJ0cDaN3afe21VtC4=
7lOPG78kZh5gAE6/ol7GFUjY98EPcGDCxXNWsYpCNl1fHH/C3sS4bVuo1IuzXADJ9AzTZ6gpDEiskhCgaboprsjKxkGnkpg3tQEzujt+tBs=
Qhk9TZ9b34NWU+9c1Qsl8w22iFZhDsa+uHNEDtsXUvrc+7t612iyKgg/r/5sUc+CwIswSput5OfcOnikSFo1hMnM7Oyuq4u8aCWBF0ugB2C0GQ==
QC3SyLB+BEK/ci2G4crpVvTNpx7t3DMpoZTwHmIMQ8W9pW07N1Mv1GfGRlntY+UsmfCeBQEgFDmpoGICTZ+QigT0S6JrNI+T/3lVbls6xjVvMGRLSGdFEWu0EA==
Ap7otunusB+2EVZFB509MG0EnqYvsmIkFmdLEnfA4tJIB3+WjHn/msCTAGJ7xTTfnMIoDOgyxRxJVJwEDgNbxKgd0f8riDd4tAE=
gN7AjFdu+M20VSiCWLa7M1SmdOxHYiD2pCFDyIaNc+C5Nl930i6+ZLHmSTydZ6ffzxqJcuQxFeDe78oPlyVxtAo=
MeI+KxvqWwQFjuq/3TSHVEXqcONGZCDrpCFDyIaNc+C5Nl930i6+ZLHmSTydZ6ffzxqJcuQxFeDe78oPlyVxtAo=
Al2CLEupgzd5UXnYnsXKmClexq1u/T1iXGNLEnfA4tJIB3+WjHn/msCSAGJ7xTTfnMIoDOgyxR5PVJwEDgNbxKgd0f8riDd4tAE=
xSQcBR2GIwLVxFAkdgufQnMe0b5aCk5hjozpAadIz262IBjRw9xEBzvYgFRMmCMLAI1stPQmwOyh/G9ysB72bU/2uAut9SO2M3q0Bw==
p22XoMYy9W2cwcu6S/9mFCV2xk2b+4j06a/ccEo0zdiChEgtaPzTEabQvBWHOA/e1rCYQSNsBPcbyIBEbGhju+Ad7CSUlgCcgexvYpBuNt0vZjibTUVjRhNqtBc=
BycZGRBYj6lSC9tmuM6Hiv/25tjcRvL536wrVqRRFEVRyqyOsC0jbnDgsbWO2zbMlg+bKhfY0rqIrw8OLAEvssC60BrbXUR3XKoYFIgKFXbPvMw87htrLOi1IWeLcGdQtCk=
Z/FGwT/us5fgNgNxjIDx2HWDofLz8dRzd8PEMI9xB3CaXgARDWLH7P7xwwhfVxTqQKxZJngl05tbUCcAIHm/2KpFF2BdfnNnrvY6BHXeVcwx70Of6xLlwnhJ0cDaN3afe21VtC4=
OjmV8unEUrqaIlhH3j1mI0jY98EPcGDCxXNWsYpCNl1fHH/C3sS4bVuo1IuzXADI9AzTZ6gpDEiskhCgabgvrsjKxkGnkpg3tQEzujt+tBs=
lWzkPSndBxiJP7polNMouA22iFZhDsa+uHNEDtsXUvrc+7t612iyKgg/r/5sUc+CwIowSput5OfcOnikSFo1hs/M7Oyuq4u8aCWBF0ugB2C0GQ==
G53G7N6hgXcl1X2+iKEGXvTNpx7t3DMpoZTwHmIMQ8W9pW07N1Mv1GfGRlntY+UsmfCeBQEgFDmpoGMCTZ+QigT0S6JrNI+T/X9Vbls6xjVvMGRLSGdFEWu0EA==
Vn9hGQp3Se08aMcAzTjDcG0EnqYvsmIkFmdLEnfA4tJIB3+WjHn/msCSAGJ7xTTfnMIoDOgyxR5PVJwEDgNbxKgd0f8riDd4tAE=
5ibB1rp2AjRsGOY8GoI9fUXqcONGZCDrvidD1J6Mc+C6LFl3zja/ZLHmSTydZ6LZzxiJcuQxFeDe78oPlyVxtAo=
T5GI1JM43u8yrqo75UIbxXH30xPsrC8YNJzvnydwbDX6zZ998z1DLKD9t4tfWEsg1rf7dFb8a+Ci3BHXdqZXJJnWUdzVtxdZN0hBUvzBfSB2fzJvXxVptBI=
stR85BdhUS3MfvTVMISrS2rRwqxBDPfgiBozD2CAy6wojS8rN4jzYA6Hk5Ru7GPgqswpt56WD+Qhhrl8TUeV37/42bJUkYVgLo8aT6cFYbQa
8m78aLJOqvXI3Ku3VvLFGDSJna8VHPzyzgc4Wy3AjeYsjS8rN4jzYA6Hk5Ru7GPgqswpt56WD+Qhhrl8TUeV37/42bJUkYVgLo8aT6cFYbQa
qq+XO0ewcM/vCyNb33vwNF39bGXtybtSYTCm47BUTEr5g1vsq4YKoVkzMYTlUBhrtcyYoCUg7IDf7zh6mVS3Cj/kO+szvxlUr2qS3VNQeGM8V1EJZ7Qc
CWScaY0qphtEaMTkaAqXymCqZqVK99kQpYI1LL6YuBdvA07W1JTAVxElqdcwHIIRoZNZVD0QIJudrICwLSDkkMcPEAqhlO9a10RDW7s/kaQXCjoNCxCAU1R3SRlvtBQ=
s+Pp8dM1fHQs5sSMIaXfN19cu0BwAn+f0HznjX5p6fk/mmQI7V6wiNl+Q0pKwLLvk/P7kVAJbX45rCETTMPDRifUypbomdHCgHW2PkA1UnBrjYRaPIYAGLhmTbgPcJZQXpfzgIgZ+au7HH9ctCU=
0bE7x5spQ50PNs/9zAHvrRbSBEAq86QtedGjrZHsB53GyMjjSmd1POLi7L/Fdf0P7FzeyXXDDfzRsEwzaRz0CNGgmCgzv2SiTTSD8gOUFwNn/838w9puZSfwrDtgh31hU7Qo
bY/8na46h95MmYCQOskoAlcs5q1HRqID3ana6ae7iAslAyu67re6N2FkEVrlQSxtP8y/sn5UOMe9+IhjkkwA+47aEwsQuIz4TMJQUEmqL56qGgYxBwIYh1VRc0obbrQr
cKjj/KhG7maq9okFpFTQf+vTvwn8jiZt/sjwE3IHXcyqoiRvbRVln3TcRlntY+UsmfCEAwE8DDipoGAYS5+MkgX0S6JrNI+T/39VbFs6xjVvMGRLSGdFEWu0EA==
bE5zNySNWuG0IJIBtHClZ0spOG4fO2wtXPLJqVUTJ/vw/aUaKajJJwx3K8K3sAJiyO3ZJlAx3orAgTo0u2mMLhxyyHwo4qUMT0R+VE7zO3QobXFPa1gXaLQR
DBrMT0/XOW35TWNB1qjhBGCpZqVK99kQpYI1LL6YuBdvA07W1JTAVxElqdcwHIIRoZNZVD0QIJudrICwLSDkkMcPEAqhlO9a10RDW7s/kaQXCjoNCxCAU1R3SRlvtBQ=
1Eek01OBrUZFJdwdyUjD1F9cu0BwAn+f0HznjX5p6fk/mWQI7V6wiNl+Q0pKwLLvk/P7kVAJbX45rCETTMPDRifUypbomdHCgHW2PkA1UnBrjYRaPIYAGLhmTbgPcJZQXpfzgIgZ+au7HH9ctCU=
yRq+z2kjExvn3JlPOKESsRbSBEMq86QtedGjrZHsB53Gy8jjSmd1POLi7L/Fdf0P7FzeyXXDDfzRsEwzaRz0CNGgmCgzv2SiTTSD8gOUFwNn/838w9puZSfwrDtgh31hU7Qo
/cevmYzxPvBrjrDJnJMcgVcs5q1HRqID3ana6ae7iwslAyu67re6N2FkEVrlQSxtP8y/sn5UOMe9+IhjkkwA+47aEwsQuIz4TMJQUEmqL56qGgYxBwIYh1VRc0obbrQr
pqHJL0rsbVSS0I4S4sB9v+vTvwn8jiZt/svwE3IHXcyqoiRvbRVln3TcRlntY+UsmfCEAwE8DDipoGAYS5+MkgX0S6JrNI+T/39VbFs6xjVvMGRLSGdFEWu0EA==
dKt1/IVoeFivJDf77BU8xksoOG4fO2wtXPLJqVUTJ/vw/aUaKajJJwx3K8K3sAJiyO3ZJlAx3orAgTo0u2mMLhxyyHwo4qUMT0R+VE7zO3QobXFPa1gXaLQR
JQVLvJ4pLYlYAAJENs7I8GCoZqVK99kQpYI1LL6YuBdvA07W1JTAVxElqdcwHIIRoZNZVD0QIJudrICwLSDkkMcPEAqhlO9a10RDW7s/kaQXCjoNCxCAU1R3SRlvtBQ=
XIguJU0W2KlNevWB44b0gV9cu0BwAn+f0HznjX5p6fk/mGQI7V6wiNl+Q0pKwLLvk/P7kVAJbX45rCETTMPDRifUypbomdHCgHW2PkA1UnBrjYRaPIYAGLhmTbgPcJZQXpfzgIgZ+au7HH9ctCU=
G5RmOJoqbQRLOzJYEKs0NhbSBEIq86QtedGjrZHsB53GysjjSmd1POLi7L/Fdf0P7FzeyXXDDfzRsEwzaRz0CNGgmCgzv2SiTTSD8gOUFwNn/838w9puZSfwrDtgh31hU7Qo
xJiDWLIOtMDN1guvzXT9UFcs5q1HRqID3ana6ae7igslAyu67re6N2FkEVrlQSxtP8y/sn5UOMe9+IhjkkwA+47aEwsQuIz4TMJQUEmqL56qGgYxBwIYh1VRc0obbrQr
+hXpm7NqeE1Immc4s47IfuvTvwn8jiZt/srwE3IHXcyqoiRvbRVln3TcRlntY+UsmfCEAwE8DDipoGAYS5+MkgX0S6JrNI+T/39VbFs6xjVvMGRLSGdFEWu0EA==
3J8J2Z2aIHhyaOaGqJnQqgEowIQiY0vNE1OivNDVm/tDYF/A4u8HJPoU/2A2tL0HCn5jRI3uTSz5n+4ag68t4mC56YACpw4/sz19tAY=
+GvAKyPYWLhLsmTvgMFv2lQKcIDdzP7BafNBZFXQiAtlDMhANSD84A+vaJoJ1Adqz6QLC0e6KXtfKiJ9I9Dow+wXgSl3tAw=
8EOTpOKIoWmfIZ94Eh+XNhMk0ZNgYBvJHl+2u46ShfJFfBzL4u8HJPoU/2A2tL0HCn5jRI3uTSz5n+Iag68t4mC56YACpw4/sz19tAY=
lD0s4mGlHkBKOohiQMpS+2rRwqxBDPfgiBozD2CAy6wojS8rN4jzYA6Hk5Ru7GPgqcwpt56WD+Qhhrl8TUeR37/22bJUkYVgLo8aT6cFYbQa
zDahYLtmrqipBSpBR1R7cTSJna8VHPzyzgc4Wy3AjeYsjS8rN4jzYA6Hk5Ru7GPgqcwpt56WD+Qhhrl8TUeR37/22bJUkYVgLo8aT6cFYbQa
iTmgeLWYwjP0W0r8QKs+i139bGXtybtSYTCm47BUTEr5g1vsq4YKoVkzMYTlUBhrtcyYoCUg74Df7zh6mVS3Cj/kO+s3vxlar2qS3VNQeGM8V1EJZ7Qc
deg5G/sD9/P+4ZzO+aIZjWCqZqVK99kQpYI1LL6YuBdvA07W1JTAVxElqdcwHIIRoZNZVD0QIJudrICwLSDnkMcPEAqhlO9a10RDW78/kaoXCjoNCxCAU1R3SRlvtBQ=
B8lMSV0DcY/B/X2G+pgFD19cu0BwAn+f0HznjX5p6Pk/mmQI7V6wiNl+Q0pKwLLvk/P7kVAJbX45rCETTMPDRifUypbomdHCgHW2PkA2UnBrjYRaPIYAGLhmTbwPcJhQXpfzgIgZ+au7HH9ctCU=
elCqZCMEY/+uiTLGCjQ4chbSBEAq86QtedGjrZHsB53GyMjjSmd1POLi7L/Fdf0P7FzeyXXDDfzRsEwzaRz0CNGgmygzv2SiTTSD8gOUFwNj/83yw9puZSfwrDtgh31hU7Qo
j66K3JkLdUcj7W18q7VsvGCiZo0P6sQb7J4qZfrI9Bt+F0HUzoLAVxElqdcwHIIRoZNZVD0QIJudrICwLSDnkMcPEAqhlO9a10RDW78/kaoXCjoNCxCAU1R3SRlvtBQ=
aNvewRKW5QTJTs8jPQ2WGuvTvwn8jiZt/sjwE3IHXcyqoiRvbRVln3TcRlntY+UsmfCEAwE8DDipoGMYS5+MkgX0S6JrNI+T+39VYls6xjVvMGRLSGdFEWu0EA==
oOCHPOEAdPH1PtBDYbGLiEspOG4fO2wtXPLJqVUTJ/vw/aUaKajJJwx3K8K3sAJiyO3ZJlAx3orAgjo0u2mMLhxyyHwo4qUIT0RwVE7zO3QobXFPa1gXaLQR
zntx+KJDPZtheivqJQKItWCpZqVK99kQpYI1LL6YuBdvA07W1JTAVxElqdcwHIIRoZNZVD0QIJudrICwLSDnkMcPEAqhlO9a10RDW78/kaoXCjoNCxCAU1R3SRlvtBQ=
CMFvPs/dLaJjLYqmScJ2AV9cu0BwAn+f0HznjX5p6Pk/mWQI7V6wiNl+Q0pKwLLvk/P7kVAJbX45rCETTMPDRifUypbomdHCgHW2PkA2UnBrjYRaPIYAGLhmTbwPcJhQXpfzgIgZ+au7HH9ctCU=
XFkXhxQ92CY/wG2rkuNl1hbSBEMq86QtedGjrZHsB53Gy8jjSmd1POLi7L/Fdf0P7FzeyXXDDfzRsEwzaRz0CNGgmygzv2SiTTSD8gOUFwNj/83yw9puZSfwrDtgh31hU7Qo
JtJxD2gvXVddZikx9uSOQmCiZo0P6sQb7J4qZfrL9Bt+F0HUzoLAVxElqdcwHIIRoZNZVD0QIJudrICwLSDnkMcPEAqhlO9a10RDW78/kaoXCjoNCxCAU1R3SRlvtBQ=
7oMyZBYL2Sny0m8zCPVkluvTvwn8jiZt/svwE3IHXcyqoiRvbRVln3TcRlntY+UsmfCEAwE8DDipoGMYS5+MkgX0S6JrNI+T+39VYls6xjVvMGRLSGdFEWu0EA==
6+JnSoXbsTtE0Vt6h0VQUUsoOG4fO2wtXPLJqVUTJ/vw/aUaKajJJwx3K8K3sAJiyO3ZJlAx3orAgjo0u2mMLhxyyHwo4qUIT0RwVE7zO3QobXFPa1gXaLQR
LswNfuWetfC6HirDaLIoemCoZqVK99kQpYI1LL6YuBdvA07W1JTAVxElqdcwHIIRoZNZVD0QIJudrICwLSDnkMcPEAqhlO9a10RDW78/kaoXCjoNCxCAU1R3SRlvtBQ=
aMWKhbHsV6sNxfWlKn/YrV9cu0BwAn+f0HznjX5p6Pk/mGQI7V6wiNl+Q0pKwLLvk/P7kVAJbX45rCETTMPDRifUypbomdHCgHW2PkA2UnBrjYRaPIYAGLhmTbwPcJhQXpfzgIgZ+au7HH9ctCU=
lhDp6m3M8xNyBJdyU5wszRbSBEIq86QtedGjrZHsB53GysjjSmd1POLi7L/Fdf0P7FzeyXXDDfzRsEwzaRz0CNGgmygzv2SiTTSD8gOUFwNj/83yw9puZSfwrDtgh31hU7Qo
Cfv8iLzi3tq6Rrc7rCfYIGCiZo0P6sQb7J4qZfrK9Bt+F0HUzoLAVxElqdcwHIIRoZNZVD0QIJudrICwLSDnkMcPEAqhlO9a10RDW78/kaoXCjoNCxCAU1R3SRlvtBQ=
H5zVWCwzLYLwSzIqHd9Py+vTvwn8jiZt/srwE3IHXcyqoiRvbRVln3TcRlntY+UsmfCEAwE8DDipoGMYS5+MkgX0S6JrNI+T+39VYls6xjVvMGRLSGdFEWu0EA==
bQqmnsM84Afg65P4I7ITIQEowIQiY0vNE1OivNDVm/tDYF/A4u8HJPoU/2A1tL0HCn5jRI3uTSz5n+geg64t4mC56YACpw4/sz19tAY=
LfJdRLZIb5OByaH6Bg9D5lQKcIDdzP7BafNBZFXQiAtlDMhANSD/4A+vaJoJ1Adqz6QLC0W+KXpfKiJ9I9Dow+wXgSl3tAw=
7gbxm51FhYdXmF+tiG8NixMk0ZNgYBvJHl+2u46ShfJFfBzL4u8HJPoU/2A1tL0HCn5jRI3uTSz5n+obg6cs4mC56YACpw4/sz19tAY=
WNDdBmjtG3B4G4IS3sZy+BMk0ZNgYBvJHl+2u46ShfJFfBzL4u8HJPoU/2A1tL0HCn5jRI3uTSz5n+gag6cs4mC56YACpw4/sz19tAY=
nweEyXvrV2OEXvUveB3EShMk0ZNgYBvJHl+2u46ShfJFfBzL4u8HJPoU/2A1tL0HCn5jRI3uTSz5n+wag6cs4mC56YACpw4/sz19tAY=
jNFsTzJWsaU7rvCz3oXzHhMk0ZNgYBvJHl+2u46ShfJFfBzL4u8HJPoU/2A1tL0HCn5jRI3uTSz5n+MYg6cs4mC56YACpw4/sz19tAY=
DhQYHSNQXFB2qXpdjqmsbJPKjFYIifd4MjXPYAOO68dmhhLEHU4d7Mm/+RqTxdyisNl5ALIHvv/j3Q20dg==
3SvRBcPIyoN+ww1ptQXbm0XqcONGZCDrpCFDyIaNc+C/Nl930i6+ZLHmSTydZ6Pazx2IcuQxFeDe78oPlyVxtAo=
BNpPkRkIjLP3KxKygGr7SUUfqu4JKGiXq8tqphynA6antAp26KMXYhzNdx5AEIjW6zFcezxmwHg4ho3fCZDTMd53s+CIObkLO7w/fLQF
+KLYcYj/Dk8hLsP6LOt4zg6RooQefHnGxD1Drc4EfFlfHH/C3sS4bVuo1IuzXADO9AzTZ6gpDEiskhCgabEprs/LxkGnkpg3tQEzujt+tBs=
7VPnQ/kxvgtk4CDW3F8NNjInPiEIsoCicTou3peQLH8LY5o+nD9zDgfc2s6oW0dK/KVHBkAIuL4LGQyDfN4QEJgu/UaICCOZfp/jWEhBaSNbVA9ktB0=
64TBXYmNaDABXwJOulV8rD27mxGMqKAXZ2UbYJZWBBEJasv84uknKDtv6NoM5J3mPG0fa+cog+CE4SNIJs2T4N/2//cybp5k0SbpvH0nhd+v3SjyBHE14L4vao93ZVG0Kg==
4Udn+AzLADgUmhUdvcZGXxMk0ZNgYBvJHl+2u46ShfJFfBzL4u8HJPoU/2A2tL0HCn5jRI3uTSz5n+keg6Us4mC56YACpw4/sz19tAY=
zD8lNPRzcfzXZGZAIONB2V/80UVlDsa+uHNEDtsXUvqPu/xk3m6uaQMlqf5wSc6CwIkqTJux/ObcOnikSFo1h8/M6u2uq4u8aCWBF0ugB2C0GQ==
u304Q4K5+dn/cRFNfd29XjKN0qQPSbeoiw84GnzEjeYsjS8rN4jzYBSBk4h27WPgr9Yvt4KODuQhhrl8TUee37/72LJUkYVgLo8aT6cFYbQa
h8sHG+pUrqF8RVqR8U6WMkjY98EPcGDCxXNWsYpCNl1fHH/C3sS4bVuo1IuzXADO9AzTZ6gpDEiskhCgabEorsjLxkGnkpg3tQEzujt+tBs=
vzGiLN6/lUB2aFvMFyK6eClcxq1u/T1iXGNLEnfA4tJIB3+WjHn/msCUAGJ7xTTfnMIoDOgyxRxPVJwFDgNbxKgd0f8riDd4tAE=
ju7UdoJc3Dn4FJO68kf24BKqs4ZBDPnggEh1UmCIh/ksjS8rN4jzYBSBk4h27WPgr9Yvt4KODuQhhrl8TUeR3r/62LJUkYVgLo8aT6cFYbQa
0joUezFe5t8AQYzsll5A2XMe0b5aCk5hjozpAadIz262IBjRw9xEBzvYgFJMmCMLAI1stPQmwOyh9G5ysB/2bU/2uAut9SO2M3q0Bw==
r2ljLRHwcGFXXqFExDxK5ylfxq1u/T1iXGNLEnfA4tJIB3+WjHn/msCUAGJ7xTTfnMIoDOgyxRxLVJ8FDgNbxKgd0f8riDd4tAE=
BcVibIWy3mRGqmGnArwYr3nizIRKPijJgj4ercZIKV1fHH/C3sS4bVuo1IuzXADO9AzTZ6gpDEiskhCgabwrrsvLxkGnkpg3tQEzujt+tBs=
wrzuipVMYinE7T6vEnOEJXMe0b5aCk5hjozpAadIz262IBjRw9xEBzvYgFJMmCMLAI1stPQmwOyh+mtysx/2bU/2uAut9SO2M3q0Bw==
lN3B/hzqXEEq98zRoYp8MClexq1u/T1iXGNLEnfA4tJIB3+WjHn/msCUAGJ7xTTfnMIoDOgyxRdLVJ8FDgNbxKgd0f8riDd4tAE=
DiEu5t/4V/FSkJKPiPCIvHv/yoRKPijJgj4ercZIKV1fHH/C3sS4bVuo1IuzXADO9AzTZ6gpDEiskhCgabsqrsvLxkGnkpg3tQEzujt+tBs=
di1iSMsCE9aCbOiQuivSjnMe0b5aCk5hjozpAadIz262IBjRw9xEBzvYgFJMmCMLAI1stPQmwOyh+Wpysx/2bU/2uAut9SO2M3q0Bw==
+PJG4FCJLyl/iwFHNHYDnEXqcONGZCDrvidD1J6Mc+C6LFl3zja/ZLHmSTydZ6XZzxiIcuQxFeDe78oPlyVxtAo=
OIzdc/1Du9jPblnTCxbXqR5+pMs0R7L0EYwyeT0jNYwJcDSj8Xw82LmgcHh7X/wytXTbAjv037MMeGWMCvoWVf+wFKv4J7Uxe7QA
Org08Q1HP3jm+lbtxLpgQ7WKvQgcJ4rdlnh8k9LzhyTvRs7phYNdXEEw/NPZXCQooaBoCGN/1ML9tBNS01RnI3L/3Rzymr6Ft3BcmxBHrQFjtBg=
W2h6Q4MitxSz/dJaLqiuRUYitMN6E/+0V8Y2eT0jNYwJcDSj8Xw82LmgcHh7X/wytXTbAjv037MNfmWMCvoWVf+wFKv4J7Uxe7QA
93QEyHQT+HSm5q1iNQwEp3WCr629rdY2asLEO5hVU22KUBcQKTbL+Oy3kkROXhOrEahZJngl05tbUCcAOn+/xLJEF2BeZHVnsu47BHXeVcwx70We6xDkwnhJ0cDaN3afe21VtC4=
dNVt+XjMTvZmn6w/LXk8W2CpZqVK99kQpYI1LL6YuBdvA07W1JTAVxElqdcwHIIRoZNZVD0QIJudrICwLSDkkMcPEAqhlO9a10RDW78+kaQWCjoNCxCAU1R3SRlvtBQ=
UKzLEGyFN/5UBek0zrtYO19cu0BwAn+f0HznjX5p6fk/mWQI7V6wiNl+Q0pKwLLvk/P7kVAJbX45rCETTMPDRifUypbomdHCgHW2PkA1UnBrjYRaPIYAGLhmTbwOcJZRXpfzgIgZ+au7HH9ctCU=
z6mikwlotNcdi705zRpi6RbSBEMq86QtedGjrZHsB53Gy8jjSmd1POLi7L/Fdf0P7FzeyXXDDfzRsEwzaRz0CNGgmCgzv2SiTTSD8gOUFwNj/s38wtpuZSfwrDtgh31hU7Qo
YwY8ah5OYfgFSItWBq4GaVcs5q1HRqID3ana6ae7iwslAyu67re6N2FkEVrlQSxtP8y/sn5UOMe9+IhjkkwA+47aEwsQuIz4TMJQUEmuLp6qGwYxBwIYh1VRc0obbrQr
sa7E0ZgqT9q6dXNAya4xLevTvwn8jiZt/svwE3IHXcyqoiRvbRVln3TcRlntY+UsmfCEAwE8DDipoGAYS5+MkgX0S6JrNI+T+35VbFo6xjVvMGRLSGdFEWu0EA==
8xXS6qIKoWYqzd45xasyLgEowIQiY0vNE1OivNDVm/tDYF/A4u8HJPoU/2A2tL0HCn5jRI3uTSz5n+4bg68s4mC56YACpw4/sz19tAY=
XOkOwPhwu/XOkAdhrD21AlQKcIDdzP7BafNBZFXQiAtlDMhANSD84A+vaJoJ1Adqz6QLC0a7KXteKiJ9I9Dow+wXgSl3tAw=
uxEwDnX4Kmtq9pxzphm70xMk0ZNgYBvJHl+2u46ShfJFfBzL4u8HJPoU/2A2tL0HCn5jRI3uTSz5n+4ag68s4mC56YACpw4/sz19tAY=
1IVq3EBJJXxc5xdzMJhUpkXqcONGZCDrvidD1J6Mc+C6LFl3zja/ZLHmSTydZ6PYzxaIcuQxFeDe78oPlyVxtAo=
+2a0Qprpri+qxr/ZjoRsGK+2ly8bjfiwUkwI5biUc/k2WDydF9CvtgZ42JP1BDgHCsCAT2aGQ88o1KzsRP6gdBFi6OoMh5a1/654U50tQ64DYrQf
74BB3dEaweydS1CImu6B0mCqZqVK99kQpYI1LL6YuBdvA07W1JTAVxElqdcwHIIRoZNZVD0QIJudrICwLSDkkMcPEAqhlO9a10RDW784kaoWCjoNCxCAU1R3SRlvtBQ=
CHoZSZolRdKa30ffXps+Cl9cu0BwAn+f0HznjX5p6fk/mmQI7V6wiNl+Q0pKwLLvk/P7kVAJbX45rCETTMPDRifUypbomdHCgHW2PkA1UnBrjYRaPIYAGLhmTbwIcJhRXpfzgIgZ+au7HH9ctCU=
4BSmBF2uulU/8seZFvvMEBbSBEAq86QtedGjrZHsB53GyMjjSmd1POLi7L/Fdf0P7FzeyXXDDfzRsEwzaRz0CNGgmCgzv2SiTTSD8gOUFwNj+M3ywtpuZSfwrDtgh31hU7Qo
phAXpkV7dUQN/MC3Jlb+KVcs5q1HRqID3ana6ae7iAslAyu67re6N2FkEVrlQSxtP8y/sn5UOMe9+IhjkkwA+47aEwsQuIz4TMJQUEmuKJ6kGwYxBwIYh1VRc0obbrQr
xbB6aQhVdhFr2vZm5i134OvTvwn8jiZt/sjwE3IHXcyqoiRvbRVln3TcRlntY+UsmfCEAwE8DDipoGAYS5+MkgX0S6JrNI+T9HhVYlo6xjVvMGRLSGdFEWu0EA==
c4TY+E7wL4UqrHuhCtNtFwEowIQiY0vNE1OivNDVm/tDYF/A4u8HJPoU/2A2tL0HCn5jRI3uTSz5n+ofg64s4mC56YACpw4/sz19tAY=
uTvpPinbtnLxWIrBhBK646+0ly8bjfiwUkwI5biUc/k2WDydF9CvtgZ42JP1BDgHCsCAT2aGQ88o1KzsRP6gdBFt7+oMh5a1/654U50tQ64DYrQf
h2zKSRR4EKLcq9tPF8rRcWCoZqVK99kQpYI1LL6YuBdvA07W1JTAVxElqdcwHIIRoZNZVD0QIJudrICwLSDkkMcPEAqhlO9a10RDW7A/kaoWCjoNCxCAU1R3SRlvtBQ=
MHGb6bGd4iFUX2FXSPLQt19cu0BwAn+f0HznjX5p6fk/mGQI7V6wiNl+Q0pKwLLvk/P7kVAJbX45rCETTMPDRifUypbomdHCgHW2PkA1UnBrjYRaPIYAGLhmTbMPcJhRXpfzgIgZ+au7HH9ctCU=
slqOdILfbSVvm3UeIroxPBbSBEIq86QtedGjrZHsB53GysjjSmd1POLi7L/Fdf0P7FzeyXXDDfzRsEwzaRz0CNGgmCgzv2SiTTSD8gOUFwNs/83ywtpuZSfwrDtgh31hU7Qo
zs3qxw9jqpUfqOoX6HPDK1cs5q1HRqID3ana6ae7igslAyu67re6N2FkEVrlQSxtP8y/sn5UOMe9+IhjkkwA+47aEwsQuIz4TMJQUEmhL56kGwYxBwIYh1VRc0obbrQr
yZQK+XRzygUfA4n4OKTKGuvTvwn8jiZt/srwE3IHXcyqoiRvbRVln3TcRlntY+UsmfCEAwE8DDipoGAYS5+MkgX0S6JrNI+T/X5VYlo6xjVvMGRLSGdFEWu0EA==
w7xjzkzLrpEstTJWOjosOwEowIQiY0vNE1OivNDVm/tDYF/A4u8HJPoU/2A2tL0HCn5jRI3uTSz5n+keg64s4mC56YACpw4/sz19tAY=
wRbTiUaUeiwfuTYhOgICL1QKcIDdzP7BafNBZFXQiAtlDMhANSD84A+vaJoJ1Adqz6QLC0W+KXpeKiJ9I9Dow+wXgSl3tAw=
kphCRP/VLZjT01oCM8kAthMk0ZNgYBvJHl+2u46ShfJFfBzL4u8HJPoU/2A2tL0HCn5jRI3uTSz5n+weg64s4mC56YACpw4/sz19tAY=
adRA1I5RPEMU4GqsIIi4BjRYmbocCRNhhsC8BadIz262IBjRw9xEBzvYgFJMmCMLAI1stPQmwOyh9WpytBj2bU/2uAut9SO2M3q0Bw==
83tJN/yObe/tqPFUVd0opGUljg7JtZjw6+DUN1An0IiPhF0ibeqHXOaW9hGHOA/e1rCYQSNsBPcbyIBCbGhju+Ad7CSUlgCcge5oYpRoNt0vZjibTUVjRhNqtBc=
kYOmpj9TqIdKqzyGc7CNEGCqZpoa78BU9p8/JqmY9BZuHF/d2YWJA0tj45wjBoIRoZNZVD0QOp2dsJixLSDhisEPDBKglO9a10RDW7w/kaIRCjoNCxCAU1R3SRlvtBQ=
NGPxdGxDOZns5Y8pIYMOtm0EnqYvsmIkFmdLEnfA4tJIB3+WjHn/msCUAGJ7xTTfnMIoDOgyxRdPVJgCDgNbxKgd0f8riDd4tAE=
StONXhKWeZgmFnoUKNfp7VQKcIDdzP7BafNBZFXQkg1lENBBNSD5+gmvdIII1Adqz6QLC0e+KXJZKiJ9I9Dow+wXgSl3tAw=
98ltlbFb5FNEZUzKigP+b0XqcONGZCDrpCFDyIaNc+C/Nl930i6+ZLHmSTydZ67ezx6PcuQxFeDe78oPlyVxtAo=
aM2DhY0nuQ0FR5BrLaTJZDNYmbocCRNhhsC8BadIz262IBjRw9xEBzvYgFJMmCMLAI1stPQmwOyh+2tytxj2bU/2uAut9SO2M3q0Bw==
